#
# A fatal error has been detected by the Java Runtime Environment:
#
#  SIGSEGV (0xb) at pc=0x00007fdaf44f1080, pid=3670, tid=140578407319296
#
# JRE version: Java(TM) SE Runtime Environment (7.0_40-b43) (build 1.7.0_40-b43)
# Java VM: Java HotSpot(TM) 64-Bit Server VM (24.0-b56 mixed mode linux-amd64 compressed oops)
# Problematic frame:
# C  [libfreenect.so.0.1+0x8080]
#
# Failed to write core dump. Core dumps have been disabled. To enable core dumping, try "ulimit -c unlimited" before starting Java again
#
# If you would like to submit a bug report, please visit:
#   http://bugreport.sun.com/bugreport/crash.jsp
#

---------------  T H R E A D  ---------------

Current thread is native thread

siginfo:si_signo=SIGSEGV: si_errno=0, si_code=1 (SEGV_MAPERR), si_addr=0x0000000000000ffe

Registers:
RAX=0x0000000000000ffe, RBX=0x00007fdb0c3fb910, RCX=0x000000000000ffff, RDX=0x0000000000000000
RSP=0x00007fdaf607fa78, RBP=0x00007fdaf607fac0, RSI=0x00007fdaf607fab0, RDI=0x00007fdb0c5ab4b5
R8 =0x0000000000067200, R9 =0x00000000000000f2, R10=0xffffffffffffffff, R11=0xffffffffffffffff
R12=0x0000000000000000, R13=0x00007fdb0c3fb968, R14=0x0000000000000000, R15=0x0000000000000001
RIP=0x00007fdaf44f1080, EFLAGS=0x0000000000010202, CSGSFS=0x0000000000000033, ERR=0x0000000000000004
  TRAPNO=0x000000000000000e

Top of Stack: (sp=0x00007fdaf607fa78)
0x00007fdaf607fa78:   00007fdb0c4ca870 00007fdb0c5ab4c0
0x00007fdaf607fa88:   00007fdb0c3f7cb0 0000000200000003
0x00007fdaf607fa98:   0000027c00007200 000000040000015b
0x00007fdaf607faa8:   00007fdb0c3f7e38 07ff07ff07ff07ff
0x00007fdaf607fab8:   07ff07ff07ff07ff 00007fdaf607fb10
0x00007fdaf607fac8:   00007fdaf44ec599 00000000000000f2
0x00007fdaf607fad8:   00007fdb9c0b22c2 000000000001e420
0x00007fdaf607fae8:   000004780c408b60 00007fdb0c5ccd10
0x00007fdaf607faf8:   00007fdb0c3f7cb0 000672000c408bb8
0x00007fdaf607fb08:   00007fdb0c3f4570 00007fdaf607fb60
0x00007fdaf607fb18:   00007fdaf44f04af 0000000000001000
0x00007fdaf607fb28:   00007fdb0c3fb968 0000000000000000
0x00007fdaf607fb38:   0000000bf42deca3 0000000000000000
0x00007fdaf607fb48:   00007fdb0c5ccd10 00007fdb0c3f7ce0
0x00007fdaf607fb58:   00007fdb0c3f4570 00007fdb0c3f45b0
0x00007fdaf607fb68:   00007fdaf42df656 00007fdb0c3f45f8
0x00007fdaf607fb78:   0000000000000003 0000000000000000
0x00007fdaf607fb88:   00007fdaf80015d0 00007fdb0c3fb910
0x00007fdaf607fb98:   00007fdaf42e299b 00007fdaf8018700
0x00007fdaf607fba8:   00007fdb00000000 0000000000000003
0x00007fdaf607fbb8:   00007fdb0c3f45b0 00007fdb0c3fb940
0x00007fdaf607fbc8:   00007fdb0c3f4608 0000000000000000
0x00007fdaf607fbd8:   0000000100000018 0000000000000003
0x00007fdaf607fbe8:   00007fdaf8018700 00007fdb0c3f4668
0x00007fdaf607fbf8:   00007fdb0c3f45b0 00007fdaf80015d0
0x00007fdaf607fc08:   00007fdaf607fc80 0000000000000003
0x00007fdaf607fc18:   0000000000000001 00007fdb0c3f4668
0x00007fdaf607fc28:   00007fdaf42df440 00007fdb0c3f1298
0x00007fdaf607fc38:   00007fdb0c3f4678 0000000000000000
0x00007fdaf607fc48:   00007fdb0c3f45b0 0000000000000000
0x00007fdaf607fc58:   0000000000000000 00007fdaf60809c0
0x00007fdaf607fc68:   00007fdb0c2e30c0 0000000000000003 

Instructions: (pc=0x00007fdaf44f1080)
0x00007fdaf44f1060:   83 45 c0 0b 48 8b 45 e8 48 8b 90 98 00 00 00 8b
0x00007fdaf44f1070:   45 e4 0f b7 44 45 f0 0f b7 c0 48 01 c0 48 01 d0
0x00007fdaf44f1080:   0f b7 00 66 89 45 da 83 45 e4 01 8b 55 e0 89 d0
0x00007fdaf44f1090:   c1 e0 02 01 d0 c1 e0 07 89 c2 8b 45 dc 01 d0 89 

Register to memory mapping:

RAX=0x0000000000000ffe is an unknown value
RBX=0x00007fdb0c3fb910 is an unknown value
RCX=0x000000000000ffff is an unknown value
RDX=0x0000000000000000 is an unknown value
RSP=0x00007fdaf607fa78 is an unknown value
RBP=0x00007fdaf607fac0 is an unknown value
RSI=0x00007fdaf607fab0 is an unknown value
RDI=0x00007fdb0c5ab4b5 is an unknown value
R8 =0x0000000000067200 is an unknown value
R9 =0x00000000000000f2 is an unknown value
R10=0xffffffffffffffff is an unknown value
R11=0xffffffffffffffff is an unknown value
R12=0x0000000000000000 is an unknown value
R13=0x00007fdb0c3fb968 is an unknown value
R14=0x0000000000000000 is an unknown value
R15=0x0000000000000001 is an unknown value


Stack: [0x00007fdaf5880000,0x00007fdaf6081000],  sp=0x00007fdaf607fa78,  free space=8190k
Native frames: (J=compiled Java code, j=interpreted, Vv=VM code, C=native code)
C  [libfreenect.so.0.1+0x8080]
C  [libfreenect.so.0.1+0x3599]
C  [libfreenect.so.0.1+0x74af]


---------------  P R O C E S S  ---------------

VM state:not at safepoint (normal execution)

VM Mutex/Monitor currently owned by a thread: None

Heap
 PSYoungGen      total 33792K, used 3588K [0x00000000ecc80000, 0x00000000f1e00000, 0x0000000100000000)
  eden space 31744K, 10% used [0x00000000ecc80000,0x00000000ecfd9110,0x00000000eeb80000)
  from space 2048K, 7% used [0x00000000eeb80000,0x00000000eeba8000,0x00000000eed80000)
  to   space 22016K, 0% used [0x00000000f0880000,0x00000000f0880000,0x00000000f1e00000)
 ParOldGen       total 79872K, used 39314K [0x00000000c6600000, 0x00000000cb400000, 0x00000000ecc80000)
  object space 79872K, 49% used [0x00000000c6600000,0x00000000c8c64bb0,0x00000000cb400000)
 PSPermGen       total 33792K, used 17077K [0x00000000c1400000, 0x00000000c3500000, 0x00000000c6600000)
  object space 33792K, 50% used [0x00000000c1400000,0x00000000c24ad5f8,0x00000000c3500000)

Card table byte_map: [0x00007fdb41f1e000,0x00007fdb42115000] byte_map_base: 0x00007fdb41914000

Polling page: 0x00007fdb45b7e000

Code Cache  [0x00007fdb39000000, 0x00007fdb39270000, 0x00007fdb3c000000)
 total_blobs=1249 nmethods=402 adapters=809 free_code_cache=47548Kb largest_free_block=48650496

Compilation events (10 events):
Event: 1282.289 Thread 0x00007fdb3c0a0800  399             jogamp.opengl.GLDrawableImpl::isRealized (5 bytes)
Event: 1282.290 Thread 0x00007fdb3c0a0800 nmethod 399 0x00007fdb39180c50 code [0x00007fdb39180d80, 0x00007fdb39180dd8]
Event: 1282.701 Thread 0x00007fdb3c0a0800  400             processing.core.PApplet::handleMethods (21 bytes)
Event: 1282.770 Thread 0x00007fdb3c0a0800 nmethod 400 0x00007fdb391865d0 code [0x00007fdb39186760, 0x00007fdb39186c88]
Event: 1283.222 Thread 0x00007fdb3c0a3800  401             processing.opengl.PJOGL::clear (11 bytes)
Event: 1283.235 Thread 0x00007fdb3c0a0800  402             jogamp.opengl.gl4.GL4bcImpl::glClear (49 bytes)
Event: 1283.246 Thread 0x00007fdb3c0a0800 nmethod 402 0x00007fdb39180550 code [0x00007fdb391806e0, 0x00007fdb39180948]
Event: 1283.252 Thread 0x00007fdb3c0a3800 nmethod 401 0x00007fdb39185dd0 code [0x00007fdb39185f80, 0x00007fdb39186268]
Event: 1286.394 Thread 0x00007fdb3c0a0800  404             java.lang.ThreadLocal::get (34 bytes)
Event: 1286.409 Thread 0x00007fdb3c0a0800 nmethod 404 0x00007fdb391988d0 code [0x00007fdb39198a20, 0x00007fdb39198bf8]

GC Heap History (10 events):
Event: 7.611 GC heap before
{Heap before GC invocations=2 (full 0):
 PSYoungGen      total 17920K, used 17907K [0x00000000ecc80000, 0x00000000ee000000, 0x0000000100000000)
  eden space 15872K, 100% used [0x00000000ecc80000,0x00000000edc00000,0x00000000edc00000)
  from space 2048K, 99% used [0x00000000edc00000,0x00000000eddfcdc0,0x00000000ede00000)
  to   space 2048K, 0% used [0x00000000ede00000,0x00000000ede00000,0x00000000ee000000)
 ParOldGen       total 38912K, used 750K [0x00000000c6600000, 0x00000000c8c00000, 0x00000000ecc80000)
  object space 38912K, 1% used [0x00000000c6600000,0x00000000c66bb9a0,0x00000000c8c00000)
 PSPermGen       total 21504K, used 15800K [0x00000000c1400000, 0x00000000c2900000, 0x00000000c6600000)
  object space 21504K, 73% used [0x00000000c1400000,0x00000000c236e0f8,0x00000000c2900000)
Event: 7.650 GC heap after
Heap after GC invocations=2 (full 0):
 PSYoungGen      total 17920K, used 2018K [0x00000000ecc80000, 0x00000000eef80000, 0x0000000100000000)
  eden space 15872K, 0% used [0x00000000ecc80000,0x00000000ecc80000,0x00000000edc00000)
  from space 2048K, 98% used [0x00000000ede00000,0x00000000edff8870,0x00000000ee000000)
  to   space 2048K, 0% used [0x00000000edc00000,0x00000000edc00000,0x00000000ede00000)
 ParOldGen       total 38912K, used 6456K [0x00000000c6600000, 0x00000000c8c00000, 0x00000000ecc80000)
  object space 38912K, 16% used [0x00000000c6600000,0x00000000c6c4e108,0x00000000c8c00000)
 PSPermGen       total 21504K, used 15800K [0x00000000c1400000, 0x00000000c2900000, 0x00000000c6600000)
  object space 21504K, 73% used [0x00000000c1400000,0x00000000c236e0f8,0x00000000c2900000)
}
Event: 10.280 GC heap before
{Heap before GC invocations=3 (full 0):
 PSYoungGen      total 17920K, used 17890K [0x00000000ecc80000, 0x00000000eef80000, 0x0000000100000000)
  eden space 15872K, 100% used [0x00000000ecc80000,0x00000000edc00000,0x00000000edc00000)
  from space 2048K, 98% used [0x00000000ede00000,0x00000000edff8870,0x00000000ee000000)
  to   space 2048K, 0% used [0x00000000edc00000,0x00000000edc00000,0x00000000ede00000)
 ParOldGen       total 38912K, used 6456K [0x00000000c6600000, 0x00000000c8c00000, 0x00000000ecc80000)
  object space 38912K, 16% used [0x00000000c6600000,0x00000000c6c4e108,0x00000000c8c00000)
 PSPermGen       total 21504K, used 16569K [0x00000000c1400000, 0x00000000c2900000, 0x00000000c6600000)
  object space 21504K, 77% used [0x00000000c1400000,0x00000000c242e6d8,0x00000000c2900000)
Event: 10.363 GC heap after
Heap after GC invocations=3 (full 0):
 PSYoungGen      total 17920K, used 2032K [0x00000000ecc80000, 0x00000000eef80000, 0x0000000100000000)
  eden space 15872K, 0% used [0x00000000ecc80000,0x00000000ecc80000,0x00000000edc00000)
  from space 2048K, 99% used [0x00000000edc00000,0x00000000eddfc050,0x00000000ede00000)
  to   space 2048K, 0% used [0x00000000eed80000,0x00000000eed80000,0x00000000eef80000)
 ParOldGen       total 38912K, used 21173K [0x00000000c6600000, 0x00000000c8c00000, 0x00000000ecc80000)
  object space 38912K, 54% used [0x00000000c6600000,0x00000000c7aad740,0x00000000c8c00000)
 PSPermGen       total 21504K, used 16569K [0x00000000c1400000, 0x00000000c2900000, 0x00000000c6600000)
  object space 21504K, 77% used [0x00000000c1400000,0x00000000c242e6d8,0x00000000c2900000)
}
Event: 21.088 GC heap before
{Heap before GC invocations=4 (full 0):
 PSYoungGen      total 17920K, used 16325K [0x00000000ecc80000, 0x00000000eef80000, 0x0000000100000000)
  eden space 15872K, 90% used [0x00000000ecc80000,0x00000000eda755a0,0x00000000edc00000)
  from space 2048K, 99% used [0x00000000edc00000,0x00000000eddfc050,0x00000000ede00000)
  to   space 2048K, 0% used [0x00000000eed80000,0x00000000eed80000,0x00000000eef80000)
 ParOldGen       total 38912K, used 21173K [0x00000000c6600000, 0x00000000c8c00000, 0x00000000ecc80000)
  object space 38912K, 54% used [0x00000000c6600000,0x00000000c7aad740,0x00000000c8c00000)
 PSPermGen       total 21504K, used 16724K [0x00000000c1400000, 0x00000000c2900000, 0x00000000c6600000)
  object space 21504K, 77% used [0x00000000c1400000,0x00000000c24550b0,0x00000000c2900000)
Event: 21.149 GC heap after
Heap after GC invocations=4 (full 0):
 PSYoungGen      total 33792K, used 2032K [0x00000000ecc80000, 0x00000000eef80000, 0x0000000100000000)
  eden space 31744K, 0% used [0x00000000ecc80000,0x00000000ecc80000,0x00000000eeb80000)
  from space 2048K, 99% used [0x00000000eed80000,0x00000000eef7c030,0x00000000eef80000)
  to   space 2048K, 0% used [0x00000000eeb80000,0x00000000eeb80000,0x00000000eed80000)
 ParOldGen       total 38912K, used 33563K [0x00000000c6600000, 0x00000000c8c00000, 0x00000000ecc80000)
  object space 38912K, 86% used [0x00000000c6600000,0x00000000c86c6fc0,0x00000000c8c00000)
 PSPermGen       total 21504K, used 16724K [0x00000000c1400000, 0x00000000c2900000, 0x00000000c6600000)
  object space 21504K, 77% used [0x00000000c1400000,0x00000000c24550b0,0x00000000c2900000)
}
Event: 21.149 GC heap before
{Heap before GC invocations=5 (full 1):
 PSYoungGen      total 33792K, used 2032K [0x00000000ecc80000, 0x00000000eef80000, 0x0000000100000000)
  eden space 31744K, 0% used [0x00000000ecc80000,0x00000000ecc80000,0x00000000eeb80000)
  from space 2048K, 99% used [0x00000000eed80000,0x00000000eef7c030,0x00000000eef80000)
  to   space 2048K, 0% used [0x00000000eeb80000,0x00000000eeb80000,0x00000000eed80000)
 ParOldGen       total 38912K, used 33563K [0x00000000c6600000, 0x00000000c8c00000, 0x00000000ecc80000)
  object space 38912K, 86% used [0x00000000c6600000,0x00000000c86c6fc0,0x00000000c8c00000)
 PSPermGen       total 21504K, used 16724K [0x00000000c1400000, 0x00000000c2900000, 0x00000000c6600000)
  object space 21504K, 77% used [0x00000000c1400000,0x00000000c24550b0,0x00000000c2900000)
Event: 21.975 GC heap after
Heap after GC invocations=5 (full 1):
 PSYoungGen      total 33792K, used 0K [0x00000000ecc80000, 0x00000000eef80000, 0x0000000100000000)
  eden space 31744K, 0% used [0x00000000ecc80000,0x00000000ecc80000,0x00000000eeb80000)
  from space 2048K, 0% used [0x00000000eed80000,0x00000000eed80000,0x00000000eef80000)
  to   space 2048K, 0% used [0x00000000eeb80000,0x00000000eeb80000,0x00000000eed80000)
 ParOldGen       total 79872K, used 33170K [0x00000000c6600000, 0x00000000cb400000, 0x00000000ecc80000)
  object space 79872K, 41% used [0x00000000c6600000,0x00000000c8664b90,0x00000000cb400000)
 PSPermGen       total 33792K, used 16719K [0x00000000c1400000, 0x00000000c3500000, 0x00000000c6600000)
  object space 33792K, 49% used [0x00000000c1400000,0x00000000c2453f78,0x00000000c3500000)
}
Event: 1160.975 GC heap before
{Heap before GC invocations=6 (full 1):
 PSYoungGen      total 33792K, used 31744K [0x00000000ecc80000, 0x00000000eef80000, 0x0000000100000000)
  eden space 31744K, 100% used [0x00000000ecc80000,0x00000000eeb80000,0x00000000eeb80000)
  from space 2048K, 0% used [0x00000000eed80000,0x00000000eed80000,0x00000000eef80000)
  to   space 2048K, 0% used [0x00000000eeb80000,0x00000000eeb80000,0x00000000eed80000)
 ParOldGen       total 79872K, used 33170K [0x00000000c6600000, 0x00000000cb400000, 0x00000000ecc80000)
  object space 79872K, 41% used [0x00000000c6600000,0x00000000c8664b90,0x00000000cb400000)
 PSPermGen       total 33792K, used 17012K [0x00000000c1400000, 0x00000000c3500000, 0x00000000c6600000)
  object space 33792K, 50% used [0x00000000c1400000,0x00000000c249d3c8,0x00000000c3500000)
Event: 1161.005 GC heap after
Heap after GC invocations=6 (full 1):
 PSYoungGen      total 33792K, used 160K [0x00000000ecc80000, 0x00000000f1e00000, 0x0000000100000000)
  eden space 31744K, 0% used [0x00000000ecc80000,0x00000000ecc80000,0x00000000eeb80000)
  from space 2048K, 7% used [0x00000000eeb80000,0x00000000eeba8000,0x00000000eed80000)
  to   space 22016K, 0% used [0x00000000f0880000,0x00000000f0880000,0x00000000f1e00000)
 ParOldGen       total 79872K, used 39314K [0x00000000c6600000, 0x00000000cb400000, 0x00000000ecc80000)
  object space 79872K, 49% used [0x00000000c6600000,0x00000000c8c64bb0,0x00000000cb400000)
 PSPermGen       total 33792K, used 17012K [0x00000000c1400000, 0x00000000c3500000, 0x00000000c6600000)
  object space 33792K, 50% used [0x00000000c1400000,0x00000000c249d3c8,0x00000000c3500000)
}

Deoptimization events (10 events):
Event: 1065.996 Thread 0x00007fdb3c26c000 Uncommon trap: reason=array_check action=maybe_recompile pc=0x00007fdb39168db0 method=java.util.Arrays.fill([Ljava/lang/Object;IILjava/lang/Object;)V @ 20
Event: 1310.967 Thread 0x00007fdb3c280000 Uncommon trap: reason=class_check action=maybe_recompile pc=0x00007fdb3914c318 method=jogamp.common.util.locks.RecursiveLockImpl01Unfairish.tryLock(J)Z @ 75
Event: 1310.971 Thread 0x00007fdb08370800 Uncommon trap: reason=class_check action=maybe_recompile pc=0x00007fdb39172e98 method=jogamp.opengl.GLDrawableImpl.getHandle()J @ 4
Event: 1310.971 Thread 0x00007fdb08370800 Uncommon trap: reason=class_check action=maybe_recompile pc=0x00007fdb39172e98 method=jogamp.opengl.GLDrawableImpl.getHandle()J @ 4
Event: 1310.971 Thread 0x00007fdb08370800 Uncommon trap: reason=class_check action=maybe_recompile pc=0x00007fdb39172e98 method=jogamp.opengl.GLDrawableImpl.getHandle()J @ 4
Event: 1310.980 Thread 0x00007fdb3c280000 Uncommon trap: reason=class_check action=maybe_recompile pc=0x00007fdb39181a98 method=java.util.HashMap.put(Ljava/lang/Object;Ljava/lang/Object;)Ljava/lang/Object; @ 83
Event: 1311.005 Thread 0x00007fdb3c280000 Uncommon trap: reason=class_check action=maybe_recompile pc=0x00007fdb3914e36c method=jogamp.common.util.locks.RecursiveLockImpl01Unfairish.unlock()V @ 9
Event: 1311.005 Thread 0x00007fdb3c280000 Uncommon trap: reason=class_check action=maybe_recompile pc=0x00007fdb3914f84c method=jogamp.common.util.locks.RecursiveLockImpl01Unfairish.validateLocked()V @ 14
Event: 1311.005 Thread 0x00007fdb3c280000 Uncommon trap: reason=unreached action=reinterpret pc=0x00007fdb39186b80 method=processing.core.PApplet.handleMethods(Ljava/lang/String;)V @ 13
Event: 1311.005 Thread 0x00007fdb3c280000 Uncommon trap: reason=unreached action=reinterpret pc=0x00007fdb39148318 method=java.lang.reflect.Method.invoke(Ljava/lang/Object;[Ljava/lang/Object;)Ljava/lang/Object; @ 46

Internal exceptions (10 events):
Event: 1309.717 Thread 0x00007fdb3c26c000 Threw 0x00000000ecf4e758 at /HUDSON/workspace/jdk7u40-2-build-linux-amd64-product/jdk7u40/hotspot/src/share/vm/interpreter/linkResolver.cpp:883
Event: 1309.919 Thread 0x00007fdb3c26c000 Threw 0x00000000ecf4f5f8 at /HUDSON/workspace/jdk7u40-2-build-linux-amd64-product/jdk7u40/hotspot/src/share/vm/interpreter/linkResolver.cpp:883
Event: 1310.119 Thread 0x00007fdb3c26c000 Threw 0x00000000ecf50498 at /HUDSON/workspace/jdk7u40-2-build-linux-amd64-product/jdk7u40/hotspot/src/share/vm/interpreter/linkResolver.cpp:883
Event: 1310.337 Thread 0x00007fdb3c26c000 Threw 0x00000000ecf51338 at /HUDSON/workspace/jdk7u40-2-build-linux-amd64-product/jdk7u40/hotspot/src/share/vm/interpreter/linkResolver.cpp:883
Event: 1310.551 Thread 0x00007fdb3c26c000 Threw 0x00000000ecf52a40 at /HUDSON/workspace/jdk7u40-2-build-linux-amd64-product/jdk7u40/hotspot/src/share/vm/interpreter/linkResolver.cpp:883
Event: 1310.767 Thread 0x00007fdb3c26c000 Threw 0x00000000ecf53d90 at /HUDSON/workspace/jdk7u40-2-build-linux-amd64-product/jdk7u40/hotspot/src/share/vm/interpreter/linkResolver.cpp:883
Event: 1310.981 Thread 0x00007fdb3c280000 Threw 0x00000000ece1f4d8 at /HUDSON/workspace/jdk7u40-2-build-linux-amd64-product/jdk7u40/hotspot/src/share/vm/prims/jvm.cpp:1244
Event: 1310.985 Thread 0x00007fdb3c280000 Threw 0x00000000ecfc3208 at /HUDSON/workspace/jdk7u40-2-build-linux-amd64-product/jdk7u40/hotspot/src/share/vm/prims/jvm.cpp:1244
Event: 1310.988 Thread 0x00007fdb3c280000 Threw 0x00000000ecfc80b8 at /HUDSON/workspace/jdk7u40-2-build-linux-amd64-product/jdk7u40/hotspot/src/share/vm/prims/jvm.cpp:1244
Event: 1311.005 Thread 0x00007fdb3c280000 Implicit null exception at 0x00007fdb39148222 to 0x00007fdb3914830d

Events (10 events):
Event: 1311.005 Thread 0x00007fdb3c280000 DEOPT UNPACKING pc=0x00007fdb39039045 sp=0x00007fdb34fd44d0 mode 2
Event: 1311.005 Thread 0x00007fdb3c280000 Uncommon trap: trap_request=0xffffffde fr.pc=0x00007fdb3914f84c
Event: 1311.005 Thread 0x00007fdb3c280000 DEOPT PACKING pc=0x00007fdb3914f84c sp=0x00007fdb34fd43e0
Event: 1311.005 Thread 0x00007fdb3c280000 DEOPT UNPACKING pc=0x00007fdb39039045 sp=0x00007fdb34fd4330 mode 2
Event: 1311.005 Thread 0x00007fdb3c280000 Uncommon trap: trap_request=0xffffffad fr.pc=0x00007fdb39186b80
Event: 1311.005 Thread 0x00007fdb3c280000 DEOPT PACKING pc=0x00007fdb39186b80 sp=0x00007fdb34fd45f0
Event: 1311.005 Thread 0x00007fdb3c280000 DEOPT UNPACKING pc=0x00007fdb39039045 sp=0x00007fdb34fd45f0 mode 2
Event: 1311.005 Thread 0x00007fdb3c280000 Uncommon trap: trap_request=0xffffffad fr.pc=0x00007fdb39148318
Event: 1311.005 Thread 0x00007fdb3c280000 DEOPT PACKING pc=0x00007fdb39148318 sp=0x00007fdb34fd44c0
Event: 1311.005 Thread 0x00007fdb3c280000 DEOPT UNPACKING pc=0x00007fdb39039045 sp=0x00007fdb34fd44a0 mode 2


Dynamic libraries:
00400000-00401000 r-xp 00000000 08:05 2773002                            /usr/local/processing-2.1.1/java/bin/java
00600000-00601000 rw-p 00000000 08:05 2773002                            /usr/local/processing-2.1.1/java/bin/java
0181c000-028bf000 rw-p 00000000 00:00 0                                  [heap]
c1400000-c3500000 rw-p 00000000 00:00 0 
c3500000-c6600000 rw-p 00000000 00:00 0 
c6600000-cb400000 rw-p 00000000 00:00 0 
cb400000-ecc80000 rw-p 00000000 00:00 0 
ecc80000-f1e00000 rw-p 00000000 00:00 0 
f1e00000-100000000 rw-p 00000000 00:00 0 
7fdacc000000-7fdacc8df000 rw-p 00000000 00:00 0 
7fdacc8df000-7fdad0000000 ---p 00000000 00:00 0 
7fdad4000000-7fdad7e36000 rw-p 00000000 00:00 0 
7fdad7e36000-7fdad8000000 ---p 00000000 00:00 0 
7fdad8000000-7fdadbed7000 rw-p 00000000 00:00 0 
7fdadbed7000-7fdadc000000 ---p 00000000 00:00 0 
7fdadc000000-7fdadff7b000 rw-p 00000000 00:00 0 
7fdadff7b000-7fdae0000000 ---p 00000000 00:00 0 
7fdae0000000-7fdae3f04000 rw-p 00000000 00:00 0 
7fdae3f04000-7fdae4000000 ---p 00000000 00:00 0 
7fdae4000000-7fdae7fe4000 rw-p 00000000 00:00 0 
7fdae7fe4000-7fdae8000000 ---p 00000000 00:00 0 
7fdaea1ac000-7fdaea1ad000 rw-s 11439f000 00:05 6695                      /dev/dri/card0
7fdaea1ad000-7fdaea1ae000 rw-s 11439e000 00:05 6695                      /dev/dri/card0
7fdaea1ae000-7fdaea1af000 rw-s 11439d000 00:05 6695                      /dev/dri/card0
7fdaea4b0000-7fdaea7b1000 rw-p 00000000 00:00 0 
7fdaea7b1000-7fdaea7b2000 ---p 00000000 00:00 0 
7fdaea7b2000-7fdaf1808000 rw-p 00000000 00:00 0 
7fdaf2882000-7fdaf2883000 ---p 00000000 00:00 0 
7fdaf2883000-7fdaf3083000 rw-p 00000000 00:00 0 
7fdaf3408000-7fdaf3409000 ---p 00000000 00:00 0 
7fdaf3409000-7fdaf3c09000 rw-p 00000000 00:00 0 
7fdaf3e62000-7fdaf3eac000 r-xp 00000000 08:03 23704                      /media/Data/processing/libraries/SimpleOpenNI/library/linux64/OpenNI2/Drivers/libOniFile.so
7fdaf3eac000-7fdaf40ab000 ---p 0004a000 08:03 23704                      /media/Data/processing/libraries/SimpleOpenNI/library/linux64/OpenNI2/Drivers/libOniFile.so
7fdaf40ab000-7fdaf40ad000 r--p 00049000 08:03 23704                      /media/Data/processing/libraries/SimpleOpenNI/library/linux64/OpenNI2/Drivers/libOniFile.so
7fdaf40ad000-7fdaf40ae000 rw-p 0004b000 08:03 23704                      /media/Data/processing/libraries/SimpleOpenNI/library/linux64/OpenNI2/Drivers/libOniFile.so
7fdaf40ae000-7fdaf40ce000 rw-p 00000000 00:00 0 
7fdaf40ce000-7fdaf40d9000 r-xp 00000000 08:03 23705                      /media/Data/processing/libraries/SimpleOpenNI/library/linux64/OpenNI2/Drivers/libfreenect.so
7fdaf40d9000-7fdaf42d8000 ---p 0000b000 08:03 23705                      /media/Data/processing/libraries/SimpleOpenNI/library/linux64/OpenNI2/Drivers/libfreenect.so
7fdaf42d8000-7fdaf42d9000 r--p 0000a000 08:03 23705                      /media/Data/processing/libraries/SimpleOpenNI/library/linux64/OpenNI2/Drivers/libfreenect.so
7fdaf42d9000-7fdaf42da000 rw-p 0000b000 08:03 23705                      /media/Data/processing/libraries/SimpleOpenNI/library/linux64/OpenNI2/Drivers/libfreenect.so
7fdaf42da000-7fdaf42e8000 r-xp 00000000 08:05 1052466                    /lib/x86_64-linux-gnu/libusb-1.0.so.0.1.0
7fdaf42e8000-7fdaf44e7000 ---p 0000e000 08:05 1052466                    /lib/x86_64-linux-gnu/libusb-1.0.so.0.1.0
7fdaf44e7000-7fdaf44e8000 r--p 0000d000 08:05 1052466                    /lib/x86_64-linux-gnu/libusb-1.0.so.0.1.0
7fdaf44e8000-7fdaf44e9000 rw-p 0000e000 08:05 1052466                    /lib/x86_64-linux-gnu/libusb-1.0.so.0.1.0
7fdaf44e9000-7fdaf44f4000 r-xp 00000000 08:03 23702                      /media/Data/processing/libraries/SimpleOpenNI/library/linux64/OpenNI2/Drivers/libfreenect.so.0.1
7fdaf44f4000-7fdaf46f3000 ---p 0000b000 08:03 23702                      /media/Data/processing/libraries/SimpleOpenNI/library/linux64/OpenNI2/Drivers/libfreenect.so.0.1
7fdaf46f3000-7fdaf46f4000 r--p 0000a000 08:03 23702                      /media/Data/processing/libraries/SimpleOpenNI/library/linux64/OpenNI2/Drivers/libfreenect.so.0.1
7fdaf46f4000-7fdaf46f5000 rw-p 0000b000 08:03 23702                      /media/Data/processing/libraries/SimpleOpenNI/library/linux64/OpenNI2/Drivers/libfreenect.so.0.1
7fdaf46f5000-7fdaf470c000 r-xp 00000000 08:03 23703                      /media/Data/processing/libraries/SimpleOpenNI/library/linux64/OpenNI2/Drivers/libFreenectDriver.so
7fdaf470c000-7fdaf490c000 ---p 00017000 08:03 23703                      /media/Data/processing/libraries/SimpleOpenNI/library/linux64/OpenNI2/Drivers/libFreenectDriver.so
7fdaf490c000-7fdaf490d000 r--p 00017000 08:03 23703                      /media/Data/processing/libraries/SimpleOpenNI/library/linux64/OpenNI2/Drivers/libFreenectDriver.so
7fdaf490d000-7fdaf490e000 rw-p 00018000 08:03 23703                      /media/Data/processing/libraries/SimpleOpenNI/library/linux64/OpenNI2/Drivers/libFreenectDriver.so
7fdaf490e000-7fdaf4912000 rw-p 0001f000 08:03 23703                      /media/Data/processing/libraries/SimpleOpenNI/library/linux64/OpenNI2/Drivers/libFreenectDriver.so
7fdaf4912000-7fdaf4928000 r-xp 00000000 08:03 23708                      /media/Data/processing/libraries/SimpleOpenNI/library/linux64/OpenNI2/Drivers/libDummyDevice.so
7fdaf4928000-7fdaf4b28000 ---p 00016000 08:03 23708                      /media/Data/processing/libraries/SimpleOpenNI/library/linux64/OpenNI2/Drivers/libDummyDevice.so
7fdaf4b28000-7fdaf4b29000 r--p 00016000 08:03 23708                      /media/Data/processing/libraries/SimpleOpenNI/library/linux64/OpenNI2/Drivers/libDummyDevice.so
7fdaf4b29000-7fdaf4b2a000 rw-p 00017000 08:03 23708                      /media/Data/processing/libraries/SimpleOpenNI/library/linux64/OpenNI2/Drivers/libDummyDevice.so
7fdaf4b2a000-7fdaf4b2d000 r-xp 00000000 08:05 977001                     /usr/local/lib/libboost_system.so.1.54.0
7fdaf4b2d000-7fdaf4d2c000 ---p 00003000 08:05 977001                     /usr/local/lib/libboost_system.so.1.54.0
7fdaf4d2c000-7fdaf4d2d000 r--p 00002000 08:05 977001                     /usr/local/lib/libboost_system.so.1.54.0
7fdaf4d2d000-7fdaf4d2e000 rw-p 00003000 08:05 977001                     /usr/local/lib/libboost_system.so.1.54.0
7fdaf4d2e000-7fdaf51d5000 r-xp 00000000 08:03 23711                      /media/Data/processing/libraries/SimpleOpenNI/library/linux64/libNiTE2.so
7fdaf51d5000-7fdaf53d4000 ---p 004a7000 08:03 23711                      /media/Data/processing/libraries/SimpleOpenNI/library/linux64/libNiTE2.so
7fdaf53d4000-7fdaf53e0000 r--p 004a6000 08:03 23711                      /media/Data/processing/libraries/SimpleOpenNI/library/linux64/libNiTE2.so
7fdaf53e0000-7fdaf53e2000 rw-p 004b2000 08:03 23711                      /media/Data/processing/libraries/SimpleOpenNI/library/linux64/libNiTE2.so
7fdaf53e2000-7fdaf53ea000 rw-p 00000000 00:00 0 
7fdaf53ea000-7fdaf5442000 r-xp 00000000 08:03 23717                      /media/Data/processing/libraries/SimpleOpenNI/library/linux64/libOpenNI2.so
7fdaf5442000-7fdaf5642000 ---p 00058000 08:03 23717                      /media/Data/processing/libraries/SimpleOpenNI/library/linux64/libOpenNI2.so
7fdaf5642000-7fdaf5644000 r--p 00058000 08:03 23717                      /media/Data/processing/libraries/SimpleOpenNI/library/linux64/libOpenNI2.so
7fdaf5644000-7fdaf5645000 rw-p 0005a000 08:03 23717                      /media/Data/processing/libraries/SimpleOpenNI/library/linux64/libOpenNI2.so
7fdaf5645000-7fdaf5666000 rw-p 00000000 00:00 0 
7fdaf5666000-7fdaf567e000 r-xp 00000000 08:03 23713                      /media/Data/processing/libraries/SimpleOpenNI/library/linux64/libboost_thread.so.1.54.0
7fdaf567e000-7fdaf587d000 ---p 00018000 08:03 23713                      /media/Data/processing/libraries/SimpleOpenNI/library/linux64/libboost_thread.so.1.54.0
7fdaf587d000-7fdaf587f000 r--p 00017000 08:03 23713                      /media/Data/processing/libraries/SimpleOpenNI/library/linux64/libboost_thread.so.1.54.0
7fdaf587f000-7fdaf5880000 rw-p 00019000 08:03 23713                      /media/Data/processing/libraries/SimpleOpenNI/library/linux64/libboost_thread.so.1.54.0
7fdaf5880000-7fdaf5881000 ---p 00000000 00:00 0 
7fdaf5881000-7fdaf6081000 rw-p 00000000 00:00 0 
7fdaf6083000-7fdaf6084000 ---p 00000000 00:00 0 
7fdaf6084000-7fdaf6884000 rw-p 00000000 00:00 0 
7fdaf6884000-7fdaf7b5f000 r-xp 00000000 08:05 663148                     /usr/lib/x86_64-linux-gnu/libLLVM-3.0.so.1
7fdaf7b5f000-7fdaf7d5f000 ---p 012db000 08:05 663148                     /usr/lib/x86_64-linux-gnu/libLLVM-3.0.so.1
7fdaf7d5f000-7fdaf7ed8000 r--p 012db000 08:05 663148                     /usr/lib/x86_64-linux-gnu/libLLVM-3.0.so.1
7fdaf7ed8000-7fdaf7fec000 rw-p 01454000 08:05 663148                     /usr/lib/x86_64-linux-gnu/libLLVM-3.0.so.1
7fdaf7fec000-7fdaf8000000 rw-p 00000000 00:00 0 
7fdaf8000000-7fdaf82a1000 rw-p 00000000 00:00 0 
7fdaf82a1000-7fdafc000000 ---p 00000000 00:00 0 
7fdafc004000-7fdafc04a000 r-xp 00000000 08:03 18794                      /media/Data/processing/libraries/SimpleOpenNI/library/libSimpleOpenNI64.so
7fdafc04a000-7fdafc249000 ---p 00046000 08:03 18794                      /media/Data/processing/libraries/SimpleOpenNI/library/libSimpleOpenNI64.so
7fdafc249000-7fdafc24b000 r--p 00045000 08:03 18794                      /media/Data/processing/libraries/SimpleOpenNI/library/libSimpleOpenNI64.so
7fdafc24b000-7fdafc24d000 rw-p 00047000 08:03 18794                      /media/Data/processing/libraries/SimpleOpenNI/library/libSimpleOpenNI64.so
7fdafc34d000-7fdafc44d000 rw-s 112a62000 00:05 6695                      /dev/dri/card0
7fdafc44d000-7fdafc44e000 ---p 00000000 00:00 0 
7fdafc44e000-7fdafcc4e000 rw-p 00000000 00:00 0 
7fdafcc4e000-7fdafcc55000 r-xp 00000000 08:05 663379                     /usr/lib/x86_64-linux-gnu/libffi.so.6.0.0
7fdafcc55000-7fdafce54000 ---p 00007000 08:05 663379                     /usr/lib/x86_64-linux-gnu/libffi.so.6.0.0
7fdafce54000-7fdafce55000 r--p 00006000 08:05 663379                     /usr/lib/x86_64-linux-gnu/libffi.so.6.0.0
7fdafce55000-7fdafce56000 rw-p 00007000 08:05 663379                     /usr/lib/x86_64-linux-gnu/libffi.so.6.0.0
7fdafce56000-7fdafcf38000 r-xp 00000000 08:05 663721                     /usr/lib/x86_64-linux-gnu/libstdc++.so.6.0.16
7fdafcf38000-7fdafd137000 ---p 000e2000 08:05 663721                     /usr/lib/x86_64-linux-gnu/libstdc++.so.6.0.16
7fdafd137000-7fdafd13f000 r--p 000e1000 08:05 663721                     /usr/lib/x86_64-linux-gnu/libstdc++.so.6.0.16
7fdafd13f000-7fdafd141000 rw-p 000e9000 08:05 663721                     /usr/lib/x86_64-linux-gnu/libstdc++.so.6.0.16
7fdafd141000-7fdafd156000 rw-p 00000000 00:00 0 
7fdafd156000-7fdafd16b000 r-xp 00000000 08:05 1052384                    /lib/x86_64-linux-gnu/libgcc_s.so.1
7fdafd16b000-7fdafd36a000 ---p 00015000 08:05 1052384                    /lib/x86_64-linux-gnu/libgcc_s.so.1
7fdafd36a000-7fdafd36b000 r--p 00014000 08:05 1052384                    /lib/x86_64-linux-gnu/libgcc_s.so.1
7fdafd36b000-7fdafd36c000 rw-p 00015000 08:05 1052384                    /lib/x86_64-linux-gnu/libgcc_s.so.1
7fdafd36c000-7fdafd547000 r-xp 00000000 08:05 919175                     /usr/lib/x86_64-linux-gnu/dri/libgallium.so
7fdafd547000-7fdafd747000 ---p 001db000 08:05 919175                     /usr/lib/x86_64-linux-gnu/dri/libgallium.so
7fdafd747000-7fdafd756000 r--p 001db000 08:05 919175                     /usr/lib/x86_64-linux-gnu/dri/libgallium.so
7fdafd756000-7fdafd758000 rw-p 001ea000 08:05 919175                     /usr/lib/x86_64-linux-gnu/dri/libgallium.so
7fdafd758000-7fdafd920000 rw-p 00000000 00:00 0 
7fdafd920000-7fdafd947000 r-xp 00000000 08:05 1062541                    /lib/x86_64-linux-gnu/libexpat.so.1.5.2
7fdafd947000-7fdafdb47000 ---p 00027000 08:05 1062541                    /lib/x86_64-linux-gnu/libexpat.so.1.5.2
7fdafdb47000-7fdafdb49000 r--p 00027000 08:05 1062541                    /lib/x86_64-linux-gnu/libexpat.so.1.5.2
7fdafdb49000-7fdafdb4a000 rw-p 00029000 08:05 1062541                    /lib/x86_64-linux-gnu/libexpat.so.1.5.2
7fdafdb4a000-7fdafdc70000 r-xp 00000000 08:05 919168                     /usr/lib/x86_64-linux-gnu/dri/libglsl.so
7fdafdc70000-7fdafde6f000 ---p 00126000 08:05 919168                     /usr/lib/x86_64-linux-gnu/dri/libglsl.so
7fdafde6f000-7fdafde78000 r--p 00125000 08:05 919168                     /usr/lib/x86_64-linux-gnu/dri/libglsl.so
7fdafde78000-7fdafde7b000 rw-p 0012e000 08:05 919168                     /usr/lib/x86_64-linux-gnu/dri/libglsl.so
7fdafde7b000-7fdafde7c000 rw-p 00000000 00:00 0 
7fdafde7c000-7fdafe0bb000 r-xp 00000000 08:05 919169                     /usr/lib/x86_64-linux-gnu/dri/libdricore.so
7fdafe0bb000-7fdafe2bb000 ---p 0023f000 08:05 919169                     /usr/lib/x86_64-linux-gnu/dri/libdricore.so
7fdafe2bb000-7fdafe2c5000 r--p 0023f000 08:05 919169                     /usr/lib/x86_64-linux-gnu/dri/libdricore.so
7fdafe2c5000-7fdafe2c8000 rw-p 00249000 08:05 919169                     /usr/lib/x86_64-linux-gnu/dri/libdricore.so
7fdafe2c8000-7fdafe2de000 rw-p 00000000 00:00 0 
7fdafe2de000-7fdafe401000 r-xp 00000000 08:05 919176                     /usr/lib/x86_64-linux-gnu/dri/r600_dri.so
7fdafe401000-7fdafe600000 ---p 00123000 08:05 919176                     /usr/lib/x86_64-linux-gnu/dri/r600_dri.so
7fdafe600000-7fdafe60f000 r--p 00122000 08:05 919176                     /usr/lib/x86_64-linux-gnu/dri/r600_dri.so
7fdafe60f000-7fdafe613000 rw-p 00131000 08:05 919176                     /usr/lib/x86_64-linux-gnu/dri/r600_dri.so
7fdafe613000-7fdafe79a000 rw-p 00000000 00:00 0 
7fdafe79a000-7fdafe79c000 r-xp 00000000 08:05 664253                     /usr/lib/x86_64-linux-gnu/libXinerama.so.1.0.0
7fdafe79c000-7fdafe99b000 ---p 00002000 08:05 664253                     /usr/lib/x86_64-linux-gnu/libXinerama.so.1.0.0
7fdafe99b000-7fdafe99c000 r--p 00001000 08:05 664253                     /usr/lib/x86_64-linux-gnu/libXinerama.so.1.0.0
7fdafe99c000-7fdafe99d000 rw-p 00002000 08:05 664253                     /usr/lib/x86_64-linux-gnu/libXinerama.so.1.0.0
7fdafe99d000-7fdafe9a0000 ---p 00000000 00:00 0 
7fdafe9a0000-7fdafea9e000 rw-p 00000000 00:00 0 
7fdafea9e000-7fdafeb46000 r-xp 00000000 08:05 405264                     /tmp/jogamp_0000/file_cache/jln6017854133598156888/jln6552681998030144067/libjogl_desktop.so
7fdafeb46000-7fdafed45000 ---p 000a8000 08:05 405264                     /tmp/jogamp_0000/file_cache/jln6017854133598156888/jln6552681998030144067/libjogl_desktop.so
7fdafed45000-7fdafed46000 rw-p 000a7000 08:05 405264                     /tmp/jogamp_0000/file_cache/jln6017854133598156888/jln6552681998030144067/libjogl_desktop.so
7fdafed46000-7fdafed50000 r-xp 00000000 08:05 735928                     /usr/lib/x86_64-linux-gnu/libdrm.so.2.4.0
7fdafed50000-7fdafef4f000 ---p 0000a000 08:05 735928                     /usr/lib/x86_64-linux-gnu/libdrm.so.2.4.0
7fdafef4f000-7fdafef50000 r--p 00009000 08:05 735928                     /usr/lib/x86_64-linux-gnu/libdrm.so.2.4.0
7fdafef50000-7fdafef51000 rw-p 0000a000 08:05 735928                     /usr/lib/x86_64-linux-gnu/libdrm.so.2.4.0
7fdafef51000-7fdafef66000 r-xp 00000000 08:05 659657                     /usr/lib/x86_64-linux-gnu/libxcb-glx.so.0.0.0
7fdafef66000-7fdaff165000 ---p 00015000 08:05 659657                     /usr/lib/x86_64-linux-gnu/libxcb-glx.so.0.0.0
7fdaff165000-7fdaff167000 r--p 00014000 08:05 659657                     /usr/lib/x86_64-linux-gnu/libxcb-glx.so.0.0.0
7fdaff167000-7fdaff168000 rw-p 00016000 08:05 659657                     /usr/lib/x86_64-linux-gnu/libxcb-glx.so.0.0.0
7fdaff168000-7fdaff169000 r-xp 00000000 08:05 659489                     /usr/lib/x86_64-linux-gnu/libX11-xcb.so.1.0.0
7fdaff169000-7fdaff368000 ---p 00001000 08:05 659489                     /usr/lib/x86_64-linux-gnu/libX11-xcb.so.1.0.0
7fdaff368000-7fdaff369000 r--p 00000000 08:05 659489                     /usr/lib/x86_64-linux-gnu/libX11-xcb.so.1.0.0
7fdaff369000-7fdaff36a000 rw-p 00001000 08:05 659489                     /usr/lib/x86_64-linux-gnu/libX11-xcb.so.1.0.0
7fdaff36a000-7fdaff36c000 r-xp 00000000 08:05 663203                     /usr/lib/x86_64-linux-gnu/libXdamage.so.1.1.0
7fdaff36c000-7fdaff56b000 ---p 00002000 08:05 663203                     /usr/lib/x86_64-linux-gnu/libXdamage.so.1.1.0
7fdaff56b000-7fdaff56c000 r--p 00001000 08:05 663203                     /usr/lib/x86_64-linux-gnu/libXdamage.so.1.1.0
7fdaff56c000-7fdaff56d000 rw-p 00002000 08:05 663203                     /usr/lib/x86_64-linux-gnu/libXdamage.so.1.1.0
7fdaff56d000-7fdaff58e000 r-xp 00000000 08:05 658976                     /usr/lib/x86_64-linux-gnu/libglapi.so.0.0.0
7fdaff58e000-7fdaff78d000 ---p 00021000 08:05 658976                     /usr/lib/x86_64-linux-gnu/libglapi.so.0.0.0
7fdaff78d000-7fdaff790000 r--p 00020000 08:05 658976                     /usr/lib/x86_64-linux-gnu/libglapi.so.0.0.0
7fdaff790000-7fdaff791000 rw-p 00023000 08:05 658976                     /usr/lib/x86_64-linux-gnu/libglapi.so.0.0.0
7fdaff791000-7fdaff792000 rw-p 00000000 00:00 0 
7fdaff792000-7fdaff7ef000 r-xp 00000000 08:05 918254                     /usr/lib/x86_64-linux-gnu/mesa/libGL.so.1.2
7fdaff7ef000-7fdaff9ee000 ---p 0005d000 08:05 918254                     /usr/lib/x86_64-linux-gnu/mesa/libGL.so.1.2
7fdaff9ee000-7fdaff9f0000 r--p 0005c000 08:05 918254                     /usr/lib/x86_64-linux-gnu/mesa/libGL.so.1.2
7fdaff9f0000-7fdaff9f1000 rw-p 0005e000 08:05 918254                     /usr/lib/x86_64-linux-gnu/mesa/libGL.so.1.2
7fdaff9f1000-7fdaff9f2000 rw-p 00000000 00:00 0 
7fdaff9f2000-7fdaff9f9000 r-xp 00000000 08:05 405267                     /tmp/jogamp_0000/file_cache/jln6017854133598156888/jln6552681998030144067/libnativewindow_x11.so
7fdaff9f9000-7fdaffbf8000 ---p 00007000 08:05 405267                     /tmp/jogamp_0000/file_cache/jln6017854133598156888/jln6552681998030144067/libnativewindow_x11.so
7fdaffbf8000-7fdaffbf9000 rw-p 00006000 08:05 405267                     /tmp/jogamp_0000/file_cache/jln6017854133598156888/jln6552681998030144067/libnativewindow_x11.so
7fdaffbf9000-7fdaffbfd000 r-xp 00000000 08:05 659659                     /usr/lib/x86_64-linux-gnu/libXxf86vm.so.1.0.0
7fdaffbfd000-7fdaffdfc000 ---p 00004000 08:05 659659                     /usr/lib/x86_64-linux-gnu/libXxf86vm.so.1.0.0
7fdaffdfc000-7fdaffdfd000 r--p 00003000 08:05 659659                     /usr/lib/x86_64-linux-gnu/libXxf86vm.so.1.0.0
7fdaffdfd000-7fdaffdfe000 rw-p 00004000 08:05 659659                     /usr/lib/x86_64-linux-gnu/libXxf86vm.so.1.0.0
7fdaffdfe000-7fdaffe00000 r-xp 00000000 08:05 405266                     /tmp/jogamp_0000/file_cache/jln6017854133598156888/jln6552681998030144067/libnativewindow_awt.so
7fdaffe00000-7fdafffff000 ---p 00002000 08:05 405266                     /tmp/jogamp_0000/file_cache/jln6017854133598156888/jln6552681998030144067/libnativewindow_awt.so
7fdafffff000-7fdb00000000 rw-p 00001000 08:05 405266                     /tmp/jogamp_0000/file_cache/jln6017854133598156888/jln6552681998030144067/libnativewindow_awt.so
7fdb00000000-7fdb00021000 rw-p 00000000 00:00 0 
7fdb00021000-7fdb04000000 ---p 00000000 00:00 0 
7fdb04000000-7fdb04021000 rw-p 00000000 00:00 0 
7fdb04021000-7fdb08000000 ---p 00000000 00:00 0 
7fdb08000000-7fdb08767000 rw-p 00000000 00:00 0 
7fdb08767000-7fdb0c000000 ---p 00000000 00:00 0 
7fdb0c000000-7fdb10000000 rw-p 00000000 00:00 0 
7fdb10000000-7fdb103f7000 rw-p 00000000 00:00 0 
7fdb103f7000-7fdb14000000 ---p 00000000 00:00 0 
7fdb14000000-7fdb14021000 rw-p 00000000 00:00 0 
7fdb14021000-7fdb18000000 ---p 00000000 00:00 0 
7fdb18000000-7fdb18021000 rw-p 00000000 00:00 0 
7fdb18021000-7fdb1c000000 ---p 00000000 00:00 0 
7fdb1c000000-7fdb1c5ec000 rw-p 00000000 00:00 0 
7fdb1c5ec000-7fdb20000000 ---p 00000000 00:00 0 
7fdb20000000-7fdb20021000 rw-p 00000000 00:00 0 
7fdb20021000-7fdb24000000 ---p 00000000 00:00 0 
7fdb24000000-7fdb24021000 rw-p 00000000 00:00 0 
7fdb24021000-7fdb28000000 ---p 00000000 00:00 0 
7fdb28000000-7fdb28021000 rw-p 00000000 00:00 0 
7fdb28021000-7fdb2c000000 ---p 00000000 00:00 0 
7fdb2c000000-7fdb2c021000 rw-p 00000000 00:00 0 
7fdb2c021000-7fdb30000000 ---p 00000000 00:00 0 
7fdb30000000-7fdb30021000 rw-p 00000000 00:00 0 
7fdb30021000-7fdb34000000 ---p 00000000 00:00 0 
7fdb340a1000-7fdb340a2000 r-xp 00000000 08:05 2772966                    /usr/local/processing-2.1.1/java/lib/amd64/libjawt.so
7fdb340a2000-7fdb342a1000 ---p 00001000 08:05 2772966                    /usr/local/processing-2.1.1/java/lib/amd64/libjawt.so
7fdb342a1000-7fdb342a2000 rw-p 00000000 08:05 2772966                    /usr/local/processing-2.1.1/java/lib/amd64/libjawt.so
7fdb3433e000-7fdb3433f000 rw-s 1027c2000 00:05 6695                      /dev/dri/card0
7fdb3433f000-7fdb34340000 rw-s 112fcc000 00:05 6695                      /dev/dri/card0
7fdb34340000-7fdb34341000 rw-s 112fcb000 00:05 6695                      /dev/dri/card0
7fdb34341000-7fdb34342000 rw-s 112fca000 00:05 6695                      /dev/dri/card0
7fdb34343000-7fdb34344000 rw-s 112fc8000 00:05 6695                      /dev/dri/card0
7fdb34344000-7fdb34345000 rw-s 112fc7000 00:05 6695                      /dev/dri/card0
7fdb34352000-7fdb34353000 rw-s 111e08000 00:05 6695                      /dev/dri/card0
7fdb34353000-7fdb34354000 rw-s 1024c0000 00:05 6695                      /dev/dri/card0
7fdb34354000-7fdb34355000 rw-s 1140ae000 00:05 6695                      /dev/dri/card0
7fdb34355000-7fdb34356000 rw-s 1140ad000 00:05 6695                      /dev/dri/card0
7fdb34356000-7fdb34357000 rw-s 1140ac000 00:05 6695                      /dev/dri/card0
7fdb34357000-7fdb34358000 rw-s 1140ab000 00:05 6695                      /dev/dri/card0
7fdb34358000-7fdb34359000 rw-s 1140aa000 00:05 6695                      /dev/dri/card0
7fdb34359000-7fdb3435a000 rw-s 1140a9000 00:05 6695                      /dev/dri/card0
7fdb3435a000-7fdb3435b000 rw-s 1140a8000 00:05 6695                      /dev/dri/card0
7fdb3435b000-7fdb3435c000 rw-s 1140a7000 00:05 6695                      /dev/dri/card0
7fdb3435c000-7fdb3435d000 rw-s 1140a5000 00:05 6695                      /dev/dri/card0
7fdb3435d000-7fdb3435e000 rw-s 1140a4000 00:05 6695                      /dev/dri/card0
7fdb3435e000-7fdb3435f000 rw-s 1027ca000 00:05 6695                      /dev/dri/card0
7fdb3435f000-7fdb34361000 r-xp 00000000 08:05 405263                     /tmp/jogamp_0000/file_cache/jln6017854133598156888/jln6552681998030144067/libgluegen-rt.so
7fdb34361000-7fdb34561000 ---p 00002000 08:05 405263                     /tmp/jogamp_0000/file_cache/jln6017854133598156888/jln6552681998030144067/libgluegen-rt.so
7fdb34561000-7fdb34562000 rw-p 00002000 08:05 405263                     /tmp/jogamp_0000/file_cache/jln6017854133598156888/jln6552681998030144067/libgluegen-rt.so
7fdb34562000-7fdb34565000 ---p 00000000 00:00 0 
7fdb34565000-7fdb34663000 rw-p 00000000 00:00 0 
7fdb34663000-7fdb34673000 r-xp 00000000 08:05 2772972                    /usr/local/processing-2.1.1/java/lib/amd64/libnio.so
7fdb34673000-7fdb34873000 ---p 00010000 08:05 2772972                    /usr/local/processing-2.1.1/java/lib/amd64/libnio.so
7fdb34873000-7fdb34874000 rw-p 00010000 08:05 2772972                    /usr/local/processing-2.1.1/java/lib/amd64/libnio.so
7fdb34874000-7fdb34b74000 rw-s 00000000 00:04 884739                     /SYSV00000000 (deleted)
7fdb34b74000-7fdb34b78000 r--s 0007d000 08:05 2772344                    /usr/local/processing-2.1.1/java/lib/jsse.jar
7fdb34b78000-7fdb34b79000 rw-s 1027c9000 00:05 6695                      /dev/dri/card0
7fdb34b79000-7fdb34b82000 r--s 0009b000 08:05 2734253                    /usr/local/processing-2.1.1/lib/pde.jar
7fdb34b82000-7fdb34b83000 rw-s 1140a3000 00:05 6695                      /dev/dri/card0
7fdb34b83000-7fdb34b84000 rw-s 1027c8000 00:05 6695                      /dev/dri/card0
7fdb34b84000-7fdb34b85000 rw-s 1140a0000 00:05 6695                      /dev/dri/card0
7fdb34b85000-7fdb34b86000 rw-s 11409f000 00:05 6695                      /dev/dri/card0
7fdb34b86000-7fdb34b87000 rw-s 111e07000 00:05 6695                      /dev/dri/card0
7fdb34b87000-7fdb34b88000 rw-s 113421000 00:05 6695                      /dev/dri/card0
7fdb34b88000-7fdb34b89000 rw-s 10622f000 00:05 6695                      /dev/dri/card0
7fdb34b89000-7fdb34b8a000 rw-s 11409c000 00:05 6695                      /dev/dri/card0
7fdb34b8a000-7fdb34b8b000 rw-s 113420000 00:05 6695                      /dev/dri/card0
7fdb34b8b000-7fdb34b8c000 rw-s 11341f000 00:05 6695                      /dev/dri/card0
7fdb34b8c000-7fdb34b8d000 rw-s 114785000 00:05 6695                      /dev/dri/card0
7fdb34b8d000-7fdb34b8e000 rw-s 114784000 00:05 6695                      /dev/dri/card0
7fdb34b8e000-7fdb34c0e000 rwxp 00000000 00:00 0 
7fdb34c0e000-7fdb34c23000 r-xp 00000000 08:05 2772948                    /usr/local/processing-2.1.1/java/lib/amd64/libnet.so
7fdb34c23000-7fdb34e23000 ---p 00015000 08:05 2772948                    /usr/local/processing-2.1.1/java/lib/amd64/libnet.so
7fdb34e23000-7fdb34e24000 rw-p 00015000 08:05 2772948                    /usr/local/processing-2.1.1/java/lib/amd64/libnet.so
7fdb34e24000-7fdb34e27000 ---p 00000000 00:00 0 
7fdb34e27000-7fdb34e5d000 rw-p 00000000 00:00 0 
7fdb34e5d000-7fdb34e71000 r--s 00141000 08:05 2734250                    /usr/local/processing-2.1.1/lib/org.eclipse.osgi_3.8.1.v20120830-144521.jar
7fdb34e71000-7fdb34e74000 r--s 00041000 08:05 2734266                    /usr/local/processing-2.1.1/lib/org-netbeans-swing-outline.jar
7fdb34e74000-7fdb34e88000 r--s 00127000 08:05 2734244                    /usr/local/processing-2.1.1/lib/jna.jar
7fdb34e88000-7fdb34e95000 r--s 000c6000 08:05 2734239                    /usr/local/processing-2.1.1/lib/jdimodel.jar
7fdb34e95000-7fdb34e99000 r--s 0000e000 08:05 2734171                    /usr/local/processing-2.1.1/lib/jdi.jar
7fdb34e99000-7fdb34ed5000 r--s 00629000 08:05 2734243                    /usr/local/processing-2.1.1/lib/com.ibm.icu_4.4.2.v20110823.jar
7fdb34ed5000-7fdb34ed8000 ---p 00000000 00:00 0 
7fdb34ed8000-7fdb34fd6000 rw-p 00000000 00:00 0 
7fdb34fd6000-7fdb34fd9000 ---p 00000000 00:00 0 
7fdb34fd9000-7fdb350d7000 rw-p 00000000 00:00 0 
7fdb350d7000-7fdb350da000 ---p 00000000 00:00 0 
7fdb350da000-7fdb351d8000 rw-p 00000000 00:00 0 
7fdb351d8000-7fdb351db000 ---p 00000000 00:00 0 
7fdb351db000-7fdb352d9000 rw-p 00000000 00:00 0 
7fdb352d9000-7fdb352dc000 ---p 00000000 00:00 0 
7fdb352dc000-7fdb353da000 rw-p 00000000 00:00 0 
7fdb353da000-7fdb353dd000 ---p 00000000 00:00 0 
7fdb353dd000-7fdb354db000 rw-p 00000000 00:00 0 
7fdb354db000-7fdb354e0000 r-xp 00000000 08:05 656242                     /usr/lib/x86_64-linux-gnu/libXfixes.so.3.1.0
7fdb354e0000-7fdb356df000 ---p 00005000 08:05 656242                     /usr/lib/x86_64-linux-gnu/libXfixes.so.3.1.0
7fdb356df000-7fdb356e0000 r--p 00004000 08:05 656242                     /usr/lib/x86_64-linux-gnu/libXfixes.so.3.1.0
7fdb356e0000-7fdb356e1000 rw-p 00005000 08:05 656242                     /usr/lib/x86_64-linux-gnu/libXfixes.so.3.1.0
7fdb356e1000-7fdb356ea000 r-xp 00000000 08:05 664243                     /usr/lib/x86_64-linux-gnu/libXcursor.so.1.0.2
7fdb356ea000-7fdb358e9000 ---p 00009000 08:05 664243                     /usr/lib/x86_64-linux-gnu/libXcursor.so.1.0.2
7fdb358e9000-7fdb358ea000 r--p 00008000 08:05 664243                     /usr/lib/x86_64-linux-gnu/libXcursor.so.1.0.2
7fdb358ea000-7fdb358eb000 rw-p 00009000 08:05 664243                     /usr/lib/x86_64-linux-gnu/libXcursor.so.1.0.2
7fdb358eb000-7fdb358ee000 ---p 00000000 00:00 0 
7fdb358ee000-7fdb359ec000 rw-p 00000000 00:00 0 
7fdb359ec000-7fdb359f1000 r-xp 00000000 08:05 663205                     /usr/lib/x86_64-linux-gnu/libXdmcp.so.6.0.0
7fdb359f1000-7fdb35bf0000 ---p 00005000 08:05 663205                     /usr/lib/x86_64-linux-gnu/libXdmcp.so.6.0.0
7fdb35bf0000-7fdb35bf1000 r--p 00004000 08:05 663205                     /usr/lib/x86_64-linux-gnu/libXdmcp.so.6.0.0
7fdb35bf1000-7fdb35bf2000 rw-p 00005000 08:05 663205                     /usr/lib/x86_64-linux-gnu/libXdmcp.so.6.0.0
7fdb35bf2000-7fdb35bf4000 r-xp 00000000 08:05 663194                     /usr/lib/x86_64-linux-gnu/libXau.so.6.0.0
7fdb35bf4000-7fdb35df3000 ---p 00002000 08:05 663194                     /usr/lib/x86_64-linux-gnu/libXau.so.6.0.0
7fdb35df3000-7fdb35df4000 r--p 00001000 08:05 663194                     /usr/lib/x86_64-linux-gnu/libXau.so.6.0.0
7fdb35df4000-7fdb35df5000 rw-p 00002000 08:05 663194                     /usr/lib/x86_64-linux-gnu/libXau.so.6.0.0
7fdb35df5000-7fdb35e12000 r-xp 00000000 08:05 661381                     /usr/lib/x86_64-linux-gnu/libxcb.so.1.1.0
7fdb35e12000-7fdb36011000 ---p 0001d000 08:05 661381                     /usr/lib/x86_64-linux-gnu/libxcb.so.1.1.0
7fdb36011000-7fdb36012000 r--p 0001c000 08:05 661381                     /usr/lib/x86_64-linux-gnu/libxcb.so.1.1.0
7fdb36012000-7fdb36013000 rw-p 0001d000 08:05 661381                     /usr/lib/x86_64-linux-gnu/libxcb.so.1.1.0
7fdb36013000-7fdb36021000 r-xp 00000000 08:05 664249                     /usr/lib/x86_64-linux-gnu/libXi.so.6.1.0
7fdb36021000-7fdb36220000 ---p 0000e000 08:05 664249                     /usr/lib/x86_64-linux-gnu/libXi.so.6.1.0
7fdb36220000-7fdb36221000 r--p 0000d000 08:05 664249                     /usr/lib/x86_64-linux-gnu/libXi.so.6.1.0
7fdb36221000-7fdb36222000 rw-p 0000e000 08:05 664249                     /usr/lib/x86_64-linux-gnu/libXi.so.6.1.0
7fdb36222000-7fdb36227000 r-xp 00000000 08:05 661451                     /usr/lib/x86_64-linux-gnu/libXtst.so.6.1.0
7fdb36227000-7fdb36426000 ---p 00005000 08:05 661451                     /usr/lib/x86_64-linux-gnu/libXtst.so.6.1.0
7fdb36426000-7fdb36427000 r--p 00004000 08:05 661451                     /usr/lib/x86_64-linux-gnu/libXtst.so.6.1.0
7fdb36427000-7fdb36428000 rw-p 00005000 08:05 661451                     /usr/lib/x86_64-linux-gnu/libXtst.so.6.1.0
7fdb36428000-7fdb36431000 r-xp 00000000 08:05 659122                     /usr/lib/x86_64-linux-gnu/libXrender.so.1.3.0
7fdb36431000-7fdb36630000 ---p 00009000 08:05 659122                     /usr/lib/x86_64-linux-gnu/libXrender.so.1.3.0
7fdb36630000-7fdb36631000 r--p 00008000 08:05 659122                     /usr/lib/x86_64-linux-gnu/libXrender.so.1.3.0
7fdb36631000-7fdb36632000 rw-p 00009000 08:05 659122                     /usr/lib/x86_64-linux-gnu/libXrender.so.1.3.0
7fdb36632000-7fdb36762000 r-xp 00000000 08:05 661396                     /usr/lib/x86_64-linux-gnu/libX11.so.6.3.0
7fdb36762000-7fdb36962000 ---p 00130000 08:05 661396                     /usr/lib/x86_64-linux-gnu/libX11.so.6.3.0
7fdb36962000-7fdb36963000 r--p 00130000 08:05 661396                     /usr/lib/x86_64-linux-gnu/libX11.so.6.3.0
7fdb36963000-7fdb36967000 rw-p 00131000 08:05 661396                     /usr/lib/x86_64-linux-gnu/libX11.so.6.3.0
7fdb36967000-7fdb36977000 r-xp 00000000 08:05 661400                     /usr/lib/x86_64-linux-gnu/libXext.so.6.4.0
7fdb36977000-7fdb36b76000 ---p 00010000 08:05 661400                     /usr/lib/x86_64-linux-gnu/libXext.so.6.4.0
7fdb36b76000-7fdb36b77000 r--p 0000f000 08:05 661400                     /usr/lib/x86_64-linux-gnu/libXext.so.6.4.0
7fdb36b77000-7fdb36b78000 rw-p 00010000 08:05 661400                     /usr/lib/x86_64-linux-gnu/libXext.so.6.4.0
7fdb36b78000-7fdb36bc8000 r-xp 00000000 08:05 2772985                    /usr/local/processing-2.1.1/java/lib/amd64/xawt/libmawt.so
7fdb36bc8000-7fdb36dc8000 ---p 00050000 08:05 2772985                    /usr/local/processing-2.1.1/java/lib/amd64/xawt/libmawt.so
7fdb36dc8000-7fdb36dcc000 rw-p 00050000 08:05 2772985                    /usr/local/processing-2.1.1/java/lib/amd64/xawt/libmawt.so
7fdb36dcc000-7fdb36dcd000 rw-p 00000000 00:00 0 
7fdb36dcd000-7fdb36e70000 r-xp 00000000 08:05 2772978                    /usr/local/processing-2.1.1/java/lib/amd64/libawt.so
7fdb36e70000-7fdb37070000 ---p 000a3000 08:05 2772978                    /usr/local/processing-2.1.1/java/lib/amd64/libawt.so
7fdb37070000-7fdb3707c000 rw-p 000a3000 08:05 2772978                    /usr/local/processing-2.1.1/java/lib/amd64/libawt.so
7fdb3707c000-7fdb39000000 rw-p 00000000 00:00 0 
7fdb39000000-7fdb39270000 rwxp 00000000 00:00 0 
7fdb39270000-7fdb3c28a000 rw-p 00000000 00:00 0 
7fdb3c28a000-7fdb40000000 ---p 00000000 00:00 0 
7fdb40000000-7fdb40001000 rwxp 00000000 00:00 0 
7fdb40003000-7fdb40008000 r--s 00068000 08:05 2734263                    /usr/local/processing-2.1.1/lib/antlr.jar
7fdb40008000-7fdb40026000 r--s 001bb000 08:05 2734236                    /usr/local/processing-2.1.1/lib/ant.jar
7fdb40026000-7fdb40046000 r--s 002c6000 08:05 2734272                    /usr/local/processing-2.1.1/core/library/jogl-all.jar
7fdb40046000-7fdb40047000 ---p 00000000 00:00 0 
7fdb40047000-7fdb40147000 rw-p 00000000 00:00 0 
7fdb40147000-7fdb4014a000 ---p 00000000 00:00 0 
7fdb4014a000-7fdb40248000 rw-p 00000000 00:00 0 
7fdb40248000-7fdb4024b000 ---p 00000000 00:00 0 
7fdb4024b000-7fdb40349000 rw-p 00000000 00:00 0 
7fdb40349000-7fdb4034c000 ---p 00000000 00:00 0 
7fdb4034c000-7fdb4044a000 rw-p 00000000 00:00 0 
7fdb4044a000-7fdb4044d000 ---p 00000000 00:00 0 
7fdb4044d000-7fdb4054b000 rw-p 00000000 00:00 0 
7fdb4054b000-7fdb4054e000 ---p 00000000 00:00 0 
7fdb4054e000-7fdb4064c000 rw-p 00000000 00:00 0 
7fdb4064c000-7fdb4064f000 ---p 00000000 00:00 0 
7fdb4064f000-7fdb4074d000 rw-p 00000000 00:00 0 
7fdb4074d000-7fdb40751000 r-xp 00000000 08:05 2772958                    /usr/local/processing-2.1.1/java/lib/amd64/libdt_socket.so
7fdb40751000-7fdb40950000 ---p 00004000 08:05 2772958                    /usr/local/processing-2.1.1/java/lib/amd64/libdt_socket.so
7fdb40950000-7fdb40951000 rw-p 00003000 08:05 2772958                    /usr/local/processing-2.1.1/java/lib/amd64/libdt_socket.so
7fdb40951000-7fdb40958000 r--s 00000000 08:05 968167                     /usr/lib/x86_64-linux-gnu/gconv/gconv-modules.cache
7fdb40958000-7fdb4095b000 ---p 00000000 00:00 0 
7fdb4095b000-7fdb40a59000 rw-p 00000000 00:00 0 
7fdb40a59000-7fdb40a5c000 ---p 00000000 00:00 0 
7fdb40a5c000-7fdb40b5a000 rw-p 00000000 00:00 0 
7fdb40b5a000-7fdb40b5d000 ---p 00000000 00:00 0 
7fdb40b5d000-7fdb40c5b000 rw-p 00000000 00:00 0 
7fdb40c5b000-7fdb40c5c000 ---p 00000000 00:00 0 
7fdb40c5c000-7fdb41713000 rw-p 00000000 00:00 0 
7fdb41713000-7fdb418d0000 r--s 031b5000 08:05 2772993                    /usr/local/processing-2.1.1/java/lib/rt.jar
7fdb418d0000-7fdb41bbf000 rw-p 00000000 00:00 0 
7fdb41bbf000-7fdb41bc0000 ---p 00000000 00:00 0 
7fdb41bc0000-7fdb41cc0000 rw-p 00000000 00:00 0 
7fdb41cc0000-7fdb41cc1000 ---p 00000000 00:00 0 
7fdb41cc1000-7fdb41dd2000 rw-p 00000000 00:00 0 
7fdb41dd2000-7fdb41dea000 rw-p 00000000 00:00 0 
7fdb41dea000-7fdb41e11000 rw-p 00000000 00:00 0 
7fdb41e11000-7fdb41f1e000 rw-p 00000000 00:00 0 
7fdb41f1e000-7fdb41f2f000 rw-p 00000000 00:00 0 
7fdb41f2f000-7fdb41f47000 rw-p 00000000 00:00 0 
7fdb41f47000-7fdb41f6e000 rw-p 00000000 00:00 0 
7fdb41f6e000-7fdb4207a000 rw-p 00000000 00:00 0 
7fdb4207a000-7fdb420a3000 rw-p 00000000 00:00 0 
7fdb420a3000-7fdb42114000 rw-p 00000000 00:00 0 
7fdb42114000-7fdb42115000 rw-p 00000000 00:00 0 
7fdb42115000-7fdb4212f000 r-xp 00000000 08:05 2772945                    /usr/local/processing-2.1.1/java/lib/amd64/libzip.so
7fdb4212f000-7fdb4232f000 ---p 0001a000 08:05 2772945                    /usr/local/processing-2.1.1/java/lib/amd64/libzip.so
7fdb4232f000-7fdb42330000 rw-p 0001a000 08:05 2772945                    /usr/local/processing-2.1.1/java/lib/amd64/libzip.so
7fdb42330000-7fdb4233c000 r-xp 00000000 08:05 1052422                    /lib/x86_64-linux-gnu/libnss_files-2.15.so
7fdb4233c000-7fdb4253b000 ---p 0000c000 08:05 1052422                    /lib/x86_64-linux-gnu/libnss_files-2.15.so
7fdb4253b000-7fdb4253c000 r--p 0000b000 08:05 1052422                    /lib/x86_64-linux-gnu/libnss_files-2.15.so
7fdb4253c000-7fdb4253d000 rw-p 0000c000 08:05 1052422                    /lib/x86_64-linux-gnu/libnss_files-2.15.so
7fdb4253d000-7fdb42547000 r-xp 00000000 08:05 1053945                    /lib/x86_64-linux-gnu/libnss_nis-2.15.so
7fdb42547000-7fdb42747000 ---p 0000a000 08:05 1053945                    /lib/x86_64-linux-gnu/libnss_nis-2.15.so
7fdb42747000-7fdb42748000 r--p 0000a000 08:05 1053945                    /lib/x86_64-linux-gnu/libnss_nis-2.15.so
7fdb42748000-7fdb42749000 rw-p 0000b000 08:05 1053945                    /lib/x86_64-linux-gnu/libnss_nis-2.15.so
7fdb42749000-7fdb42760000 r-xp 00000000 08:05 1060961                    /lib/x86_64-linux-gnu/libnsl-2.15.so
7fdb42760000-7fdb4295f000 ---p 00017000 08:05 1060961                    /lib/x86_64-linux-gnu/libnsl-2.15.so
7fdb4295f000-7fdb42960000 r--p 00016000 08:05 1060961                    /lib/x86_64-linux-gnu/libnsl-2.15.so
7fdb42960000-7fdb42961000 rw-p 00017000 08:05 1060961                    /lib/x86_64-linux-gnu/libnsl-2.15.so
7fdb42961000-7fdb42963000 rw-p 00000000 00:00 0 
7fdb42963000-7fdb4296b000 r-xp 00000000 08:05 1052395                    /lib/x86_64-linux-gnu/libnss_compat-2.15.so
7fdb4296b000-7fdb42b6a000 ---p 00008000 08:05 1052395                    /lib/x86_64-linux-gnu/libnss_compat-2.15.so
7fdb42b6a000-7fdb42b6b000 r--p 00007000 08:05 1052395                    /lib/x86_64-linux-gnu/libnss_compat-2.15.so
7fdb42b6b000-7fdb42b6c000 rw-p 00008000 08:05 1052395                    /lib/x86_64-linux-gnu/libnss_compat-2.15.so
7fdb42b6c000-7fdb43386000 r--p 00000000 08:05 662326                     /usr/lib/locale/locale-archive
7fdb43386000-7fdb43389000 r-xp 00000000 08:05 2772959                    /usr/local/processing-2.1.1/java/lib/amd64/libnpt.so
7fdb43389000-7fdb43588000 ---p 00003000 08:05 2772959                    /usr/local/processing-2.1.1/java/lib/amd64/libnpt.so
7fdb43588000-7fdb43589000 rw-p 00002000 08:05 2772959                    /usr/local/processing-2.1.1/java/lib/amd64/libnpt.so
7fdb43589000-7fdb435c2000 r-xp 00000000 08:05 2772944                    /usr/local/processing-2.1.1/java/lib/amd64/libjdwp.so
7fdb435c2000-7fdb437c2000 ---p 00039000 08:05 2772944                    /usr/local/processing-2.1.1/java/lib/amd64/libjdwp.so
7fdb437c2000-7fdb437c3000 rw-p 00039000 08:05 2772944                    /usr/local/processing-2.1.1/java/lib/amd64/libjdwp.so
7fdb437c3000-7fdb437c4000 rw-p 00000000 00:00 0 
7fdb437c4000-7fdb437ed000 r-xp 00000000 08:05 2772968                    /usr/local/processing-2.1.1/java/lib/amd64/libjava.so
7fdb437ed000-7fdb439ed000 ---p 00029000 08:05 2772968                    /usr/local/processing-2.1.1/java/lib/amd64/libjava.so
7fdb439ed000-7fdb439ef000 rw-p 00029000 08:05 2772968                    /usr/local/processing-2.1.1/java/lib/amd64/libjava.so
7fdb439ef000-7fdb439fc000 r-xp 00000000 08:05 2772961                    /usr/local/processing-2.1.1/java/lib/amd64/libverify.so
7fdb439fc000-7fdb43bfb000 ---p 0000d000 08:05 2772961                    /usr/local/processing-2.1.1/java/lib/amd64/libverify.so
7fdb43bfb000-7fdb43bfd000 rw-p 0000c000 08:05 2772961                    /usr/local/processing-2.1.1/java/lib/amd64/libverify.so
7fdb43bfd000-7fdb43c04000 r-xp 00000000 08:05 1052467                    /lib/x86_64-linux-gnu/librt-2.15.so
7fdb43c04000-7fdb43e03000 ---p 00007000 08:05 1052467                    /lib/x86_64-linux-gnu/librt-2.15.so
7fdb43e03000-7fdb43e04000 r--p 00006000 08:05 1052467                    /lib/x86_64-linux-gnu/librt-2.15.so
7fdb43e04000-7fdb43e05000 rw-p 00007000 08:05 1052467                    /lib/x86_64-linux-gnu/librt-2.15.so
7fdb43e05000-7fdb43f00000 r-xp 00000000 08:05 1058822                    /lib/x86_64-linux-gnu/libm-2.15.so
7fdb43f00000-7fdb440ff000 ---p 000fb000 08:05 1058822                    /lib/x86_64-linux-gnu/libm-2.15.so
7fdb440ff000-7fdb44100000 r--p 000fa000 08:05 1058822                    /lib/x86_64-linux-gnu/libm-2.15.so
7fdb44100000-7fdb44101000 rw-p 000fb000 08:05 1058822                    /lib/x86_64-linux-gnu/libm-2.15.so
7fdb44101000-7fdb44c63000 r-xp 00000000 08:05 2772975                    /usr/local/processing-2.1.1/java/lib/amd64/server/libjvm.so
7fdb44c63000-7fdb44e63000 ---p 00b62000 08:05 2772975                    /usr/local/processing-2.1.1/java/lib/amd64/server/libjvm.so
7fdb44e63000-7fdb44f26000 rw-p 00b62000 08:05 2772975                    /usr/local/processing-2.1.1/java/lib/amd64/server/libjvm.so
7fdb44f26000-7fdb44f67000 rw-p 00000000 00:00 0 
7fdb44f67000-7fdb4511c000 r-xp 00000000 08:05 1049488                    /lib/x86_64-linux-gnu/libc-2.15.so
7fdb4511c000-7fdb4531c000 ---p 001b5000 08:05 1049488                    /lib/x86_64-linux-gnu/libc-2.15.so
7fdb4531c000-7fdb45320000 r--p 001b5000 08:05 1049488                    /lib/x86_64-linux-gnu/libc-2.15.so
7fdb45320000-7fdb45322000 rw-p 001b9000 08:05 1049488                    /lib/x86_64-linux-gnu/libc-2.15.so
7fdb45322000-7fdb45327000 rw-p 00000000 00:00 0 
7fdb45327000-7fdb45329000 r-xp 00000000 08:05 1059543                    /lib/x86_64-linux-gnu/libdl-2.15.so
7fdb45329000-7fdb45529000 ---p 00002000 08:05 1059543                    /lib/x86_64-linux-gnu/libdl-2.15.so
7fdb45529000-7fdb4552a000 r--p 00002000 08:05 1059543                    /lib/x86_64-linux-gnu/libdl-2.15.so
7fdb4552a000-7fdb4552b000 rw-p 00003000 08:05 1059543                    /lib/x86_64-linux-gnu/libdl-2.15.so
7fdb4552b000-7fdb45541000 r-xp 00000000 08:05 2772981                    /usr/local/processing-2.1.1/java/lib/amd64/jli/libjli.so
7fdb45541000-7fdb45741000 ---p 00016000 08:05 2772981                    /usr/local/processing-2.1.1/java/lib/amd64/jli/libjli.so
7fdb45741000-7fdb45742000 rw-p 00016000 08:05 2772981                    /usr/local/processing-2.1.1/java/lib/amd64/jli/libjli.so
7fdb45742000-7fdb4575a000 r-xp 00000000 08:05 1054120                    /lib/x86_64-linux-gnu/libpthread-2.15.so
7fdb4575a000-7fdb45959000 ---p 00018000 08:05 1054120                    /lib/x86_64-linux-gnu/libpthread-2.15.so
7fdb45959000-7fdb4595a000 r--p 00017000 08:05 1054120                    /lib/x86_64-linux-gnu/libpthread-2.15.so
7fdb4595a000-7fdb4595b000 rw-p 00018000 08:05 1054120                    /lib/x86_64-linux-gnu/libpthread-2.15.so
7fdb4595b000-7fdb4595f000 rw-p 00000000 00:00 0 
7fdb4595f000-7fdb45981000 r-xp 00000000 08:05 1059120                    /lib/x86_64-linux-gnu/ld-2.15.so
7fdb45981000-7fdb45982000 r--p 00000000 00:00 0 
7fdb45982000-7fdb45984000 r--s 00002000 08:05 2734255                    /usr/local/processing-2.1.1/lib/ant-launcher.jar
7fdb45984000-7fdb45985000 r--s 00005000 08:03 23718                      /media/Data/processing/libraries/SimpleOpenNI/library/SimpleOpenNI.jar
7fdb45985000-7fdb45986000 r--s 00001000 08:05 2734278                    /usr/local/processing-2.1.1/core/library/gluegen-rt-natives-macosx-universal.jar
7fdb45986000-7fdb4598c000 r--s 0003d000 08:05 2734274                    /usr/local/processing-2.1.1/core/library/gluegen-rt.jar
7fdb4598c000-7fdb4598d000 r--s 00031000 08:05 2734277                    /usr/local/processing-2.1.1/core/library/jogl-all-natives-linux-amd64.jar
7fdb4598d000-7fdb4598e000 r--s 00000000 08:05 2734275                    /usr/local/processing-2.1.1/core/library/gluegen-rt-natives-linux-armv6hf.jar
7fdb4598e000-7fdb4598f000 r--s 00034000 08:05 2734281                    /usr/local/processing-2.1.1/core/library/jogl-all-natives-windows-amd64.jar
7fdb4598f000-7fdb45990000 r--s 00001000 08:05 2734280                    /usr/local/processing-2.1.1/core/library/gluegen-rt-natives-windows-amd64.jar
7fdb45990000-7fdb45991000 r--s 00001000 08:05 2734271                    /usr/local/processing-2.1.1/core/library/gluegen-rt-natives-windows-i586.jar
7fdb45991000-7fdb45995000 r--s 00097000 08:05 2734282                    /usr/local/processing-2.1.1/core/library/core.jar
7fdb45995000-7fdb4599f000 rw-p 00000000 00:00 0 
7fdb4599f000-7fdb45a55000 rw-p 00000000 00:00 0 
7fdb45a55000-7fdb45a58000 ---p 00000000 00:00 0 
7fdb45a58000-7fdb45b5a000 rw-p 00000000 00:00 0 
7fdb45b5a000-7fdb45b5b000 r--s 00062000 08:05 2734267                    /usr/local/processing-2.1.1/core/library/jogl-all-natives-macosx-universal.jar
7fdb45b5b000-7fdb45b5c000 r--s 0002d000 08:05 2734269                    /usr/local/processing-2.1.1/core/library/jogl-all-natives-windows-i586.jar
7fdb45b5c000-7fdb45b5d000 r--s 00000000 08:05 2734270                    /usr/local/processing-2.1.1/core/library/gluegen-rt-natives-linux-i586.jar
7fdb45b5d000-7fdb45b5e000 r--s 00000000 08:05 2734273                    /usr/local/processing-2.1.1/core/library/gluegen-rt-natives-linux-amd64.jar
7fdb45b5e000-7fdb45b5f000 r--s 00030000 08:05 2734276                    /usr/local/processing-2.1.1/core/library/jogl-all-natives-linux-i586.jar
7fdb45b5f000-7fdb45b60000 r--s 00022000 08:05 2734279                    /usr/local/processing-2.1.1/core/library/jogl-all-natives-linux-armv6hf.jar
7fdb45b60000-7fdb45b75000 rw-p 00000000 00:00 0 
7fdb45b75000-7fdb45b7d000 rw-s 00000000 08:05 405259                     /tmp/hsperfdata_ewe/3670
7fdb45b7d000-7fdb45b7e000 rw-p 00000000 00:00 0 
7fdb45b7e000-7fdb45b7f000 r--p 00000000 00:00 0 
7fdb45b7f000-7fdb45b81000 rw-p 00000000 00:00 0 
7fdb45b81000-7fdb45b82000 r--p 00022000 08:05 1059120                    /lib/x86_64-linux-gnu/ld-2.15.so
7fdb45b82000-7fdb45b84000 rw-p 00023000 08:05 1059120                    /lib/x86_64-linux-gnu/ld-2.15.so
7fff56865000-7fff56887000 rw-p 00000000 00:00 0                          [stack]
7fff56950000-7fff56951000 r-xp 00000000 00:00 0                          [vdso]
ffffffffff600000-ffffffffff601000 r-xp 00000000 00:00 0                  [vsyscall]

VM Arguments:
jvm_args: -agentlib:jdwp=transport=dt_socket,address=8661,server=y,suspend=y -Djava.library.path=:/media/Data/processing/libraries/SimpleOpenNI/library/linux64:/usr/java/packages/lib/amd64:/usr/lib64:/lib64:/lib:/usr/lib -ea 
java_command: processing.core.PApplet --display=1 sedakinect --sketch-path=/media/Data/processing/danza/senalDeAjuste/sedakinect
Launcher Type: SUN_STANDARD

Environment Variables:
CLASSPATH=/usr/local/processing-2.1.1/java/lib/rt.jar:/usr/local/processing-2.1.1/lib/ant-launcher.jar:/usr/local/processing-2.1.1/lib/ant.jar:/usr/local/processing-2.1.1/lib/antlr.jar:/usr/local/processing-2.1.1/lib/com.ibm.icu_4.4.2.v20110823.jar:/usr/local/processing-2.1.1/lib/jdi.jar:/usr/local/processing-2.1.1/lib/jdimodel.jar:/usr/local/processing-2.1.1/lib/jna.jar:/usr/local/processing-2.1.1/lib/org-netbeans-swing-outline.jar:/usr/local/processing-2.1.1/lib/org.eclipse.osgi_3.8.1.v20120830-144521.jar:/usr/local/processing-2.1.1/lib/pde.jar:/usr/local/processing-2.1.1/core/library/core.jar:/usr/local/processing-2.1.1/core/library/gluegen-rt-natives-linux-amd64.jar:/usr/local/processing-2.1.1/core/library/gluegen-rt-natives-linux-armv6hf.jar:/usr/local/processing-2.1.1/core/library/gluegen-rt-natives-linux-i586.jar:/usr/local/processing-2.1.1/core/library/gluegen-rt-natives-macosx-universal.jar:/usr/local/processing-2.1.1/core/library/gluegen-rt-natives-windows-amd64.jar:/usr/local/processing-2.1.1/core/library/gluegen-rt-natives-windows-i586.jar:/usr/local/processing-2.1.1/core/library/gluegen-rt.jar:/usr/local/processing-2.1.1/core/library/jogl-all-natives-linux-amd64.jar:/usr/local/processing-2.1.1/core/library/jogl-all-natives-linux-armv6hf.jar:/usr/local/processing-2.1.1/core/library/jogl-all-natives-linux-i586.jar:/usr/local/processing-2.1.1/core/library/jogl-all-natives-macosx-universal.jar:/usr/local/processing-2.1.1/core/library/jogl-all-natives-windows-amd64.jar:/usr/local/processing-2.1.1/core/library/jogl-all-natives-windows-i586.jar:/usr/local/processing-2.1.1/core/library/jogl-all.jar
PATH=/usr/local/processing-2.1.1/java/bin:/usr/lib/lightdm/lightdm:/usr/local/sbin:/usr/local/bin:/usr/sbin:/usr/bin:/sbin:/bin:/usr/games
SHELL=/bin/bash
DISPLAY=:0

Signal Handlers:
SIGSEGV: [libjvm.so+0x992d50], sa_mask[0]=0x7ffbfeff, sa_flags=0x10000004
SIGBUS: [libjvm.so+0x992d50], sa_mask[0]=0x7ffbfeff, sa_flags=0x10000004
SIGFPE: [libjvm.so+0x80fb00], sa_mask[0]=0x7ffbfeff, sa_flags=0x10000004
SIGPIPE: [libjvm.so+0x80fb00], sa_mask[0]=0x7ffbfeff, sa_flags=0x10000004
SIGXFSZ: [libjvm.so+0x80fb00], sa_mask[0]=0x7ffbfeff, sa_flags=0x10000004
SIGILL: [libjvm.so+0x80fb00], sa_mask[0]=0x7ffbfeff, sa_flags=0x10000004
SIGUSR1: SIG_DFL, sa_mask[0]=0x00000000, sa_flags=0x00000000
SIGUSR2: [libjvm.so+0x810ff0], sa_mask[0]=0x00000004, sa_flags=0x10000004
SIGHUP: [libjvm.so+0x811f60], sa_mask[0]=0x7ffbfeff, sa_flags=0x10000004
SIGINT: [libjvm.so+0x811f60], sa_mask[0]=0x7ffbfeff, sa_flags=0x10000004
SIGTERM: [libjvm.so+0x811f60], sa_mask[0]=0x7ffbfeff, sa_flags=0x10000004
SIGQUIT: [libjvm.so+0x811f60], sa_mask[0]=0x7ffbfeff, sa_flags=0x10000004


---------------  S Y S T E M  ---------------

OS:wheezy/sid

uname:Linux 3.2.0-52-generic #78-Ubuntu SMP Fri Jul 26 16:21:44 UTC 2013 x86_64
libc:glibc 2.15 NPTL 2.15 
rlimit: STACK 8192k, CORE 0k, NPROC 29318, NOFILE 4096, AS infinity
load average:2.12 1.96 1.78

/proc/meminfo:
MemTotal:        3770424 kB
MemFree:         1566468 kB
Buffers:          277144 kB
Cached:           567540 kB
SwapCached:            0 kB
Active:          1455904 kB
Inactive:         566704 kB
Active(anon):    1178740 kB
Inactive(anon):     3896 kB
Active(file):     277164 kB
Inactive(file):   562808 kB
Unevictable:           0 kB
Mlocked:               0 kB
SwapTotal:       1950716 kB
SwapFree:        1950716 kB
Dirty:               116 kB
Writeback:             0 kB
AnonPages:       1177980 kB
Mapped:           118296 kB
Shmem:              4668 kB
Slab:              66796 kB
SReclaimable:      40808 kB
SUnreclaim:        25988 kB
KernelStack:        3136 kB
PageTables:        26768 kB
NFS_Unstable:          0 kB
Bounce:                0 kB
WritebackTmp:          0 kB
CommitLimit:     3835928 kB
Committed_AS:    3125392 kB
VmallocTotal:   34359738367 kB
VmallocUsed:       94172 kB
VmallocChunk:   34359640856 kB
HardwareCorrupted:     0 kB
AnonHugePages:         0 kB
HugePages_Total:       0
HugePages_Free:        0
HugePages_Rsvd:        0
HugePages_Surp:        0
Hugepagesize:       2048 kB
DirectMap4k:       56320 kB
DirectMap2M:     1761280 kB
DirectMap1G:     2097152 kB


CPU:total 2 (2 cores per cpu, 1 threads per core) family 20 model 2 stepping 0, cmov, cx8, fxsr, mmx, sse, sse2, sse3, ssse3, popcnt, mmxext, lzcnt, sse4a, tsc, tscinvbit, tscinv

/proc/cpuinfo:
processor	: 0
vendor_id	: AuthenticAMD
cpu family	: 20
model		: 2
model name	: AMD C-60 APU with Radeon(tm) HD Graphics
stepping	: 0
microcode	: 0x5000101
cpu MHz		: 800.000
cache size	: 512 KB
physical id	: 0
siblings	: 2
core id		: 0
cpu cores	: 2
apicid		: 0
initial apicid	: 0
fpu		: yes
fpu_exception	: yes
cpuid level	: 6
wp		: yes
flags		: fpu vme de pse tsc msr pae mce cx8 apic sep mtrr pge mca cmov pat pse36 clflush mmx fxsr sse sse2 ht syscall nx mmxext fxsr_opt pdpe1gb rdtscp lm constant_tsc rep_good nopl nonstop_tsc extd_apicid aperfmperf pni monitor ssse3 cx16 popcnt lahf_lm cmp_legacy svm extapic cr8_legacy abm sse4a misalignsse 3dnowprefetch ibs skinit wdt arat cpb npt lbrv svm_lock nrip_save pausefilter
bogomips	: 1994.99
TLB size	: 1024 4K pages
clflush size	: 64
cache_alignment	: 64
address sizes	: 36 bits physical, 48 bits virtual
power management: ts ttp tm stc 100mhzsteps hwpstate cpb

processor	: 1
vendor_id	: AuthenticAMD
cpu family	: 20
model		: 2
model name	: AMD C-60 APU with Radeon(tm) HD Graphics
stepping	: 0
microcode	: 0x5000101
cpu MHz		: 800.000
cache size	: 512 KB
physical id	: 0
siblings	: 2
core id		: 1
cpu cores	: 2
apicid		: 1
initial apicid	: 1
fpu		: yes
fpu_exception	: yes
cpuid level	: 6
wp		: yes
flags		: fpu vme de pse tsc msr pae mce cx8 apic sep mtrr pge mca cmov pat pse36 clflush mmx fxsr sse sse2 ht syscall nx mmxext fxsr_opt pdpe1gb rdtscp lm constant_tsc rep_good nopl nonstop_tsc extd_apicid aperfmperf pni monitor ssse3 cx16 popcnt lahf_lm cmp_legacy svm extapic cr8_legacy abm sse4a misalignsse 3dnowprefetch ibs skinit wdt arat cpb npt lbrv svm_lock nrip_save pausefilter
bogomips	: 1995.09
TLB size	: 1024 4K pages
clflush size	: 64
cache_alignment	: 64
address sizes	: 36 bits physical, 48 bits virtual
power management: ts ttp tm stc 100mhzsteps hwpstate cpb



Memory: 4k page, physical 3770424k(1566468k free), swap 1950716k(1950716k free)

vm_info: Java HotSpot(TM) 64-Bit Server VM (24.0-b56) for linux-amd64 JRE (1.7.0_40-b43), built on Aug 26 2013 23:53:33 by "java_re" with gcc 4.3.0 20080428 (Red Hat 4.3.0-8)

time: Sat Aug  2 17:06:23 2014
elapsed time: 1311 seconds

