#
# A fatal error has been detected by the Java Runtime Environment:
#
#  SIGSEGV (0xb) at pc=0x00007fd0d2bd7080, pid=5109, tid=140534898947840
#
# JRE version: Java(TM) SE Runtime Environment (7.0_40-b43) (build 1.7.0_40-b43)
# Java VM: Java HotSpot(TM) 64-Bit Server VM (24.0-b56 mixed mode linux-amd64 compressed oops)
# Problematic frame:
# C  [libfreenect.so.0.1+0x8080]
#
# Failed to write core dump. Core dumps have been disabled. To enable core dumping, try "ulimit -c unlimited" before starting Java again
#
# If you would like to submit a bug report, please visit:
#   http://bugreport.sun.com/bugreport/crash.jsp
#

---------------  T H R E A D  ---------------

Current thread is native thread

siginfo:si_signo=SIGSEGV: si_errno=0, si_code=1 (SEGV_MAPERR), si_addr=0x00000000000007da

Registers:
RAX=0x00000000000007da, RBX=0x00007fd0e0478640, RCX=0x0000000000006bee, RDX=0x0000000000000000
RSP=0x00007fd0d4baea78, RBP=0x00007fd0d4baeac0, RSI=0x00007fd0d4baeab0, RDI=0x00007fd0e0522266
R8 =0x0000000000067200, R9 =0x00000000000000f2, R10=0xffffffffffffffff, R11=0xffffffffffffffff
R12=0x0000000000000000, R13=0x00007fd0e0478698, R14=0x0000000000000000, R15=0x0000000000000001
RIP=0x00007fd0d2bd7080, EFLAGS=0x0000000000010202, CSGSFS=0x0000000000000033, ERR=0x0000000000000004
  TRAPNO=0x000000000000000e

Top of Stack: (sp=0x00007fd0d4baea78)
0x00007fd0d4baea78:   00007fd0e03835b0 00007fd0e0522271
0x00007fd0d4baea88:   00007fd0e0375ce0 0000000200000003
0x00007fd0d4baea98:   000000160fcd7200 000000060000000e
0x00007fd0d4baeaa8:   00007fd0e0375e68 03ea03ea03ea03ea
0x00007fd0d4baeab8:   03ee03ed03ec03eb 00007fd0d4baeb10
0x00007fd0d4baeac8:   00007fd0d2bd2599 00000000000000f2
0x00007fd0d4baead8:   00007fd1767d99c6 0000000000000000
0x00007fd0d4baeae8:   00000478e04784a0 00007fd0e058eb40
0x00007fd0d4baeaf8:   00007fd0e0375ce0 00067200e04784f8
0x00007fd0d4baeb08:   00007fd0e0372a70 00007fd0d4baeb60
0x00007fd0d4baeb18:   00007fd0d2bd64af 0000000000000000
0x00007fd0d4baeb28:   00007fd0e0478698 0000000000000000
0x00007fd0d4baeb38:   00000002d29c4ca3 0000000000000000
0x00007fd0d4baeb48:   00007fd0e058eb40 00007fd0e0375d10
0x00007fd0d4baeb58:   00007fd0e0372a70 00007fd0e0372ab0
0x00007fd0d4baeb68:   00007fd0d29c5656 00007fd0e0372af8
0x00007fd0d4baeb78:   0000000000000003 0000000000000000
0x00007fd0d4baeb88:   00007fd0f400acc0 00007fd0e0478640
0x00007fd0d4baeb98:   00007fd0d29c899b 00007fd0f40ac730
0x00007fd0d4baeba8:   00007fd000000000 0000000000000003
0x00007fd0d4baebb8:   00007fd0e0372ab0 00007fd0e0478670
0x00007fd0d4baebc8:   00007fd0e0372b08 0000000000000000
0x00007fd0d4baebd8:   0000000100000018 0000000000000003
0x00007fd0d4baebe8:   00007fd0f40ac730 00007fd0e0372b68
0x00007fd0d4baebf8:   00007fd0e0372ab0 00007fd0f400acc0
0x00007fd0d4baec08:   00007fd0d4baec80 0000000000000003
0x00007fd0d4baec18:   0000000000000001 00007fd0e0372b68
0x00007fd0d4baec28:   00007fd0d29c5440 00007fd0e0372c88
0x00007fd0d4baec38:   00007fd0e0372b78 0000000000000000
0x00007fd0d4baec48:   00007fd0e0372ab0 0000000000000000
0x00007fd0d4baec58:   0000000000000000 00007fd0d4baf9c0
0x00007fd0d4baec68:   00007fd0e047f580 0000000000000003 

Instructions: (pc=0x00007fd0d2bd7080)
0x00007fd0d2bd7060:   83 45 c0 0b 48 8b 45 e8 48 8b 90 98 00 00 00 8b
0x00007fd0d2bd7070:   45 e4 0f b7 44 45 f0 0f b7 c0 48 01 c0 48 01 d0
0x00007fd0d2bd7080:   0f b7 00 66 89 45 da 83 45 e4 01 8b 55 e0 89 d0
0x00007fd0d2bd7090:   c1 e0 02 01 d0 c1 e0 07 89 c2 8b 45 dc 01 d0 89 

Register to memory mapping:

RAX=0x00000000000007da is an unknown value
RBX=0x00007fd0e0478640 is an unknown value
RCX=0x0000000000006bee is an unknown value
RDX=0x0000000000000000 is an unknown value
RSP=0x00007fd0d4baea78 is an unknown value
RBP=0x00007fd0d4baeac0 is an unknown value
RSI=0x00007fd0d4baeab0 is an unknown value
RDI=0x00007fd0e0522266 is an unknown value
R8 =0x0000000000067200 is an unknown value
R9 =0x00000000000000f2 is an unknown value
R10=0xffffffffffffffff is an unknown value
R11=0xffffffffffffffff is an unknown value
R12=0x0000000000000000 is an unknown value
R13=0x00007fd0e0478698 is an unknown value
R14=0x0000000000000000 is an unknown value
R15=0x0000000000000001 is an unknown value


Stack: [0x00007fd0d43af000,0x00007fd0d4bb0000],  sp=0x00007fd0d4baea78,  free space=8190k
Native frames: (J=compiled Java code, j=interpreted, Vv=VM code, C=native code)
C  [libfreenect.so.0.1+0x8080]
C  [libfreenect.so.0.1+0x3599]
C  [libfreenect.so.0.1+0x74af]


---------------  P R O C E S S  ---------------

VM state:not at safepoint (normal execution)

VM Mutex/Monitor currently owned by a thread: None

Heap
 PSYoungGen      total 34816K, used 6054K [0x00000000ecc80000, 0x00000000ef600000, 0x0000000100000000)
  eden space 28160K, 10% used [0x00000000ecc80000,0x00000000ecf49900,0x00000000ee800000)
  from space 6656K, 48% used [0x00000000eef80000,0x00000000ef2a0010,0x00000000ef600000)
  to   space 7168K, 0% used [0x00000000ee800000,0x00000000ee800000,0x00000000eef00000)
 ParOldGen       total 68096K, used 40056K [0x00000000c6600000, 0x00000000ca880000, 0x00000000ecc80000)
  object space 68096K, 58% used [0x00000000c6600000,0x00000000c8d1e2c8,0x00000000ca880000)
 PSPermGen       total 33280K, used 17911K [0x00000000c1400000, 0x00000000c3480000, 0x00000000c6600000)
  object space 33280K, 53% used [0x00000000c1400000,0x00000000c257dc70,0x00000000c3480000)

Card table byte_map: [0x00007fd12061c000,0x00007fd120813000] byte_map_base: 0x00007fd120012000

Polling page: 0x00007fd12427c000

Code Cache  [0x00007fd119000000, 0x00007fd1192e0000, 0x00007fd11c000000)
 total_blobs=1675 nmethods=808 adapters=829 free_code_cache=46308Kb largest_free_block=47352448

Compilation events (10 events):
Event: 2124.861 Thread 0x00007fd11c0a0800 nmethod 818 0x00007fd1192c2f10 code [0x00007fd1192c30a0, 0x00007fd1192c32a8]
Event: 2124.876 Thread 0x00007fd11c0a3800 nmethod 817 0x00007fd1192b4b90 code [0x00007fd1192b4da0, 0x00007fd1192b5310]
Event: 2125.158 Thread 0x00007fd11c0a0800  819             processing.opengl.PGraphicsOpenGL::canDraw (8 bytes)
Event: 2125.158 Thread 0x00007fd11c0a3800  820             processing.opengl.PGraphicsOpenGL::beginDraw (134 bytes)
Event: 2125.164 Thread 0x00007fd11c0a0800 nmethod 819 0x00007fd1192b3410 code [0x00007fd1192b3560, 0x00007fd1192b36d8]
Event: 2125.170 Thread 0x00007fd11c0a0800  821             processing.opengl.PGraphicsOpenGL::setViewport (86 bytes)
Event: 2125.235 Thread 0x00007fd11c0a0800 nmethod 821 0x00007fd1192b65d0 code [0x00007fd1192b67a0, 0x00007fd1192b6dc8]
Event: 2125.236 Thread 0x00007fd11c0a0800  822             processing.opengl.PGraphicsOpenGL::beginOnscreenDraw (151 bytes)
Event: 2125.302 Thread 0x00007fd11c0a0800 nmethod 822 0x00007fd1192cf690 code [0x00007fd1192cf880, 0x00007fd1192cfef0]
Event: 2125.367 Thread 0x00007fd11c0a3800 nmethod 820 0x00007fd1192d4c10 code [0x00007fd1192d4f60, 0x00007fd1192d6038]

GC Heap History (10 events):
Event: 1684.673 GC heap before
{Heap before GC invocations=27 (full 1):
 PSYoungGen      total 31232K, used 30784K [0x00000000ecc80000, 0x00000000efb80000, 0x0000000100000000)
  eden space 30720K, 100% used [0x00000000ecc80000,0x00000000eea80000,0x00000000eea80000)
  from space 512K, 12% used [0x00000000eeb00000,0x00000000eeb10000,0x00000000eeb80000)
  to   space 8704K, 0% used [0x00000000ef300000,0x00000000ef300000,0x00000000efb80000)
 ParOldGen       total 68096K, used 40008K [0x00000000c6600000, 0x00000000ca880000, 0x00000000ecc80000)
  object space 68096K, 58% used [0x00000000c6600000,0x00000000c8d122c8,0x00000000ca880000)
 PSPermGen       total 33280K, used 17877K [0x00000000c1400000, 0x00000000c3480000, 0x00000000c6600000)
  object space 33280K, 53% used [0x00000000c1400000,0x00000000c25756c8,0x00000000c3480000)
Event: 1684.680 GC heap after
Heap after GC invocations=27 (full 1):
 PSYoungGen      total 37376K, used 64K [0x00000000ecc80000, 0x00000000efa00000, 0x0000000100000000)
  eden space 30208K, 0% used [0x00000000ecc80000,0x00000000ecc80000,0x00000000eea00000)
  from space 7168K, 0% used [0x00000000ef300000,0x00000000ef310000,0x00000000efa00000)
  to   space 8192K, 0% used [0x00000000eea00000,0x00000000eea00000,0x00000000ef200000)
 ParOldGen       total 68096K, used 40008K [0x00000000c6600000, 0x00000000ca880000, 0x00000000ecc80000)
  object space 68096K, 58% used [0x00000000c6600000,0x00000000c8d122c8,0x00000000ca880000)
 PSPermGen       total 33280K, used 17877K [0x00000000c1400000, 0x00000000c3480000, 0x00000000c6600000)
  object space 33280K, 53% used [0x00000000c1400000,0x00000000c25756c8,0x00000000c3480000)
}
Event: 1755.769 GC heap before
{Heap before GC invocations=28 (full 1):
 PSYoungGen      total 37376K, used 30272K [0x00000000ecc80000, 0x00000000efa00000, 0x0000000100000000)
  eden space 30208K, 100% used [0x00000000ecc80000,0x00000000eea00000,0x00000000eea00000)
  from space 7168K, 0% used [0x00000000ef300000,0x00000000ef310000,0x00000000efa00000)
  to   space 8192K, 0% used [0x00000000eea00000,0x00000000eea00000,0x00000000ef200000)
 ParOldGen       total 68096K, used 40008K [0x00000000c6600000, 0x00000000ca880000, 0x00000000ecc80000)
  object space 68096K, 58% used [0x00000000c6600000,0x00000000c8d122c8,0x00000000ca880000)
 PSPermGen       total 33280K, used 17877K [0x00000000c1400000, 0x00000000c3480000, 0x00000000c6600000)
  object space 33280K, 53% used [0x00000000c1400000,0x00000000c25756c8,0x00000000c3480000)
Event: 1755.776 GC heap after
Heap after GC invocations=28 (full 1):
 PSYoungGen      total 30208K, used 64K [0x00000000ecc80000, 0x00000000ef880000, 0x0000000100000000)
  eden space 29696K, 0% used [0x00000000ecc80000,0x00000000ecc80000,0x00000000ee980000)
  from space 512K, 12% used [0x00000000eea00000,0x00000000eea10000,0x00000000eea80000)
  to   space 7680K, 0% used [0x00000000ef100000,0x00000000ef100000,0x00000000ef880000)
 ParOldGen       total 68096K, used 40032K [0x00000000c6600000, 0x00000000ca880000, 0x00000000ecc80000)
  object space 68096K, 58% used [0x00000000c6600000,0x00000000c8d182c8,0x00000000ca880000)
 PSPermGen       total 33280K, used 17877K [0x00000000c1400000, 0x00000000c3480000, 0x00000000c6600000)
  object space 33280K, 53% used [0x00000000c1400000,0x00000000c25756c8,0x00000000c3480000)
}
Event: 1826.361 GC heap before
{Heap before GC invocations=29 (full 1):
 PSYoungGen      total 30208K, used 29760K [0x00000000ecc80000, 0x00000000ef880000, 0x0000000100000000)
  eden space 29696K, 100% used [0x00000000ecc80000,0x00000000ee980000,0x00000000ee980000)
  from space 512K, 12% used [0x00000000eea00000,0x00000000eea10000,0x00000000eea80000)
  to   space 7680K, 0% used [0x00000000ef100000,0x00000000ef100000,0x00000000ef880000)
 ParOldGen       total 68096K, used 40032K [0x00000000c6600000, 0x00000000ca880000, 0x00000000ecc80000)
  object space 68096K, 58% used [0x00000000c6600000,0x00000000c8d182c8,0x00000000ca880000)
 PSPermGen       total 33280K, used 17877K [0x00000000c1400000, 0x00000000c3480000, 0x00000000c6600000)
  object space 33280K, 53% used [0x00000000c1400000,0x00000000c25756c8,0x00000000c3480000)
Event: 1826.367 GC heap after
Heap after GC invocations=29 (full 1):
 PSYoungGen      total 35328K, used 64K [0x00000000ecc80000, 0x00000000ef700000, 0x0000000100000000)
  eden space 29184K, 0% used [0x00000000ecc80000,0x00000000ecc80000,0x00000000ee900000)
  from space 6144K, 1% used [0x00000000ef100000,0x00000000ef110000,0x00000000ef700000)
  to   space 7168K, 0% used [0x00000000ee900000,0x00000000ee900000,0x00000000ef000000)
 ParOldGen       total 68096K, used 40048K [0x00000000c6600000, 0x00000000ca880000, 0x00000000ecc80000)
  object space 68096K, 58% used [0x00000000c6600000,0x00000000c8d1c2c8,0x00000000ca880000)
 PSPermGen       total 33280K, used 17877K [0x00000000c1400000, 0x00000000c3480000, 0x00000000c6600000)
  object space 33280K, 53% used [0x00000000c1400000,0x00000000c25756c8,0x00000000c3480000)
}
Event: 1895.228 GC heap before
{Heap before GC invocations=30 (full 1):
 PSYoungGen      total 35328K, used 29248K [0x00000000ecc80000, 0x00000000ef700000, 0x0000000100000000)
  eden space 29184K, 100% used [0x00000000ecc80000,0x00000000ee900000,0x00000000ee900000)
  from space 6144K, 1% used [0x00000000ef100000,0x00000000ef110000,0x00000000ef700000)
  to   space 7168K, 0% used [0x00000000ee900000,0x00000000ee900000,0x00000000ef000000)
 ParOldGen       total 68096K, used 40048K [0x00000000c6600000, 0x00000000ca880000, 0x00000000ecc80000)
  object space 68096K, 58% used [0x00000000c6600000,0x00000000c8d1c2c8,0x00000000ca880000)
 PSPermGen       total 33280K, used 17877K [0x00000000c1400000, 0x00000000c3480000, 0x00000000c6600000)
  object space 33280K, 53% used [0x00000000c1400000,0x00000000c25756c8,0x00000000c3480000)
Event: 1895.235 GC heap after
Heap after GC invocations=30 (full 1):
 PSYoungGen      total 29184K, used 64K [0x00000000ecc80000, 0x00000000ef680000, 0x0000000100000000)
  eden space 28672K, 0% used [0x00000000ecc80000,0x00000000ecc80000,0x00000000ee880000)
  from space 512K, 12% used [0x00000000ee900000,0x00000000ee910000,0x00000000ee980000)
  to   space 7168K, 0% used [0x00000000eef80000,0x00000000eef80000,0x00000000ef680000)
 ParOldGen       total 68096K, used 40056K [0x00000000c6600000, 0x00000000ca880000, 0x00000000ecc80000)
  object space 68096K, 58% used [0x00000000c6600000,0x00000000c8d1e2c8,0x00000000ca880000)
 PSPermGen       total 33280K, used 17877K [0x00000000c1400000, 0x00000000c3480000, 0x00000000c6600000)
  object space 33280K, 53% used [0x00000000c1400000,0x00000000c25756c8,0x00000000c3480000)
}
Event: 2117.854 GC heap before
{Heap before GC invocations=31 (full 1):
 PSYoungGen      total 29184K, used 28736K [0x00000000ecc80000, 0x00000000ef680000, 0x0000000100000000)
  eden space 28672K, 100% used [0x00000000ecc80000,0x00000000ee880000,0x00000000ee880000)
  from space 512K, 12% used [0x00000000ee900000,0x00000000ee910000,0x00000000ee980000)
  to   space 7168K, 0% used [0x00000000eef80000,0x00000000eef80000,0x00000000ef680000)
 ParOldGen       total 68096K, used 40056K [0x00000000c6600000, 0x00000000ca880000, 0x00000000ecc80000)
  object space 68096K, 58% used [0x00000000c6600000,0x00000000c8d1e2c8,0x00000000ca880000)
 PSPermGen       total 33280K, used 17899K [0x00000000c1400000, 0x00000000c3480000, 0x00000000c6600000)
  object space 33280K, 53% used [0x00000000c1400000,0x00000000c257ad40,0x00000000c3480000)
Event: 2117.866 GC heap after
Heap after GC invocations=31 (full 1):
 PSYoungGen      total 34816K, used 3200K [0x00000000ecc80000, 0x00000000ef600000, 0x0000000100000000)
  eden space 28160K, 0% used [0x00000000ecc80000,0x00000000ecc80000,0x00000000ee800000)
  from space 6656K, 48% used [0x00000000eef80000,0x00000000ef2a0010,0x00000000ef600000)
  to   space 7168K, 0% used [0x00000000ee800000,0x00000000ee800000,0x00000000eef00000)
 ParOldGen       total 68096K, used 40056K [0x00000000c6600000, 0x00000000ca880000, 0x00000000ecc80000)
  object space 68096K, 58% used [0x00000000c6600000,0x00000000c8d1e2c8,0x00000000ca880000)
 PSPermGen       total 33280K, used 17899K [0x00000000c1400000, 0x00000000c3480000, 0x00000000c6600000)
  object space 33280K, 53% used [0x00000000c1400000,0x00000000c257ad40,0x00000000c3480000)
}

Deoptimization events (10 events):
Event: 2188.256 Thread 0x00007fd0ec2fc800 Uncommon trap: reason=class_check action=maybe_recompile pc=0x00007fd1191b87d8 method=jogamp.opengl.GLDrawableImpl.getHandle()J @ 4
Event: 2188.256 Thread 0x00007fd0ec2fc800 Uncommon trap: reason=class_check action=maybe_recompile pc=0x00007fd1191b87d8 method=jogamp.opengl.GLDrawableImpl.getHandle()J @ 4
Event: 2188.256 Thread 0x00007fd0ec2fc800 Uncommon trap: reason=class_check action=maybe_recompile pc=0x00007fd11924cbdc method=jogamp.opengl.x11.glx.X11GLXContext.releaseImpl()V @ 7
Event: 2188.257 Thread 0x00007fd0ec2fc800 Uncommon trap: reason=class_check action=maybe_recompile pc=0x00007fd1191fdbd8 method=jogamp.opengl.GLDrawableImpl.unlockSurface()V @ 4
Event: 2188.258 Thread 0x00007fd0ec2fc800 Uncommon trap: reason=class_check action=maybe_recompile pc=0x00007fd1191fdbd8 method=jogamp.opengl.GLDrawableImpl.unlockSurface()V @ 4
Event: 2188.264 Thread 0x00007fd11c298000 Uncommon trap: reason=class_check action=maybe_recompile pc=0x00007fd11911ae38 method=java.util.HashMap.put(Ljava/lang/Object;Ljava/lang/Object;)Ljava/lang/Object; @ 83
Event: 2188.275 Thread 0x00007fd11c298000 Uncommon trap: reason=class_check action=maybe_recompile pc=0x00007fd1191abc6c method=jogamp.common.util.locks.RecursiveLockImpl01Unfairish.unlock()V @ 9
Event: 2188.275 Thread 0x00007fd11c298000 Uncommon trap: reason=class_check action=maybe_recompile pc=0x00007fd1191af48c method=jogamp.common.util.locks.RecursiveLockImpl01Unfairish.validateLocked()V @ 14
Event: 2188.275 Thread 0x00007fd11c298000 Uncommon trap: reason=unreached action=reinterpret pc=0x00007fd1191d83c0 method=processing.core.PApplet.handleMethods(Ljava/lang/String;)V @ 13
Event: 2188.275 Thread 0x00007fd11c298000 Uncommon trap: reason=unreached action=reinterpret pc=0x00007fd1191b4b18 method=java.lang.reflect.Method.invoke(Ljava/lang/Object;[Ljava/lang/Object;)Ljava/lang/Object; @ 46

Internal exceptions (10 events):
Event: 2125.188 Thread 0x00007fd11c27c000 Threw 0x00000000ecccff20 at /HUDSON/workspace/jdk7u40-2-build-linux-amd64-product/jdk7u40/hotspot/src/share/vm/interpreter/linkResolver.cpp:883
Event: 2125.381 Thread 0x00007fd11c27c000 Threw 0x00000000eccd0df0 at /HUDSON/workspace/jdk7u40-2-build-linux-amd64-product/jdk7u40/hotspot/src/share/vm/interpreter/linkResolver.cpp:883
Event: 2125.492 Thread 0x00007fd11c27c000 Threw 0x00000000eccd1cc0 at /HUDSON/workspace/jdk7u40-2-build-linux-amd64-product/jdk7u40/hotspot/src/share/vm/interpreter/linkResolver.cpp:883
Event: 2125.592 Thread 0x00007fd11c27c000 Threw 0x00000000eccd2b90 at /HUDSON/workspace/jdk7u40-2-build-linux-amd64-product/jdk7u40/hotspot/src/share/vm/interpreter/linkResolver.cpp:883
Event: 2153.095 Thread 0x00007fd11c27c000 Threw 0x00000000ecdcdfb8 at /HUDSON/workspace/jdk7u40-2-build-linux-amd64-product/jdk7u40/hotspot/src/share/vm/interpreter/linkResolver.cpp:883
Event: 2155.313 Thread 0x00007fd11c27c000 Threw 0x00000000ecde0c00 at /HUDSON/workspace/jdk7u40-2-build-linux-amd64-product/jdk7u40/hotspot/src/share/vm/interpreter/linkResolver.cpp:883
Event: 2188.265 Thread 0x00007fd11c298000 Threw 0x00000000ecf38570 at /HUDSON/workspace/jdk7u40-2-build-linux-amd64-product/jdk7u40/hotspot/src/share/vm/prims/jvm.cpp:1244
Event: 2188.268 Thread 0x00007fd11c298000 Threw 0x00000000ecf3e448 at /HUDSON/workspace/jdk7u40-2-build-linux-amd64-product/jdk7u40/hotspot/src/share/vm/prims/jvm.cpp:1244
Event: 2188.272 Thread 0x00007fd11c298000 Threw 0x00000000ecf44bc8 at /HUDSON/workspace/jdk7u40-2-build-linux-amd64-product/jdk7u40/hotspot/src/share/vm/prims/jvm.cpp:1244
Event: 2188.275 Thread 0x00007fd11c298000 Implicit null exception at 0x00007fd1191b4a22 to 0x00007fd1191b4b0d

Events (10 events):
Event: 2188.275 Thread 0x00007fd11c298000 DEOPT UNPACKING pc=0x00007fd119039045 sp=0x00007fd111629450 mode 2
Event: 2188.275 Thread 0x00007fd11c298000 Uncommon trap: trap_request=0xffffffde fr.pc=0x00007fd1191af48c
Event: 2188.275 Thread 0x00007fd11c298000 DEOPT PACKING pc=0x00007fd1191af48c sp=0x00007fd111629360
Event: 2188.275 Thread 0x00007fd11c298000 DEOPT UNPACKING pc=0x00007fd119039045 sp=0x00007fd1116292b0 mode 2
Event: 2188.275 Thread 0x00007fd11c298000 Uncommon trap: trap_request=0xffffffad fr.pc=0x00007fd1191d83c0
Event: 2188.275 Thread 0x00007fd11c298000 DEOPT PACKING pc=0x00007fd1191d83c0 sp=0x00007fd111629570
Event: 2188.275 Thread 0x00007fd11c298000 DEOPT UNPACKING pc=0x00007fd119039045 sp=0x00007fd111629570 mode 2
Event: 2188.275 Thread 0x00007fd11c298000 Uncommon trap: trap_request=0xffffffad fr.pc=0x00007fd1191b4b18
Event: 2188.275 Thread 0x00007fd11c298000 DEOPT PACKING pc=0x00007fd1191b4b18 sp=0x00007fd111629440
Event: 2188.275 Thread 0x00007fd11c298000 DEOPT UNPACKING pc=0x00007fd119039045 sp=0x00007fd111629420 mode 2


Dynamic libraries:
00400000-00401000 r-xp 00000000 08:05 2773002                            /usr/local/processing-2.1.1/java/bin/java
00600000-00601000 rw-p 00000000 08:05 2773002                            /usr/local/processing-2.1.1/java/bin/java
01712000-01759000 rw-p 00000000 00:00 0                                  [heap]
c1400000-c3480000 rw-p 00000000 00:00 0 
c3480000-c6600000 rw-p 00000000 00:00 0 
c6600000-ca880000 rw-p 00000000 00:00 0 
ca880000-ecc80000 rw-p 00000000 00:00 0 
ecc80000-ef600000 rw-p 00000000 00:00 0 
ef600000-f1080000 ---p 00000000 00:00 0 
f1080000-100000000 rw-p 00000000 00:00 0 
7fd0b4000000-7fd0b6b97000 rw-p 00000000 00:00 0 
7fd0b6b97000-7fd0b8000000 ---p 00000000 00:00 0 
7fd0bc000000-7fd0bff8e000 rw-p 00000000 00:00 0 
7fd0bff8e000-7fd0c0000000 ---p 00000000 00:00 0 
7fd0c38c8000-7fd0c3930000 r-xp 00000000 08:05 2772951                    /usr/local/processing-2.1.1/java/lib/amd64/libt2k.so
7fd0c3930000-7fd0c3b30000 ---p 00068000 08:05 2772951                    /usr/local/processing-2.1.1/java/lib/amd64/libt2k.so
7fd0c3b30000-7fd0c3b37000 rw-p 00068000 08:05 2772951                    /usr/local/processing-2.1.1/java/lib/amd64/libt2k.so
7fd0c3b37000-7fd0c3b47000 rw-p 00000000 00:00 0 
7fd0c4000000-7fd0c7ffb000 rw-p 00000000 00:00 0 
7fd0c7ffb000-7fd0c8000000 ---p 00000000 00:00 0 
7fd0c851e000-7fd0c857e000 r-xp 00000000 08:05 2772980                    /usr/local/processing-2.1.1/java/lib/amd64/libfontmanager.so
7fd0c857e000-7fd0c877d000 ---p 00060000 08:05 2772980                    /usr/local/processing-2.1.1/java/lib/amd64/libfontmanager.so
7fd0c877d000-7fd0c8781000 rw-p 0005f000 08:05 2772980                    /usr/local/processing-2.1.1/java/lib/amd64/libfontmanager.so
7fd0c8781000-7fd0c8792000 rw-p 00000000 00:00 0 
7fd0c8909000-7fd0c890a000 rw-s 118684000 00:05 6695                      /dev/dri/card0
7fd0c890a000-7fd0c890b000 rw-s 118683000 00:05 6695                      /dev/dri/card0
7fd0c890b000-7fd0c890c000 rw-s 118682000 00:05 6695                      /dev/dri/card0
7fd0c890d000-7fd0c890e000 rw-s 118680000 00:05 6695                      /dev/dri/card0
7fd0c890e000-7fd0c890f000 rw-s 11867f000 00:05 6695                      /dev/dri/card0
7fd0c8a92000-7fd0c8d93000 rw-p 00000000 00:00 0 
7fd0c8e93000-7fd0c8e94000 rw-s 102a51000 00:05 6695                      /dev/dri/card0
7fd0c8e97000-7fd0c8e98000 ---p 00000000 00:00 0 
7fd0c8e98000-7fd0cfeee000 rw-p 00000000 00:00 0 
7fd0d0b2d000-7fd0d0b67000 r-xp 00000000 08:05 2772949                    /usr/local/processing-2.1.1/java/lib/amd64/libjpeg.so
7fd0d0b67000-7fd0d0d67000 ---p 0003a000 08:05 2772949                    /usr/local/processing-2.1.1/java/lib/amd64/libjpeg.so
7fd0d0d67000-7fd0d0d68000 rw-p 0003a000 08:05 2772949                    /usr/local/processing-2.1.1/java/lib/amd64/libjpeg.so
7fd0d0f68000-7fd0d0f69000 ---p 00000000 00:00 0 
7fd0d0f69000-7fd0d1769000 rw-p 00000000 00:00 0 
7fd0d1aee000-7fd0d1aef000 ---p 00000000 00:00 0 
7fd0d1aef000-7fd0d22ef000 rw-p 00000000 00:00 0 
7fd0d2548000-7fd0d2592000 r-xp 00000000 08:03 23704                      /media/Data/processing/libraries/SimpleOpenNI/library/linux64/OpenNI2/Drivers/libOniFile.so
7fd0d2592000-7fd0d2791000 ---p 0004a000 08:03 23704                      /media/Data/processing/libraries/SimpleOpenNI/library/linux64/OpenNI2/Drivers/libOniFile.so
7fd0d2791000-7fd0d2793000 r--p 00049000 08:03 23704                      /media/Data/processing/libraries/SimpleOpenNI/library/linux64/OpenNI2/Drivers/libOniFile.so
7fd0d2793000-7fd0d2794000 rw-p 0004b000 08:03 23704                      /media/Data/processing/libraries/SimpleOpenNI/library/linux64/OpenNI2/Drivers/libOniFile.so
7fd0d2794000-7fd0d27b4000 rw-p 00000000 00:00 0 
7fd0d27b4000-7fd0d27bf000 r-xp 00000000 08:03 23705                      /media/Data/processing/libraries/SimpleOpenNI/library/linux64/OpenNI2/Drivers/libfreenect.so
7fd0d27bf000-7fd0d29be000 ---p 0000b000 08:03 23705                      /media/Data/processing/libraries/SimpleOpenNI/library/linux64/OpenNI2/Drivers/libfreenect.so
7fd0d29be000-7fd0d29bf000 r--p 0000a000 08:03 23705                      /media/Data/processing/libraries/SimpleOpenNI/library/linux64/OpenNI2/Drivers/libfreenect.so
7fd0d29bf000-7fd0d29c0000 rw-p 0000b000 08:03 23705                      /media/Data/processing/libraries/SimpleOpenNI/library/linux64/OpenNI2/Drivers/libfreenect.so
7fd0d29c0000-7fd0d29ce000 r-xp 00000000 08:05 1052466                    /lib/x86_64-linux-gnu/libusb-1.0.so.0.1.0
7fd0d29ce000-7fd0d2bcd000 ---p 0000e000 08:05 1052466                    /lib/x86_64-linux-gnu/libusb-1.0.so.0.1.0
7fd0d2bcd000-7fd0d2bce000 r--p 0000d000 08:05 1052466                    /lib/x86_64-linux-gnu/libusb-1.0.so.0.1.0
7fd0d2bce000-7fd0d2bcf000 rw-p 0000e000 08:05 1052466                    /lib/x86_64-linux-gnu/libusb-1.0.so.0.1.0
7fd0d2bcf000-7fd0d2bda000 r-xp 00000000 08:03 23702                      /media/Data/processing/libraries/SimpleOpenNI/library/linux64/OpenNI2/Drivers/libfreenect.so.0.1
7fd0d2bda000-7fd0d2dd9000 ---p 0000b000 08:03 23702                      /media/Data/processing/libraries/SimpleOpenNI/library/linux64/OpenNI2/Drivers/libfreenect.so.0.1
7fd0d2dd9000-7fd0d2dda000 r--p 0000a000 08:03 23702                      /media/Data/processing/libraries/SimpleOpenNI/library/linux64/OpenNI2/Drivers/libfreenect.so.0.1
7fd0d2dda000-7fd0d2ddb000 rw-p 0000b000 08:03 23702                      /media/Data/processing/libraries/SimpleOpenNI/library/linux64/OpenNI2/Drivers/libfreenect.so.0.1
7fd0d2ddb000-7fd0d2df2000 r-xp 00000000 08:03 23703                      /media/Data/processing/libraries/SimpleOpenNI/library/linux64/OpenNI2/Drivers/libFreenectDriver.so
7fd0d2df2000-7fd0d2ff2000 ---p 00017000 08:03 23703                      /media/Data/processing/libraries/SimpleOpenNI/library/linux64/OpenNI2/Drivers/libFreenectDriver.so
7fd0d2ff2000-7fd0d2ff3000 r--p 00017000 08:03 23703                      /media/Data/processing/libraries/SimpleOpenNI/library/linux64/OpenNI2/Drivers/libFreenectDriver.so
7fd0d2ff3000-7fd0d2ff4000 rw-p 00018000 08:03 23703                      /media/Data/processing/libraries/SimpleOpenNI/library/linux64/OpenNI2/Drivers/libFreenectDriver.so
7fd0d2ff4000-7fd0d2ff8000 rw-p 0001f000 08:03 23703                      /media/Data/processing/libraries/SimpleOpenNI/library/linux64/OpenNI2/Drivers/libFreenectDriver.so
7fd0d2ff8000-7fd0d300e000 r-xp 00000000 08:03 23708                      /media/Data/processing/libraries/SimpleOpenNI/library/linux64/OpenNI2/Drivers/libDummyDevice.so
7fd0d300e000-7fd0d320e000 ---p 00016000 08:03 23708                      /media/Data/processing/libraries/SimpleOpenNI/library/linux64/OpenNI2/Drivers/libDummyDevice.so
7fd0d320e000-7fd0d320f000 r--p 00016000 08:03 23708                      /media/Data/processing/libraries/SimpleOpenNI/library/linux64/OpenNI2/Drivers/libDummyDevice.so
7fd0d320f000-7fd0d3210000 rw-p 00017000 08:03 23708                      /media/Data/processing/libraries/SimpleOpenNI/library/linux64/OpenNI2/Drivers/libDummyDevice.so
7fd0d3210000-7fd0d3213000 r-xp 00000000 08:05 977001                     /usr/local/lib/libboost_system.so.1.54.0
7fd0d3213000-7fd0d3412000 ---p 00003000 08:05 977001                     /usr/local/lib/libboost_system.so.1.54.0
7fd0d3412000-7fd0d3413000 r--p 00002000 08:05 977001                     /usr/local/lib/libboost_system.so.1.54.0
7fd0d3413000-7fd0d3414000 rw-p 00003000 08:05 977001                     /usr/local/lib/libboost_system.so.1.54.0
7fd0d3414000-7fd0d38bb000 r-xp 00000000 08:03 23711                      /media/Data/processing/libraries/SimpleOpenNI/library/linux64/libNiTE2.so
7fd0d38bb000-7fd0d3aba000 ---p 004a7000 08:03 23711                      /media/Data/processing/libraries/SimpleOpenNI/library/linux64/libNiTE2.so
7fd0d3aba000-7fd0d3ac6000 r--p 004a6000 08:03 23711                      /media/Data/processing/libraries/SimpleOpenNI/library/linux64/libNiTE2.so
7fd0d3ac6000-7fd0d3ac8000 rw-p 004b2000 08:03 23711                      /media/Data/processing/libraries/SimpleOpenNI/library/linux64/libNiTE2.so
7fd0d3ac8000-7fd0d3ad0000 rw-p 00000000 00:00 0 
7fd0d3ad0000-7fd0d3b28000 r-xp 00000000 08:03 23717                      /media/Data/processing/libraries/SimpleOpenNI/library/linux64/libOpenNI2.so
7fd0d3b28000-7fd0d3d28000 ---p 00058000 08:03 23717                      /media/Data/processing/libraries/SimpleOpenNI/library/linux64/libOpenNI2.so
7fd0d3d28000-7fd0d3d2a000 r--p 00058000 08:03 23717                      /media/Data/processing/libraries/SimpleOpenNI/library/linux64/libOpenNI2.so
7fd0d3d2a000-7fd0d3d2b000 rw-p 0005a000 08:03 23717                      /media/Data/processing/libraries/SimpleOpenNI/library/linux64/libOpenNI2.so
7fd0d3d2b000-7fd0d3d4c000 rw-p 00000000 00:00 0 
7fd0d3d4c000-7fd0d3d64000 r-xp 00000000 08:03 23713                      /media/Data/processing/libraries/SimpleOpenNI/library/linux64/libboost_thread.so.1.54.0
7fd0d3d64000-7fd0d3f63000 ---p 00018000 08:03 23713                      /media/Data/processing/libraries/SimpleOpenNI/library/linux64/libboost_thread.so.1.54.0
7fd0d3f63000-7fd0d3f65000 r--p 00017000 08:03 23713                      /media/Data/processing/libraries/SimpleOpenNI/library/linux64/libboost_thread.so.1.54.0
7fd0d3f65000-7fd0d3f66000 rw-p 00019000 08:03 23713                      /media/Data/processing/libraries/SimpleOpenNI/library/linux64/libboost_thread.so.1.54.0
7fd0d3f66000-7fd0d3fac000 r-xp 00000000 08:03 18794                      /media/Data/processing/libraries/SimpleOpenNI/library/libSimpleOpenNI64.so
7fd0d3fac000-7fd0d41ab000 ---p 00046000 08:03 18794                      /media/Data/processing/libraries/SimpleOpenNI/library/libSimpleOpenNI64.so
7fd0d41ab000-7fd0d41ad000 r--p 00045000 08:03 18794                      /media/Data/processing/libraries/SimpleOpenNI/library/libSimpleOpenNI64.so
7fd0d41ad000-7fd0d41af000 rw-p 00047000 08:03 18794                      /media/Data/processing/libraries/SimpleOpenNI/library/libSimpleOpenNI64.so
7fd0d41c4000-7fd0d42c4000 rw-s 102e94000 00:05 6695                      /dev/dri/card0
7fd0d42c4000-7fd0d42c5000 r--s 00000000 08:05 531665                     /var/cache/fontconfig/c05880de57d1f5e948fdfacc138775d9-le64.cache-3
7fd0d42c5000-7fd0d42ce000 r--s 00000000 08:05 524554                     /var/cache/fontconfig/945677eb7aeaf62f1d50efc3fb3ec7d8-le64.cache-3
7fd0d42ce000-7fd0d42d2000 r--s 00000000 08:05 532466                     /var/cache/fontconfig/99e8ed0e538f840c565b6ed5dad60d56-le64.cache-3
7fd0d42d2000-7fd0d42d6000 r--s 00000000 08:05 531657                     /var/cache/fontconfig/2cd17615ca594fa2959ae173292e504c-le64.cache-3
7fd0d42d6000-7fd0d42d7000 r--s 00000000 08:05 531655                     /var/cache/fontconfig/e7071f4a29fa870f4323321c154eba04-le64.cache-3
7fd0d42d7000-7fd0d42d8000 r--s 00000000 08:05 531654                     /var/cache/fontconfig/0d8c3b2ac0904cb8a57a757ad11a4a08-le64.cache-3
7fd0d42d8000-7fd0d42de000 r--s 00000000 08:05 531649                     /var/cache/fontconfig/a755afe4a08bf5b97852ceb7400b47bc-le64.cache-3
7fd0d42de000-7fd0d42e7000 r--s 00000000 08:05 531647                     /var/cache/fontconfig/6d41288fd70b0be22e8c3a91e032eec0-le64.cache-3
7fd0d42e7000-7fd0d42f7000 r--s 00000000 08:05 531637                     /var/cache/fontconfig/04aabc0a78ac019cf9454389977116d2-le64.cache-3
7fd0d42f7000-7fd0d42f8000 r--s 00000000 08:05 539387                     /var/cache/fontconfig/b95bc8ffbebda2bbdae4265e45b8178d-le64.cache-3
7fd0d42f8000-7fd0d42fb000 r--s 00000000 08:05 531635                     /var/cache/fontconfig/385c0604a188198f04d133e54aba7fe7-le64.cache-3
7fd0d42fb000-7fd0d42fc000 r--s 00000000 08:05 539386                     /var/cache/fontconfig/9c956a7723ca69a44b382d9179c9802f-le64.cache-3
7fd0d42fc000-7fd0d42fd000 r--s 00000000 08:05 539385                     /var/cache/fontconfig/5d1cca7074f29429a8d18692746c2426-le64.cache-3
7fd0d42fd000-7fd0d42fe000 r--s 00000000 08:05 532738                     /var/cache/fontconfig/4794a0821666d79190d59a36cb4f44b5-le64.cache-3
7fd0d42fe000-7fd0d42ff000 r--s 00000000 08:05 539384                     /var/cache/fontconfig/9eae20f1ff8cc0a7d125749e875856bd-le64.cache-3
7fd0d42ff000-7fd0d4301000 r--s 00000000 08:05 539383                     /var/cache/fontconfig/bf2c1853a9e9b00bb02fe2e9bcf1e201-le64.cache-3
7fd0d4301000-7fd0d4304000 r--s 00000000 08:05 531627                     /var/cache/fontconfig/8801497958630a81b71ace7c5f9b32a8-le64.cache-3
7fd0d4304000-7fd0d4309000 r--s 00000000 08:05 531620                     /var/cache/fontconfig/3047814df9a2f067bd2d96a2b9c36e5a-le64.cache-3
7fd0d4309000-7fd0d430a000 r--s 00000000 08:05 531619                     /var/cache/fontconfig/56cf4f4769d0f4abc89a4895d7bd3ae1-le64.cache-3
7fd0d430a000-7fd0d430b000 r--s 00000000 08:05 531618                     /var/cache/fontconfig/b9d506c9ac06c20b433354fa67a72993-le64.cache-3
7fd0d430b000-7fd0d4310000 r--s 00000000 08:05 531615                     /var/cache/fontconfig/b47c4e1ecd0709278f4910c18777a504-le64.cache-3
7fd0d4310000-7fd0d4312000 r--s 00000000 08:05 539382                     /var/cache/fontconfig/4b14b093aebc79c320de5e86ae1d3314-le64.cache-3
7fd0d4312000-7fd0d4313000 r--s 00000000 08:05 539381                     /var/cache/fontconfig/8aec10f4cc8391dcef22ca549f1e4354-le64.cache-3
7fd0d4313000-7fd0d4323000 r--s 00000000 08:05 531611                     /var/cache/fontconfig/d52a8644073d54c13679302ca1180695-le64.cache-3
7fd0d4323000-7fd0d4324000 r--s 00000000 08:05 539380                     /var/cache/fontconfig/ac2cf712d852da827a87a9baf682f5b9-le64.cache-3
7fd0d4324000-7fd0d4326000 r--s 00000000 08:05 539379                     /var/cache/fontconfig/65f976e5259cbe6dc7697b8648396239-le64.cache-3
7fd0d4326000-7fd0d4327000 r--s 00000000 08:05 539378                     /var/cache/fontconfig/845c20fd2c4814bcec78e05d37a63ccc-le64.cache-3
7fd0d4327000-7fd0d4328000 r--s 00000000 08:05 539377                     /var/cache/fontconfig/e7de81b01590fb7e12b38e274e17d0db-le64.cache-3
7fd0d4328000-7fd0d432a000 r--s 00000000 08:05 539376                     /var/cache/fontconfig/67709b7835c0f764c1135060c9575660-le64.cache-3
7fd0d432a000-7fd0d4336000 r--s 00000000 08:05 532457                     /var/cache/fontconfig/089dead882dea3570ffc31a9898cfb69-le64.cache-3
7fd0d4336000-7fd0d4348000 r--s 00000000 08:05 525462                     /var/cache/fontconfig/e13b20fdb08344e0e664864cc2ede53d-le64.cache-3
7fd0d4348000-7fd0d434c000 r--s 00000000 08:05 539375                     /var/cache/fontconfig/7ef2298fde41cc6eeb7af42e48b7d293-le64.cache-3
7fd0d43af000-7fd0d43b0000 ---p 00000000 00:00 0 
7fd0d43b0000-7fd0d4bb0000 rw-p 00000000 00:00 0 
7fd0d4bb0000-7fd0d4bb1000 ---p 00000000 00:00 0 
7fd0d4bb1000-7fd0d53b1000 rw-p 00000000 00:00 0 
7fd0d53b1000-7fd0d53b2000 ---p 00000000 00:00 0 
7fd0d53b2000-7fd0d5bb2000 rw-p 00000000 00:00 0 
7fd0d5bb2000-7fd0d5bb9000 r-xp 00000000 08:05 663379                     /usr/lib/x86_64-linux-gnu/libffi.so.6.0.0
7fd0d5bb9000-7fd0d5db8000 ---p 00007000 08:05 663379                     /usr/lib/x86_64-linux-gnu/libffi.so.6.0.0
7fd0d5db8000-7fd0d5db9000 r--p 00006000 08:05 663379                     /usr/lib/x86_64-linux-gnu/libffi.so.6.0.0
7fd0d5db9000-7fd0d5dba000 rw-p 00007000 08:05 663379                     /usr/lib/x86_64-linux-gnu/libffi.so.6.0.0
7fd0d5dba000-7fd0d5e9c000 r-xp 00000000 08:05 663721                     /usr/lib/x86_64-linux-gnu/libstdc++.so.6.0.16
7fd0d5e9c000-7fd0d609b000 ---p 000e2000 08:05 663721                     /usr/lib/x86_64-linux-gnu/libstdc++.so.6.0.16
7fd0d609b000-7fd0d60a3000 r--p 000e1000 08:05 663721                     /usr/lib/x86_64-linux-gnu/libstdc++.so.6.0.16
7fd0d60a3000-7fd0d60a5000 rw-p 000e9000 08:05 663721                     /usr/lib/x86_64-linux-gnu/libstdc++.so.6.0.16
7fd0d60a5000-7fd0d60ba000 rw-p 00000000 00:00 0 
7fd0d60ba000-7fd0d60cf000 r-xp 00000000 08:05 1052384                    /lib/x86_64-linux-gnu/libgcc_s.so.1
7fd0d60cf000-7fd0d62ce000 ---p 00015000 08:05 1052384                    /lib/x86_64-linux-gnu/libgcc_s.so.1
7fd0d62ce000-7fd0d62cf000 r--p 00014000 08:05 1052384                    /lib/x86_64-linux-gnu/libgcc_s.so.1
7fd0d62cf000-7fd0d62d0000 rw-p 00015000 08:05 1052384                    /lib/x86_64-linux-gnu/libgcc_s.so.1
7fd0d62d0000-7fd0d75ab000 r-xp 00000000 08:05 663148                     /usr/lib/x86_64-linux-gnu/libLLVM-3.0.so.1
7fd0d75ab000-7fd0d77ab000 ---p 012db000 08:05 663148                     /usr/lib/x86_64-linux-gnu/libLLVM-3.0.so.1
7fd0d77ab000-7fd0d7924000 r--p 012db000 08:05 663148                     /usr/lib/x86_64-linux-gnu/libLLVM-3.0.so.1
7fd0d7924000-7fd0d7a38000 rw-p 01454000 08:05 663148                     /usr/lib/x86_64-linux-gnu/libLLVM-3.0.so.1
7fd0d7a38000-7fd0d7a4c000 rw-p 00000000 00:00 0 
7fd0d7a4c000-7fd0d7c27000 r-xp 00000000 08:05 919175                     /usr/lib/x86_64-linux-gnu/dri/libgallium.so
7fd0d7c27000-7fd0d7e27000 ---p 001db000 08:05 919175                     /usr/lib/x86_64-linux-gnu/dri/libgallium.so
7fd0d7e27000-7fd0d7e36000 r--p 001db000 08:05 919175                     /usr/lib/x86_64-linux-gnu/dri/libgallium.so
7fd0d7e36000-7fd0d7e38000 rw-p 001ea000 08:05 919175                     /usr/lib/x86_64-linux-gnu/dri/libgallium.so
7fd0d7e38000-7fd0d8000000 rw-p 00000000 00:00 0 
7fd0d8000000-7fd0d8021000 rw-p 00000000 00:00 0 
7fd0d8021000-7fd0dc000000 ---p 00000000 00:00 0 
7fd0dc000000-7fd0dc049000 rw-p 00000000 00:00 0 
7fd0dc049000-7fd0e0000000 ---p 00000000 00:00 0 
7fd0e0000000-7fd0e4000000 rw-p 00000000 00:00 0 
7fd0e4000000-7fd0e4021000 rw-p 00000000 00:00 0 
7fd0e4021000-7fd0e8000000 ---p 00000000 00:00 0 
7fd0e8000000-7fd0e8021000 rw-p 00000000 00:00 0 
7fd0e8021000-7fd0ec000000 ---p 00000000 00:00 0 
7fd0ec000000-7fd0ed171000 rw-p 00000000 00:00 0 
7fd0ed171000-7fd0f0000000 ---p 00000000 00:00 0 
7fd0f0000000-7fd0f062a000 rw-p 00000000 00:00 0 
7fd0f062a000-7fd0f4000000 ---p 00000000 00:00 0 
7fd0f4000000-7fd0f43ad000 rw-p 00000000 00:00 0 
7fd0f43ad000-7fd0f8000000 ---p 00000000 00:00 0 
7fd0f8000000-7fd0f8021000 rw-p 00000000 00:00 0 
7fd0f8021000-7fd0fc000000 ---p 00000000 00:00 0 
7fd0fc000000-7fd0fc021000 rw-p 00000000 00:00 0 
7fd0fc021000-7fd100000000 ---p 00000000 00:00 0 
7fd100000000-7fd100022000 rw-p 00000000 00:00 0 
7fd100022000-7fd104000000 ---p 00000000 00:00 0 
7fd104000000-7fd104021000 rw-p 00000000 00:00 0 
7fd104021000-7fd108000000 ---p 00000000 00:00 0 
7fd108000000-7fd108021000 rw-p 00000000 00:00 0 
7fd108021000-7fd10c000000 ---p 00000000 00:00 0 
7fd10c0fe000-7fd10c125000 r-xp 00000000 08:05 1062541                    /lib/x86_64-linux-gnu/libexpat.so.1.5.2
7fd10c125000-7fd10c325000 ---p 00027000 08:05 1062541                    /lib/x86_64-linux-gnu/libexpat.so.1.5.2
7fd10c325000-7fd10c327000 r--p 00027000 08:05 1062541                    /lib/x86_64-linux-gnu/libexpat.so.1.5.2
7fd10c327000-7fd10c328000 rw-p 00029000 08:05 1062541                    /lib/x86_64-linux-gnu/libexpat.so.1.5.2
7fd10c328000-7fd10c44e000 r-xp 00000000 08:05 919168                     /usr/lib/x86_64-linux-gnu/dri/libglsl.so
7fd10c44e000-7fd10c64d000 ---p 00126000 08:05 919168                     /usr/lib/x86_64-linux-gnu/dri/libglsl.so
7fd10c64d000-7fd10c656000 r--p 00125000 08:05 919168                     /usr/lib/x86_64-linux-gnu/dri/libglsl.so
7fd10c656000-7fd10c659000 rw-p 0012e000 08:05 919168                     /usr/lib/x86_64-linux-gnu/dri/libglsl.so
7fd10c659000-7fd10c65a000 rw-p 00000000 00:00 0 
7fd10c65a000-7fd10c899000 r-xp 00000000 08:05 919169                     /usr/lib/x86_64-linux-gnu/dri/libdricore.so
7fd10c899000-7fd10ca99000 ---p 0023f000 08:05 919169                     /usr/lib/x86_64-linux-gnu/dri/libdricore.so
7fd10ca99000-7fd10caa3000 r--p 0023f000 08:05 919169                     /usr/lib/x86_64-linux-gnu/dri/libdricore.so
7fd10caa3000-7fd10caa6000 rw-p 00249000 08:05 919169                     /usr/lib/x86_64-linux-gnu/dri/libdricore.so
7fd10caa6000-7fd10cabc000 rw-p 00000000 00:00 0 
7fd10cabc000-7fd10cbdf000 r-xp 00000000 08:05 919176                     /usr/lib/x86_64-linux-gnu/dri/r600_dri.so
7fd10cbdf000-7fd10cdde000 ---p 00123000 08:05 919176                     /usr/lib/x86_64-linux-gnu/dri/r600_dri.so
7fd10cdde000-7fd10cded000 r--p 00122000 08:05 919176                     /usr/lib/x86_64-linux-gnu/dri/r600_dri.so
7fd10cded000-7fd10cdf1000 rw-p 00131000 08:05 919176                     /usr/lib/x86_64-linux-gnu/dri/r600_dri.so
7fd10cdf1000-7fd10cf78000 rw-p 00000000 00:00 0 
7fd10cf78000-7fd10cf7a000 r-xp 00000000 08:05 664253                     /usr/lib/x86_64-linux-gnu/libXinerama.so.1.0.0
7fd10cf7a000-7fd10d179000 ---p 00002000 08:05 664253                     /usr/lib/x86_64-linux-gnu/libXinerama.so.1.0.0
7fd10d179000-7fd10d17a000 r--p 00001000 08:05 664253                     /usr/lib/x86_64-linux-gnu/libXinerama.so.1.0.0
7fd10d17a000-7fd10d17b000 rw-p 00002000 08:05 664253                     /usr/lib/x86_64-linux-gnu/libXinerama.so.1.0.0
7fd10d17b000-7fd10d17e000 ---p 00000000 00:00 0 
7fd10d17e000-7fd10d27c000 rw-p 00000000 00:00 0 
7fd10d27c000-7fd10d324000 r-xp 00000000 08:05 405264                     /tmp/jogamp_0000/file_cache/jln3135619707908298476/jln2189688287826972078/libjogl_desktop.so
7fd10d324000-7fd10d523000 ---p 000a8000 08:05 405264                     /tmp/jogamp_0000/file_cache/jln3135619707908298476/jln2189688287826972078/libjogl_desktop.so
7fd10d523000-7fd10d524000 rw-p 000a7000 08:05 405264                     /tmp/jogamp_0000/file_cache/jln3135619707908298476/jln2189688287826972078/libjogl_desktop.so
7fd10d524000-7fd10d52e000 r-xp 00000000 08:05 735928                     /usr/lib/x86_64-linux-gnu/libdrm.so.2.4.0
7fd10d52e000-7fd10d72d000 ---p 0000a000 08:05 735928                     /usr/lib/x86_64-linux-gnu/libdrm.so.2.4.0
7fd10d72d000-7fd10d72e000 r--p 00009000 08:05 735928                     /usr/lib/x86_64-linux-gnu/libdrm.so.2.4.0
7fd10d72e000-7fd10d72f000 rw-p 0000a000 08:05 735928                     /usr/lib/x86_64-linux-gnu/libdrm.so.2.4.0
7fd10d72f000-7fd10d744000 r-xp 00000000 08:05 659657                     /usr/lib/x86_64-linux-gnu/libxcb-glx.so.0.0.0
7fd10d744000-7fd10d943000 ---p 00015000 08:05 659657                     /usr/lib/x86_64-linux-gnu/libxcb-glx.so.0.0.0
7fd10d943000-7fd10d945000 r--p 00014000 08:05 659657                     /usr/lib/x86_64-linux-gnu/libxcb-glx.so.0.0.0
7fd10d945000-7fd10d946000 rw-p 00016000 08:05 659657                     /usr/lib/x86_64-linux-gnu/libxcb-glx.so.0.0.0
7fd10d946000-7fd10d947000 r-xp 00000000 08:05 659489                     /usr/lib/x86_64-linux-gnu/libX11-xcb.so.1.0.0
7fd10d947000-7fd10db46000 ---p 00001000 08:05 659489                     /usr/lib/x86_64-linux-gnu/libX11-xcb.so.1.0.0
7fd10db46000-7fd10db47000 r--p 00000000 08:05 659489                     /usr/lib/x86_64-linux-gnu/libX11-xcb.so.1.0.0
7fd10db47000-7fd10db48000 rw-p 00001000 08:05 659489                     /usr/lib/x86_64-linux-gnu/libX11-xcb.so.1.0.0
7fd10db48000-7fd10db4a000 r-xp 00000000 08:05 663203                     /usr/lib/x86_64-linux-gnu/libXdamage.so.1.1.0
7fd10db4a000-7fd10dd49000 ---p 00002000 08:05 663203                     /usr/lib/x86_64-linux-gnu/libXdamage.so.1.1.0
7fd10dd49000-7fd10dd4a000 r--p 00001000 08:05 663203                     /usr/lib/x86_64-linux-gnu/libXdamage.so.1.1.0
7fd10dd4a000-7fd10dd4b000 rw-p 00002000 08:05 663203                     /usr/lib/x86_64-linux-gnu/libXdamage.so.1.1.0
7fd10dd4b000-7fd10dd6c000 r-xp 00000000 08:05 658976                     /usr/lib/x86_64-linux-gnu/libglapi.so.0.0.0
7fd10dd6c000-7fd10df6b000 ---p 00021000 08:05 658976                     /usr/lib/x86_64-linux-gnu/libglapi.so.0.0.0
7fd10df6b000-7fd10df6e000 r--p 00020000 08:05 658976                     /usr/lib/x86_64-linux-gnu/libglapi.so.0.0.0
7fd10df6e000-7fd10df6f000 rw-p 00023000 08:05 658976                     /usr/lib/x86_64-linux-gnu/libglapi.so.0.0.0
7fd10df6f000-7fd10df70000 rw-p 00000000 00:00 0 
7fd10df70000-7fd10dfcd000 r-xp 00000000 08:05 918254                     /usr/lib/x86_64-linux-gnu/mesa/libGL.so.1.2
7fd10dfcd000-7fd10e1cc000 ---p 0005d000 08:05 918254                     /usr/lib/x86_64-linux-gnu/mesa/libGL.so.1.2
7fd10e1cc000-7fd10e1ce000 r--p 0005c000 08:05 918254                     /usr/lib/x86_64-linux-gnu/mesa/libGL.so.1.2
7fd10e1ce000-7fd10e1cf000 rw-p 0005e000 08:05 918254                     /usr/lib/x86_64-linux-gnu/mesa/libGL.so.1.2
7fd10e1cf000-7fd10e1d0000 rw-p 00000000 00:00 0 
7fd10e1d0000-7fd10e1d7000 r-xp 00000000 08:05 405267                     /tmp/jogamp_0000/file_cache/jln3135619707908298476/jln2189688287826972078/libnativewindow_x11.so
7fd10e1d7000-7fd10e3d6000 ---p 00007000 08:05 405267                     /tmp/jogamp_0000/file_cache/jln3135619707908298476/jln2189688287826972078/libnativewindow_x11.so
7fd10e3d6000-7fd10e3d7000 rw-p 00006000 08:05 405267                     /tmp/jogamp_0000/file_cache/jln3135619707908298476/jln2189688287826972078/libnativewindow_x11.so
7fd10e3d7000-7fd10e3db000 r-xp 00000000 08:05 659659                     /usr/lib/x86_64-linux-gnu/libXxf86vm.so.1.0.0
7fd10e3db000-7fd10e5da000 ---p 00004000 08:05 659659                     /usr/lib/x86_64-linux-gnu/libXxf86vm.so.1.0.0
7fd10e5da000-7fd10e5db000 r--p 00003000 08:05 659659                     /usr/lib/x86_64-linux-gnu/libXxf86vm.so.1.0.0
7fd10e5db000-7fd10e5dc000 rw-p 00004000 08:05 659659                     /usr/lib/x86_64-linux-gnu/libXxf86vm.so.1.0.0
7fd10e5dc000-7fd10e5de000 r-xp 00000000 08:05 405266                     /tmp/jogamp_0000/file_cache/jln3135619707908298476/jln2189688287826972078/libnativewindow_awt.so
7fd10e5de000-7fd10e7dd000 ---p 00002000 08:05 405266                     /tmp/jogamp_0000/file_cache/jln3135619707908298476/jln2189688287826972078/libnativewindow_awt.so
7fd10e7dd000-7fd10e7de000 rw-p 00001000 08:05 405266                     /tmp/jogamp_0000/file_cache/jln3135619707908298476/jln2189688287826972078/libnativewindow_awt.so
7fd10e7de000-7fd10e7df000 r-xp 00000000 08:05 2772966                    /usr/local/processing-2.1.1/java/lib/amd64/libjawt.so
7fd10e7df000-7fd10e9de000 ---p 00001000 08:05 2772966                    /usr/local/processing-2.1.1/java/lib/amd64/libjawt.so
7fd10e9de000-7fd10e9df000 rw-p 00000000 08:05 2772966                    /usr/local/processing-2.1.1/java/lib/amd64/libjawt.so
7fd10ea1c000-7fd10ea9c000 rwxp 00000000 00:00 0 
7fd10ea9c000-7fd10ea9e000 r-xp 00000000 08:05 405263                     /tmp/jogamp_0000/file_cache/jln3135619707908298476/jln2189688287826972078/libgluegen-rt.so
7fd10ea9e000-7fd10ec9e000 ---p 00002000 08:05 405263                     /tmp/jogamp_0000/file_cache/jln3135619707908298476/jln2189688287826972078/libgluegen-rt.so
7fd10ec9e000-7fd10ec9f000 rw-p 00002000 08:05 405263                     /tmp/jogamp_0000/file_cache/jln3135619707908298476/jln2189688287826972078/libgluegen-rt.so
7fd10ec9f000-7fd10eca2000 ---p 00000000 00:00 0 
7fd10eca2000-7fd10eda0000 rw-p 00000000 00:00 0 
7fd10eda0000-7fd10f0a0000 rw-s 00000000 00:04 1802242                    /SYSV00000000 (deleted)
7fd10f0a0000-7fd111000000 rw-p 00000000 00:00 0 
7fd111008000-7fd111018000 r-xp 00000000 08:05 2772972                    /usr/local/processing-2.1.1/java/lib/amd64/libnio.so
7fd111018000-7fd111218000 ---p 00010000 08:05 2772972                    /usr/local/processing-2.1.1/java/lib/amd64/libnio.so
7fd111218000-7fd111219000 rw-p 00010000 08:05 2772972                    /usr/local/processing-2.1.1/java/lib/amd64/libnio.so
7fd111219000-7fd11122e000 r-xp 00000000 08:05 2772948                    /usr/local/processing-2.1.1/java/lib/amd64/libnet.so
7fd11122e000-7fd11142e000 ---p 00015000 08:05 2772948                    /usr/local/processing-2.1.1/java/lib/amd64/libnet.so
7fd11142e000-7fd11142f000 rw-p 00015000 08:05 2772948                    /usr/local/processing-2.1.1/java/lib/amd64/libnet.so
7fd11142f000-7fd111438000 r--s 0009b000 08:05 2734253                    /usr/local/processing-2.1.1/lib/pde.jar
7fd111438000-7fd11144c000 r--s 00141000 08:05 2734250                    /usr/local/processing-2.1.1/lib/org.eclipse.osgi_3.8.1.v20120830-144521.jar
7fd11144c000-7fd11144f000 r--s 00041000 08:05 2734266                    /usr/local/processing-2.1.1/lib/org-netbeans-swing-outline.jar
7fd11144f000-7fd111463000 r--s 00127000 08:05 2734244                    /usr/local/processing-2.1.1/lib/jna.jar
7fd111463000-7fd111470000 r--s 000c6000 08:05 2734239                    /usr/local/processing-2.1.1/lib/jdimodel.jar
7fd111493000-7fd111494000 rw-s 114aa8000 00:05 6695                      /dev/dri/card0
7fd111495000-7fd111496000 rw-s 114a9e000 00:05 6695                      /dev/dri/card0
7fd111496000-7fd111497000 rw-s 102fc4000 00:05 6695                      /dev/dri/card0
7fd111497000-7fd111498000 rw-s 114a9c000 00:05 6695                      /dev/dri/card0
7fd111498000-7fd111499000 rw-s 114aa7000 00:05 6695                      /dev/dri/card0
7fd111499000-7fd11149a000 rw-s 1119a3000 00:05 6695                      /dev/dri/card0
7fd11149a000-7fd11149b000 rw-s 111697000 00:05 6695                      /dev/dri/card0
7fd11149b000-7fd11149c000 rw-s 1119a2000 00:05 6695                      /dev/dri/card0
7fd11149c000-7fd11149d000 rw-s 1119a1000 00:05 6695                      /dev/dri/card0
7fd11149d000-7fd11149e000 rw-s 1119a0000 00:05 6695                      /dev/dri/card0
7fd11149e000-7fd11149f000 rw-s 11199f000 00:05 6695                      /dev/dri/card0
7fd11149f000-7fd1114a0000 rw-s 11199e000 00:05 6695                      /dev/dri/card0
7fd1114a0000-7fd1114a1000 rw-s 11199d000 00:05 6695                      /dev/dri/card0
7fd1114a1000-7fd1114a2000 rw-s 11199c000 00:05 6695                      /dev/dri/card0
7fd1114a2000-7fd1114a3000 rw-s 11168f000 00:05 6695                      /dev/dri/card0
7fd1114a3000-7fd1114a4000 rw-s 111999000 00:05 6695                      /dev/dri/card0
7fd1114a4000-7fd1114a5000 rw-s 106637000 00:05 6695                      /dev/dri/card0
7fd1114a5000-7fd1114a6000 rw-s 118427000 00:05 6695                      /dev/dri/card0
7fd1114a6000-7fd1114a7000 rw-s 118425000 00:05 6695                      /dev/dri/card0
7fd1114a7000-7fd1114a8000 rw-s 118424000 00:05 6695                      /dev/dri/card0
7fd1114a8000-7fd1114a9000 rw-s 118423000 00:05 6695                      /dev/dri/card0
7fd1114a9000-7fd1114aa000 rw-s 118422000 00:05 6695                      /dev/dri/card0
7fd1114aa000-7fd1114ab000 rw-s 118723000 00:05 6695                      /dev/dri/card0
7fd1114ab000-7fd1114ac000 rw-s 118722000 00:05 6695                      /dev/dri/card0
7fd1114ac000-7fd1114ad000 rw-s 118721000 00:05 6695                      /dev/dri/card0
7fd1114ad000-7fd1114ae000 rw-s 1033f0000 00:05 6695                      /dev/dri/card0
7fd1114ae000-7fd1114af000 rw-s 115603000 00:05 6695                      /dev/dri/card0
7fd1114af000-7fd1114b0000 rw-s 115602000 00:05 6695                      /dev/dri/card0
7fd1114b0000-7fd1114b1000 rw-s 115601000 00:05 6695                      /dev/dri/card0
7fd1114b1000-7fd1114b2000 rw-s 118420000 00:05 6695                      /dev/dri/card0
7fd1114b2000-7fd1114b3000 rw-s 10243b000 00:05 6695                      /dev/dri/card0
7fd1114b3000-7fd1114b4000 rw-s 10243a000 00:05 6695                      /dev/dri/card0
7fd1114b5000-7fd1114b8000 ---p 00000000 00:00 0 
7fd1114b8000-7fd1114ee000 rw-p 00000000 00:00 0 
7fd1114ee000-7fd11152a000 r--s 00629000 08:05 2734243                    /usr/local/processing-2.1.1/lib/com.ibm.icu_4.4.2.v20110823.jar
7fd11152a000-7fd11152d000 ---p 00000000 00:00 0 
7fd11152d000-7fd11162b000 rw-p 00000000 00:00 0 
7fd11162b000-7fd11162e000 ---p 00000000 00:00 0 
7fd11162e000-7fd11172c000 rw-p 00000000 00:00 0 
7fd11172c000-7fd11172f000 ---p 00000000 00:00 0 
7fd11172f000-7fd11182d000 rw-p 00000000 00:00 0 
7fd11182d000-7fd111830000 ---p 00000000 00:00 0 
7fd111830000-7fd11192e000 rw-p 00000000 00:00 0 
7fd11192e000-7fd111931000 ---p 00000000 00:00 0 
7fd111931000-7fd111a2f000 rw-p 00000000 00:00 0 
7fd111a2f000-7fd111a32000 ---p 00000000 00:00 0 
7fd111a32000-7fd111b30000 rw-p 00000000 00:00 0 
7fd111b30000-7fd111b35000 r-xp 00000000 08:05 656242                     /usr/lib/x86_64-linux-gnu/libXfixes.so.3.1.0
7fd111b35000-7fd111d34000 ---p 00005000 08:05 656242                     /usr/lib/x86_64-linux-gnu/libXfixes.so.3.1.0
7fd111d34000-7fd111d35000 r--p 00004000 08:05 656242                     /usr/lib/x86_64-linux-gnu/libXfixes.so.3.1.0
7fd111d35000-7fd111d36000 rw-p 00005000 08:05 656242                     /usr/lib/x86_64-linux-gnu/libXfixes.so.3.1.0
7fd111d36000-7fd111d3f000 r-xp 00000000 08:05 664243                     /usr/lib/x86_64-linux-gnu/libXcursor.so.1.0.2
7fd111d3f000-7fd111f3e000 ---p 00009000 08:05 664243                     /usr/lib/x86_64-linux-gnu/libXcursor.so.1.0.2
7fd111f3e000-7fd111f3f000 r--p 00008000 08:05 664243                     /usr/lib/x86_64-linux-gnu/libXcursor.so.1.0.2
7fd111f3f000-7fd111f40000 rw-p 00009000 08:05 664243                     /usr/lib/x86_64-linux-gnu/libXcursor.so.1.0.2
7fd111f40000-7fd111f43000 ---p 00000000 00:00 0 
7fd111f43000-7fd112041000 rw-p 00000000 00:00 0 
7fd112041000-7fd112046000 r-xp 00000000 08:05 663205                     /usr/lib/x86_64-linux-gnu/libXdmcp.so.6.0.0
7fd112046000-7fd112245000 ---p 00005000 08:05 663205                     /usr/lib/x86_64-linux-gnu/libXdmcp.so.6.0.0
7fd112245000-7fd112246000 r--p 00004000 08:05 663205                     /usr/lib/x86_64-linux-gnu/libXdmcp.so.6.0.0
7fd112246000-7fd112247000 rw-p 00005000 08:05 663205                     /usr/lib/x86_64-linux-gnu/libXdmcp.so.6.0.0
7fd112247000-7fd112249000 r-xp 00000000 08:05 663194                     /usr/lib/x86_64-linux-gnu/libXau.so.6.0.0
7fd112249000-7fd112448000 ---p 00002000 08:05 663194                     /usr/lib/x86_64-linux-gnu/libXau.so.6.0.0
7fd112448000-7fd112449000 r--p 00001000 08:05 663194                     /usr/lib/x86_64-linux-gnu/libXau.so.6.0.0
7fd112449000-7fd11244a000 rw-p 00002000 08:05 663194                     /usr/lib/x86_64-linux-gnu/libXau.so.6.0.0
7fd11244a000-7fd112467000 r-xp 00000000 08:05 661381                     /usr/lib/x86_64-linux-gnu/libxcb.so.1.1.0
7fd112467000-7fd112666000 ---p 0001d000 08:05 661381                     /usr/lib/x86_64-linux-gnu/libxcb.so.1.1.0
7fd112666000-7fd112667000 r--p 0001c000 08:05 661381                     /usr/lib/x86_64-linux-gnu/libxcb.so.1.1.0
7fd112667000-7fd112668000 rw-p 0001d000 08:05 661381                     /usr/lib/x86_64-linux-gnu/libxcb.so.1.1.0
7fd112668000-7fd112676000 r-xp 00000000 08:05 664249                     /usr/lib/x86_64-linux-gnu/libXi.so.6.1.0
7fd112676000-7fd112875000 ---p 0000e000 08:05 664249                     /usr/lib/x86_64-linux-gnu/libXi.so.6.1.0
7fd112875000-7fd112876000 r--p 0000d000 08:05 664249                     /usr/lib/x86_64-linux-gnu/libXi.so.6.1.0
7fd112876000-7fd112877000 rw-p 0000e000 08:05 664249                     /usr/lib/x86_64-linux-gnu/libXi.so.6.1.0
7fd112877000-7fd11287c000 r-xp 00000000 08:05 661451                     /usr/lib/x86_64-linux-gnu/libXtst.so.6.1.0
7fd11287c000-7fd112a7b000 ---p 00005000 08:05 661451                     /usr/lib/x86_64-linux-gnu/libXtst.so.6.1.0
7fd112a7b000-7fd112a7c000 r--p 00004000 08:05 661451                     /usr/lib/x86_64-linux-gnu/libXtst.so.6.1.0
7fd112a7c000-7fd112a7d000 rw-p 00005000 08:05 661451                     /usr/lib/x86_64-linux-gnu/libXtst.so.6.1.0
7fd112a7d000-7fd112a86000 r-xp 00000000 08:05 659122                     /usr/lib/x86_64-linux-gnu/libXrender.so.1.3.0
7fd112a86000-7fd112c85000 ---p 00009000 08:05 659122                     /usr/lib/x86_64-linux-gnu/libXrender.so.1.3.0
7fd112c85000-7fd112c86000 r--p 00008000 08:05 659122                     /usr/lib/x86_64-linux-gnu/libXrender.so.1.3.0
7fd112c86000-7fd112c87000 rw-p 00009000 08:05 659122                     /usr/lib/x86_64-linux-gnu/libXrender.so.1.3.0
7fd112c87000-7fd112db7000 r-xp 00000000 08:05 661396                     /usr/lib/x86_64-linux-gnu/libX11.so.6.3.0
7fd112db7000-7fd112fb7000 ---p 00130000 08:05 661396                     /usr/lib/x86_64-linux-gnu/libX11.so.6.3.0
7fd112fb7000-7fd112fb8000 r--p 00130000 08:05 661396                     /usr/lib/x86_64-linux-gnu/libX11.so.6.3.0
7fd112fb8000-7fd112fbc000 rw-p 00131000 08:05 661396                     /usr/lib/x86_64-linux-gnu/libX11.so.6.3.0
7fd112fbc000-7fd112fcc000 r-xp 00000000 08:05 661400                     /usr/lib/x86_64-linux-gnu/libXext.so.6.4.0
7fd112fcc000-7fd1131cb000 ---p 00010000 08:05 661400                     /usr/lib/x86_64-linux-gnu/libXext.so.6.4.0
7fd1131cb000-7fd1131cc000 r--p 0000f000 08:05 661400                     /usr/lib/x86_64-linux-gnu/libXext.so.6.4.0
7fd1131cc000-7fd1131cd000 rw-p 00010000 08:05 661400                     /usr/lib/x86_64-linux-gnu/libXext.so.6.4.0
7fd1131cd000-7fd11321d000 r-xp 00000000 08:05 2772985                    /usr/local/processing-2.1.1/java/lib/amd64/xawt/libmawt.so
7fd11321d000-7fd11341d000 ---p 00050000 08:05 2772985                    /usr/local/processing-2.1.1/java/lib/amd64/xawt/libmawt.so
7fd11341d000-7fd113421000 rw-p 00050000 08:05 2772985                    /usr/local/processing-2.1.1/java/lib/amd64/xawt/libmawt.so
7fd113421000-7fd113422000 rw-p 00000000 00:00 0 
7fd113422000-7fd1134c5000 r-xp 00000000 08:05 2772978                    /usr/local/processing-2.1.1/java/lib/amd64/libawt.so
7fd1134c5000-7fd1136c5000 ---p 000a3000 08:05 2772978                    /usr/local/processing-2.1.1/java/lib/amd64/libawt.so
7fd1136c5000-7fd1136d1000 rw-p 000a3000 08:05 2772978                    /usr/local/processing-2.1.1/java/lib/amd64/libawt.so
7fd1136d1000-7fd1136f5000 rw-p 00000000 00:00 0 
7fd1136f5000-7fd1136f6000 ---p 00000000 00:00 0 
7fd1136f6000-7fd1137f6000 rw-p 00000000 00:00 0 
7fd1137f6000-7fd1137f9000 ---p 00000000 00:00 0 
7fd1137f9000-7fd1138f7000 rw-p 00000000 00:00 0 
7fd1138f7000-7fd1138fa000 ---p 00000000 00:00 0 
7fd1138fa000-7fd1139f8000 rw-p 00000000 00:00 0 
7fd1139f8000-7fd1139fb000 ---p 00000000 00:00 0 
7fd1139fb000-7fd113af9000 rw-p 00000000 00:00 0 
7fd113af9000-7fd113afc000 ---p 00000000 00:00 0 
7fd113afc000-7fd113bfa000 rw-p 00000000 00:00 0 
7fd113bfa000-7fd113bfd000 ---p 00000000 00:00 0 
7fd113bfd000-7fd113cfb000 rw-p 00000000 00:00 0 
7fd113cfb000-7fd113cfe000 ---p 00000000 00:00 0 
7fd113cfe000-7fd113dfc000 rw-p 00000000 00:00 0 
7fd113dfc000-7fd113e00000 r-xp 00000000 08:05 2772958                    /usr/local/processing-2.1.1/java/lib/amd64/libdt_socket.so
7fd113e00000-7fd113fff000 ---p 00004000 08:05 2772958                    /usr/local/processing-2.1.1/java/lib/amd64/libdt_socket.so
7fd113fff000-7fd114000000 rw-p 00003000 08:05 2772958                    /usr/local/processing-2.1.1/java/lib/amd64/libdt_socket.so
7fd114000000-7fd114021000 rw-p 00000000 00:00 0 
7fd114021000-7fd118000000 ---p 00000000 00:00 0 
7fd118001000-7fd118002000 rwxp 00000000 00:00 0 
7fd118002000-7fd118003000 r--p 00000000 00:00 0 
7fd118003000-7fd118007000 r--s 0007d000 08:05 2772344                    /usr/local/processing-2.1.1/java/lib/jsse.jar
7fd118007000-7fd11800b000 r--s 0000e000 08:05 2734171                    /usr/local/processing-2.1.1/lib/jdi.jar
7fd11800b000-7fd118012000 r--s 00000000 08:05 968167                     /usr/lib/x86_64-linux-gnu/gconv/gconv-modules.cache
7fd118012000-7fd118015000 ---p 00000000 00:00 0 
7fd118015000-7fd118113000 rw-p 00000000 00:00 0 
7fd118113000-7fd118116000 ---p 00000000 00:00 0 
7fd118116000-7fd118214000 rw-p 00000000 00:00 0 
7fd118214000-7fd118217000 ---p 00000000 00:00 0 
7fd118217000-7fd118315000 rw-p 00000000 00:00 0 
7fd118315000-7fd118316000 ---p 00000000 00:00 0 
7fd118316000-7fd118dcd000 rw-p 00000000 00:00 0 
7fd118dcd000-7fd118f8a000 r--s 031b5000 08:05 2772993                    /usr/local/processing-2.1.1/java/lib/rt.jar
7fd118f8a000-7fd119000000 rw-p 00000000 00:00 0 
7fd119000000-7fd1192e0000 rwxp 00000000 00:00 0 
7fd1192e0000-7fd11c2a2000 rw-p 00000000 00:00 0 
7fd11c2a2000-7fd120000000 ---p 00000000 00:00 0 
7fd120000000-7fd12001e000 r--s 001bb000 08:05 2734236                    /usr/local/processing-2.1.1/lib/ant.jar
7fd12001e000-7fd120024000 r--s 0003d000 08:05 2734274                    /usr/local/processing-2.1.1/core/library/gluegen-rt.jar
7fd120024000-7fd120044000 r--s 002c6000 08:05 2734272                    /usr/local/processing-2.1.1/core/library/jogl-all.jar
7fd120044000-7fd1202bd000 rw-p 00000000 00:00 0 
7fd1202bd000-7fd1202be000 ---p 00000000 00:00 0 
7fd1202be000-7fd1203be000 rw-p 00000000 00:00 0 
7fd1203be000-7fd1203bf000 ---p 00000000 00:00 0 
7fd1203bf000-7fd1204d0000 rw-p 00000000 00:00 0 
7fd1204d0000-7fd1204e8000 rw-p 00000000 00:00 0 
7fd1204e8000-7fd12050a000 rw-p 00000000 00:00 0 
7fd12050a000-7fd12061c000 rw-p 00000000 00:00 0 
7fd12061c000-7fd12062d000 rw-p 00000000 00:00 0 
7fd12062d000-7fd120645000 rw-p 00000000 00:00 0 
7fd120645000-7fd120667000 rw-p 00000000 00:00 0 
7fd120667000-7fd120778000 rw-p 00000000 00:00 0 
7fd120778000-7fd12078d000 rw-p 00000000 00:00 0 
7fd12078d000-7fd12079b000 ---p 00000000 00:00 0 
7fd12079b000-7fd120812000 rw-p 00000000 00:00 0 
7fd120812000-7fd120813000 rw-p 00000000 00:00 0 
7fd120813000-7fd12082d000 r-xp 00000000 08:05 2772945                    /usr/local/processing-2.1.1/java/lib/amd64/libzip.so
7fd12082d000-7fd120a2d000 ---p 0001a000 08:05 2772945                    /usr/local/processing-2.1.1/java/lib/amd64/libzip.so
7fd120a2d000-7fd120a2e000 rw-p 0001a000 08:05 2772945                    /usr/local/processing-2.1.1/java/lib/amd64/libzip.so
7fd120a2e000-7fd120a3a000 r-xp 00000000 08:05 1052422                    /lib/x86_64-linux-gnu/libnss_files-2.15.so
7fd120a3a000-7fd120c39000 ---p 0000c000 08:05 1052422                    /lib/x86_64-linux-gnu/libnss_files-2.15.so
7fd120c39000-7fd120c3a000 r--p 0000b000 08:05 1052422                    /lib/x86_64-linux-gnu/libnss_files-2.15.so
7fd120c3a000-7fd120c3b000 rw-p 0000c000 08:05 1052422                    /lib/x86_64-linux-gnu/libnss_files-2.15.so
7fd120c3b000-7fd120c45000 r-xp 00000000 08:05 1053945                    /lib/x86_64-linux-gnu/libnss_nis-2.15.so
7fd120c45000-7fd120e45000 ---p 0000a000 08:05 1053945                    /lib/x86_64-linux-gnu/libnss_nis-2.15.so
7fd120e45000-7fd120e46000 r--p 0000a000 08:05 1053945                    /lib/x86_64-linux-gnu/libnss_nis-2.15.so
7fd120e46000-7fd120e47000 rw-p 0000b000 08:05 1053945                    /lib/x86_64-linux-gnu/libnss_nis-2.15.so
7fd120e47000-7fd120e5e000 r-xp 00000000 08:05 1060961                    /lib/x86_64-linux-gnu/libnsl-2.15.so
7fd120e5e000-7fd12105d000 ---p 00017000 08:05 1060961                    /lib/x86_64-linux-gnu/libnsl-2.15.so
7fd12105d000-7fd12105e000 r--p 00016000 08:05 1060961                    /lib/x86_64-linux-gnu/libnsl-2.15.so
7fd12105e000-7fd12105f000 rw-p 00017000 08:05 1060961                    /lib/x86_64-linux-gnu/libnsl-2.15.so
7fd12105f000-7fd121061000 rw-p 00000000 00:00 0 
7fd121061000-7fd121069000 r-xp 00000000 08:05 1052395                    /lib/x86_64-linux-gnu/libnss_compat-2.15.so
7fd121069000-7fd121268000 ---p 00008000 08:05 1052395                    /lib/x86_64-linux-gnu/libnss_compat-2.15.so
7fd121268000-7fd121269000 r--p 00007000 08:05 1052395                    /lib/x86_64-linux-gnu/libnss_compat-2.15.so
7fd121269000-7fd12126a000 rw-p 00008000 08:05 1052395                    /lib/x86_64-linux-gnu/libnss_compat-2.15.so
7fd12126a000-7fd121a84000 r--p 00000000 08:05 662326                     /usr/lib/locale/locale-archive
7fd121a84000-7fd121a87000 r-xp 00000000 08:05 2772959                    /usr/local/processing-2.1.1/java/lib/amd64/libnpt.so
7fd121a87000-7fd121c86000 ---p 00003000 08:05 2772959                    /usr/local/processing-2.1.1/java/lib/amd64/libnpt.so
7fd121c86000-7fd121c87000 rw-p 00002000 08:05 2772959                    /usr/local/processing-2.1.1/java/lib/amd64/libnpt.so
7fd121c87000-7fd121cc0000 r-xp 00000000 08:05 2772944                    /usr/local/processing-2.1.1/java/lib/amd64/libjdwp.so
7fd121cc0000-7fd121ec0000 ---p 00039000 08:05 2772944                    /usr/local/processing-2.1.1/java/lib/amd64/libjdwp.so
7fd121ec0000-7fd121ec1000 rw-p 00039000 08:05 2772944                    /usr/local/processing-2.1.1/java/lib/amd64/libjdwp.so
7fd121ec1000-7fd121ec2000 rw-p 00000000 00:00 0 
7fd121ec2000-7fd121eeb000 r-xp 00000000 08:05 2772968                    /usr/local/processing-2.1.1/java/lib/amd64/libjava.so
7fd121eeb000-7fd1220eb000 ---p 00029000 08:05 2772968                    /usr/local/processing-2.1.1/java/lib/amd64/libjava.so
7fd1220eb000-7fd1220ed000 rw-p 00029000 08:05 2772968                    /usr/local/processing-2.1.1/java/lib/amd64/libjava.so
7fd1220ed000-7fd1220fa000 r-xp 00000000 08:05 2772961                    /usr/local/processing-2.1.1/java/lib/amd64/libverify.so
7fd1220fa000-7fd1222f9000 ---p 0000d000 08:05 2772961                    /usr/local/processing-2.1.1/java/lib/amd64/libverify.so
7fd1222f9000-7fd1222fb000 rw-p 0000c000 08:05 2772961                    /usr/local/processing-2.1.1/java/lib/amd64/libverify.so
7fd1222fb000-7fd122302000 r-xp 00000000 08:05 1052467                    /lib/x86_64-linux-gnu/librt-2.15.so
7fd122302000-7fd122501000 ---p 00007000 08:05 1052467                    /lib/x86_64-linux-gnu/librt-2.15.so
7fd122501000-7fd122502000 r--p 00006000 08:05 1052467                    /lib/x86_64-linux-gnu/librt-2.15.so
7fd122502000-7fd122503000 rw-p 00007000 08:05 1052467                    /lib/x86_64-linux-gnu/librt-2.15.so
7fd122503000-7fd1225fe000 r-xp 00000000 08:05 1058822                    /lib/x86_64-linux-gnu/libm-2.15.so
7fd1225fe000-7fd1227fd000 ---p 000fb000 08:05 1058822                    /lib/x86_64-linux-gnu/libm-2.15.so
7fd1227fd000-7fd1227fe000 r--p 000fa000 08:05 1058822                    /lib/x86_64-linux-gnu/libm-2.15.so
7fd1227fe000-7fd1227ff000 rw-p 000fb000 08:05 1058822                    /lib/x86_64-linux-gnu/libm-2.15.so
7fd1227ff000-7fd123361000 r-xp 00000000 08:05 2772975                    /usr/local/processing-2.1.1/java/lib/amd64/server/libjvm.so
7fd123361000-7fd123561000 ---p 00b62000 08:05 2772975                    /usr/local/processing-2.1.1/java/lib/amd64/server/libjvm.so
7fd123561000-7fd123624000 rw-p 00b62000 08:05 2772975                    /usr/local/processing-2.1.1/java/lib/amd64/server/libjvm.so
7fd123624000-7fd123665000 rw-p 00000000 00:00 0 
7fd123665000-7fd12381a000 r-xp 00000000 08:05 1049488                    /lib/x86_64-linux-gnu/libc-2.15.so
7fd12381a000-7fd123a1a000 ---p 001b5000 08:05 1049488                    /lib/x86_64-linux-gnu/libc-2.15.so
7fd123a1a000-7fd123a1e000 r--p 001b5000 08:05 1049488                    /lib/x86_64-linux-gnu/libc-2.15.so
7fd123a1e000-7fd123a20000 rw-p 001b9000 08:05 1049488                    /lib/x86_64-linux-gnu/libc-2.15.so
7fd123a20000-7fd123a25000 rw-p 00000000 00:00 0 
7fd123a25000-7fd123a27000 r-xp 00000000 08:05 1059543                    /lib/x86_64-linux-gnu/libdl-2.15.so
7fd123a27000-7fd123c27000 ---p 00002000 08:05 1059543                    /lib/x86_64-linux-gnu/libdl-2.15.so
7fd123c27000-7fd123c28000 r--p 00002000 08:05 1059543                    /lib/x86_64-linux-gnu/libdl-2.15.so
7fd123c28000-7fd123c29000 rw-p 00003000 08:05 1059543                    /lib/x86_64-linux-gnu/libdl-2.15.so
7fd123c29000-7fd123c3f000 r-xp 00000000 08:05 2772981                    /usr/local/processing-2.1.1/java/lib/amd64/jli/libjli.so
7fd123c3f000-7fd123e3f000 ---p 00016000 08:05 2772981                    /usr/local/processing-2.1.1/java/lib/amd64/jli/libjli.so
7fd123e3f000-7fd123e40000 rw-p 00016000 08:05 2772981                    /usr/local/processing-2.1.1/java/lib/amd64/jli/libjli.so
7fd123e40000-7fd123e58000 r-xp 00000000 08:05 1054120                    /lib/x86_64-linux-gnu/libpthread-2.15.so
7fd123e58000-7fd124057000 ---p 00018000 08:05 1054120                    /lib/x86_64-linux-gnu/libpthread-2.15.so
7fd124057000-7fd124058000 r--p 00017000 08:05 1054120                    /lib/x86_64-linux-gnu/libpthread-2.15.so
7fd124058000-7fd124059000 rw-p 00018000 08:05 1054120                    /lib/x86_64-linux-gnu/libpthread-2.15.so
7fd124059000-7fd12405d000 rw-p 00000000 00:00 0 
7fd12405d000-7fd12407f000 r-xp 00000000 08:05 1059120                    /lib/x86_64-linux-gnu/ld-2.15.so
7fd124081000-7fd124086000 r--s 00068000 08:05 2734263                    /usr/local/processing-2.1.1/lib/antlr.jar
7fd124086000-7fd124088000 r--s 00002000 08:05 2734255                    /usr/local/processing-2.1.1/lib/ant-launcher.jar
7fd124088000-7fd124089000 r--s 00005000 08:03 23718                      /media/Data/processing/libraries/SimpleOpenNI/library/SimpleOpenNI.jar
7fd124089000-7fd12408a000 r--s 00001000 08:05 2734278                    /usr/local/processing-2.1.1/core/library/gluegen-rt-natives-macosx-universal.jar
7fd12408a000-7fd12408b000 r--s 00031000 08:05 2734277                    /usr/local/processing-2.1.1/core/library/jogl-all-natives-linux-amd64.jar
7fd12408b000-7fd12408c000 r--s 00000000 08:05 2734275                    /usr/local/processing-2.1.1/core/library/gluegen-rt-natives-linux-armv6hf.jar
7fd12408c000-7fd12408d000 r--s 00034000 08:05 2734281                    /usr/local/processing-2.1.1/core/library/jogl-all-natives-windows-amd64.jar
7fd12408d000-7fd12408e000 r--s 00001000 08:05 2734280                    /usr/local/processing-2.1.1/core/library/gluegen-rt-natives-windows-amd64.jar
7fd12408e000-7fd12408f000 r--s 00001000 08:05 2734271                    /usr/local/processing-2.1.1/core/library/gluegen-rt-natives-windows-i586.jar
7fd12408f000-7fd124093000 r--s 00097000 08:05 2734282                    /usr/local/processing-2.1.1/core/library/core.jar
7fd124093000-7fd12409f000 rw-p 00000000 00:00 0 
7fd12409f000-7fd124153000 rw-p 00000000 00:00 0 
7fd124153000-7fd124156000 ---p 00000000 00:00 0 
7fd124156000-7fd124258000 rw-p 00000000 00:00 0 
7fd124258000-7fd124259000 r--s 00062000 08:05 2734267                    /usr/local/processing-2.1.1/core/library/jogl-all-natives-macosx-universal.jar
7fd124259000-7fd12425a000 r--s 0002d000 08:05 2734269                    /usr/local/processing-2.1.1/core/library/jogl-all-natives-windows-i586.jar
7fd12425a000-7fd12425b000 r--s 00000000 08:05 2734270                    /usr/local/processing-2.1.1/core/library/gluegen-rt-natives-linux-i586.jar
7fd12425b000-7fd12425c000 r--s 00000000 08:05 2734273                    /usr/local/processing-2.1.1/core/library/gluegen-rt-natives-linux-amd64.jar
7fd12425c000-7fd12425d000 r--s 00030000 08:05 2734276                    /usr/local/processing-2.1.1/core/library/jogl-all-natives-linux-i586.jar
7fd12425d000-7fd12425e000 r--s 00022000 08:05 2734279                    /usr/local/processing-2.1.1/core/library/jogl-all-natives-linux-armv6hf.jar
7fd12425e000-7fd124273000 rw-p 00000000 00:00 0 
7fd124273000-7fd12427b000 rw-s 00000000 08:05 405259                     /tmp/hsperfdata_ewe/5109
7fd12427b000-7fd12427c000 rw-p 00000000 00:00 0 
7fd12427c000-7fd12427d000 r--p 00000000 00:00 0 
7fd12427d000-7fd12427f000 rw-p 00000000 00:00 0 
7fd12427f000-7fd124280000 r--p 00022000 08:05 1059120                    /lib/x86_64-linux-gnu/ld-2.15.so
7fd124280000-7fd124282000 rw-p 00023000 08:05 1059120                    /lib/x86_64-linux-gnu/ld-2.15.so
7fff980a4000-7fff980c6000 rw-p 00000000 00:00 0                          [stack]
7fff981ff000-7fff98200000 r-xp 00000000 00:00 0                          [vdso]
ffffffffff600000-ffffffffff601000 r-xp 00000000 00:00 0                  [vsyscall]

VM Arguments:
jvm_args: -agentlib:jdwp=transport=dt_socket,address=8224,server=y,suspend=y -Djava.library.path=:/media/Data/processing/libraries/SimpleOpenNI/library/linux64:/usr/java/packages/lib/amd64:/usr/lib64:/lib64:/lib:/usr/lib -ea 
java_command: processing.core.PApplet --display=1 sedakinect --sketch-path=/media/Data/processing/danza/senalDeAjuste/sedakinect
Launcher Type: SUN_STANDARD

Environment Variables:
CLASSPATH=/usr/local/processing-2.1.1/java/lib/rt.jar:/usr/local/processing-2.1.1/lib/ant-launcher.jar:/usr/local/processing-2.1.1/lib/ant.jar:/usr/local/processing-2.1.1/lib/antlr.jar:/usr/local/processing-2.1.1/lib/com.ibm.icu_4.4.2.v20110823.jar:/usr/local/processing-2.1.1/lib/jdi.jar:/usr/local/processing-2.1.1/lib/jdimodel.jar:/usr/local/processing-2.1.1/lib/jna.jar:/usr/local/processing-2.1.1/lib/org-netbeans-swing-outline.jar:/usr/local/processing-2.1.1/lib/org.eclipse.osgi_3.8.1.v20120830-144521.jar:/usr/local/processing-2.1.1/lib/pde.jar:/usr/local/processing-2.1.1/core/library/core.jar:/usr/local/processing-2.1.1/core/library/gluegen-rt-natives-linux-amd64.jar:/usr/local/processing-2.1.1/core/library/gluegen-rt-natives-linux-armv6hf.jar:/usr/local/processing-2.1.1/core/library/gluegen-rt-natives-linux-i586.jar:/usr/local/processing-2.1.1/core/library/gluegen-rt-natives-macosx-universal.jar:/usr/local/processing-2.1.1/core/library/gluegen-rt-natives-windows-amd64.jar:/usr/local/processing-2.1.1/core/library/gluegen-rt-natives-windows-i586.jar:/usr/local/processing-2.1.1/core/library/gluegen-rt.jar:/usr/local/processing-2.1.1/core/library/jogl-all-natives-linux-amd64.jar:/usr/local/processing-2.1.1/core/library/jogl-all-natives-linux-armv6hf.jar:/usr/local/processing-2.1.1/core/library/jogl-all-natives-linux-i586.jar:/usr/local/processing-2.1.1/core/library/jogl-all-natives-macosx-universal.jar:/usr/local/processing-2.1.1/core/library/jogl-all-natives-windows-amd64.jar:/usr/local/processing-2.1.1/core/library/jogl-all-natives-windows-i586.jar:/usr/local/processing-2.1.1/core/library/jogl-all.jar
PATH=/usr/local/processing-2.1.1/java/bin:/usr/lib/lightdm/lightdm:/usr/local/sbin:/usr/local/bin:/usr/sbin:/usr/bin:/sbin:/bin:/usr/games
SHELL=/bin/bash
DISPLAY=:0

Signal Handlers:
SIGSEGV: [libjvm.so+0x992d50], sa_mask[0]=0x7ffbfeff, sa_flags=0x10000004
SIGBUS: [libjvm.so+0x992d50], sa_mask[0]=0x7ffbfeff, sa_flags=0x10000004
SIGFPE: [libjvm.so+0x80fb00], sa_mask[0]=0x7ffbfeff, sa_flags=0x10000004
SIGPIPE: [libjvm.so+0x80fb00], sa_mask[0]=0x7ffbfeff, sa_flags=0x10000004
SIGXFSZ: [libjvm.so+0x80fb00], sa_mask[0]=0x7ffbfeff, sa_flags=0x10000004
SIGILL: [libjvm.so+0x80fb00], sa_mask[0]=0x7ffbfeff, sa_flags=0x10000004
SIGUSR1: SIG_DFL, sa_mask[0]=0x00000000, sa_flags=0x00000000
SIGUSR2: [libjvm.so+0x810ff0], sa_mask[0]=0x00000004, sa_flags=0x10000004
SIGHUP: [libjvm.so+0x811f60], sa_mask[0]=0x7ffbfeff, sa_flags=0x10000004
SIGINT: [libjvm.so+0x811f60], sa_mask[0]=0x7ffbfeff, sa_flags=0x10000004
SIGTERM: [libjvm.so+0x811f60], sa_mask[0]=0x7ffbfeff, sa_flags=0x10000004
SIGQUIT: [libjvm.so+0x811f60], sa_mask[0]=0x7ffbfeff, sa_flags=0x10000004


---------------  S Y S T E M  ---------------

OS:wheezy/sid

uname:Linux 3.2.0-52-generic #78-Ubuntu SMP Fri Jul 26 16:21:44 UTC 2013 x86_64
libc:glibc 2.15 NPTL 2.15 
rlimit: STACK 8192k, CORE 0k, NPROC 29318, NOFILE 4096, AS infinity
load average:1.92 2.05 2.04

/proc/meminfo:
MemTotal:        3770424 kB
MemFree:         1700820 kB
Buffers:          282608 kB
Cached:           570120 kB
SwapCached:            0 kB
Active:          1329248 kB
Inactive:         557924 kB
Active(anon):    1035244 kB
Inactive(anon):     3896 kB
Active(file):     294004 kB
Inactive(file):   554028 kB
Unevictable:           0 kB
Mlocked:               0 kB
SwapTotal:       1950716 kB
SwapFree:        1950716 kB
Dirty:                68 kB
Writeback:             0 kB
AnonPages:       1034484 kB
Mapped:           118796 kB
Shmem:              4668 kB
Slab:              67716 kB
SReclaimable:      41408 kB
SUnreclaim:        26308 kB
KernelStack:        3128 kB
PageTables:        26552 kB
NFS_Unstable:          0 kB
Bounce:                0 kB
WritebackTmp:          0 kB
CommitLimit:     3835928 kB
Committed_AS:    3073120 kB
VmallocTotal:   34359738367 kB
VmallocUsed:       94172 kB
VmallocChunk:   34359640856 kB
HardwareCorrupted:     0 kB
AnonHugePages:         0 kB
HugePages_Total:       0
HugePages_Free:        0
HugePages_Rsvd:        0
HugePages_Surp:        0
Hugepagesize:       2048 kB
DirectMap4k:       56320 kB
DirectMap2M:     1761280 kB
DirectMap1G:     2097152 kB


CPU:total 2 (2 cores per cpu, 1 threads per core) family 20 model 2 stepping 0, cmov, cx8, fxsr, mmx, sse, sse2, sse3, ssse3, popcnt, mmxext, lzcnt, sse4a, tsc, tscinvbit, tscinv

/proc/cpuinfo:
processor	: 0
vendor_id	: AuthenticAMD
cpu family	: 20
model		: 2
model name	: AMD C-60 APU with Radeon(tm) HD Graphics
stepping	: 0
microcode	: 0x5000101
cpu MHz		: 800.000
cache size	: 512 KB
physical id	: 0
siblings	: 2
core id		: 0
cpu cores	: 2
apicid		: 0
initial apicid	: 0
fpu		: yes
fpu_exception	: yes
cpuid level	: 6
wp		: yes
flags		: fpu vme de pse tsc msr pae mce cx8 apic sep mtrr pge mca cmov pat pse36 clflush mmx fxsr sse sse2 ht syscall nx mmxext fxsr_opt pdpe1gb rdtscp lm constant_tsc rep_good nopl nonstop_tsc extd_apicid aperfmperf pni monitor ssse3 cx16 popcnt lahf_lm cmp_legacy svm extapic cr8_legacy abm sse4a misalignsse 3dnowprefetch ibs skinit wdt arat cpb npt lbrv svm_lock nrip_save pausefilter
bogomips	: 1994.99
TLB size	: 1024 4K pages
clflush size	: 64
cache_alignment	: 64
address sizes	: 36 bits physical, 48 bits virtual
power management: ts ttp tm stc 100mhzsteps hwpstate cpb

processor	: 1
vendor_id	: AuthenticAMD
cpu family	: 20
model		: 2
model name	: AMD C-60 APU with Radeon(tm) HD Graphics
stepping	: 0
microcode	: 0x5000101
cpu MHz		: 800.000
cache size	: 512 KB
physical id	: 0
siblings	: 2
core id		: 1
cpu cores	: 2
apicid		: 1
initial apicid	: 1
fpu		: yes
fpu_exception	: yes
cpuid level	: 6
wp		: yes
flags		: fpu vme de pse tsc msr pae mce cx8 apic sep mtrr pge mca cmov pat pse36 clflush mmx fxsr sse sse2 ht syscall nx mmxext fxsr_opt pdpe1gb rdtscp lm constant_tsc rep_good nopl nonstop_tsc extd_apicid aperfmperf pni monitor ssse3 cx16 popcnt lahf_lm cmp_legacy svm extapic cr8_legacy abm sse4a misalignsse 3dnowprefetch ibs skinit wdt arat cpb npt lbrv svm_lock nrip_save pausefilter
bogomips	: 1995.09
TLB size	: 1024 4K pages
clflush size	: 64
cache_alignment	: 64
address sizes	: 36 bits physical, 48 bits virtual
power management: ts ttp tm stc 100mhzsteps hwpstate cpb



Memory: 4k page, physical 3770424k(1700820k free), swap 1950716k(1950716k free)

vm_info: Java HotSpot(TM) 64-Bit Server VM (24.0-b56) for linux-amd64 JRE (1.7.0_40-b43), built on Aug 26 2013 23:53:33 by "java_re" with gcc 4.3.0 20080428 (Red Hat 4.3.0-8)

time: Sat Aug  2 18:35:53 2014
elapsed time: 2189 seconds

