#
# A fatal error has been detected by the Java Runtime Environment:
#
#  SIGSEGV (0xb) at pc=0x00007f4648e66080, pid=5252, tid=139939880888064
#
# JRE version: Java(TM) SE Runtime Environment (7.0_40-b43) (build 1.7.0_40-b43)
# Java VM: Java HotSpot(TM) 64-Bit Server VM (24.0-b56 mixed mode linux-amd64 compressed oops)
# Problematic frame:
# C  [libfreenect.so.0.1+0x8080]
#
# Failed to write core dump. Core dumps have been disabled. To enable core dumping, try "ulimit -c unlimited" before starting Java again
#
# If you would like to submit a bug report, please visit:
#   http://bugreport.sun.com/bugreport/crash.jsp
#

---------------  T H R E A D  ---------------

Current thread is native thread

siginfo:si_signo=SIGSEGV: si_errno=0, si_code=1 (SEGV_MAPERR), si_addr=0x00000000000007fa

Registers:
RAX=0x00000000000007fa, RBX=0x00007f465c3279a0, RCX=0x000000000000e3fc, RDX=0x0000000000000000
RSP=0x00007f464ae3da78, RBP=0x00007f464ae3dac0, RSI=0x00007f464ae3dab0, RDI=0x00007f465c440990
R8 =0x0000000000067200, R9 =0x00000000000000f2, R10=0x86b39ce94c673bdb, R11=0xffffff329b99cd6e
R12=0x0000000000000000, R13=0x00007f465c3279f8, R14=0x0000000000000000, R15=0x0000000000000001
RIP=0x00007f4648e66080, EFLAGS=0x0000000000010206, CSGSFS=0x0000000000000033, ERR=0x0000000000000004
  TRAPNO=0x000000000000000e

Top of Stack: (sp=0x00007f464ae3da78)
0x00007f464ae3da78:   00007f465c291590 00007f465c44099b
0x00007f464ae3da88:   00007f465c282ee0 0000000200000003
0x00007f464ae3da98:   0000008013ba7200 0000000000000085
0x00007f464ae3daa8:   00007f465c283068 03fd03fd03fd03fd
0x00007f464ae3dab8:   03fc03fc03fc03fd 00007f464ae3db10
0x00007f464ae3dac8:   00007f4648e61599 00000000000000f2
0x00007f464ae3dad8:   00007f467cb51340 000000000001e320
0x00007f464ae3dae8:   000004785c327720 00007f465c49e540
0x00007f464ae3daf8:   00007f465c282ee0 000672005c327778
0x00007f464ae3db08:   00007f465c27f570 00007f464ae3db60
0x00007f464ae3db18:   00007f4648e654af 0000000000001000
0x00007f464ae3db28:   00007f465c3279f8 0000000000000000
0x00007f464ae3db38:   0000000948c53ca3 0000000000000000
0x00007f464ae3db48:   00007f465c49e540 00007f465c282f10
0x00007f464ae3db58:   00007f465c27f570 00007f465c27f5b0
0x00007f464ae3db68:   00007f4648c54656 00007f465c27f5f8
0x00007f464ae3db78:   0000000000000003 0000000000000000
0x00007f464ae3db88:   00007f4654029c70 00007f465c3279a0
0x00007f464ae3db98:   00007f4648c5799b 00007f46540012e0
0x00007f464ae3dba8:   00007f4600000000 0000000000000003
0x00007f464ae3dbb8:   00007f465c27f5b0 00007f465c3279d0
0x00007f464ae3dbc8:   00007f465c27f608 0000000000000000
0x00007f464ae3dbd8:   0000000100000018 0000000000000003
0x00007f464ae3dbe8:   00007f46540012e0 00007f465c27f668
0x00007f464ae3dbf8:   00007f465c27f5b0 00007f4654029c70
0x00007f464ae3dc08:   00007f464ae3dc80 0000000000000003
0x00007f464ae3dc18:   0000000000000001 00007f465c27f668
0x00007f464ae3dc28:   00007f4648c54440 00007f465c27baa8
0x00007f464ae3dc38:   00007f465c27f678 0000000000000000
0x00007f464ae3dc48:   00007f465c27f5b0 0000000000000000
0x00007f464ae3dc58:   0000000000000000 00007f464ae3e9c0
0x00007f464ae3dc68:   00007f465c384300 0000000000000003 

Instructions: (pc=0x00007f4648e66080)
0x00007f4648e66060:   83 45 c0 0b 48 8b 45 e8 48 8b 90 98 00 00 00 8b
0x00007f4648e66070:   45 e4 0f b7 44 45 f0 0f b7 c0 48 01 c0 48 01 d0
0x00007f4648e66080:   0f b7 00 66 89 45 da 83 45 e4 01 8b 55 e0 89 d0
0x00007f4648e66090:   c1 e0 02 01 d0 c1 e0 07 89 c2 8b 45 dc 01 d0 89 

Register to memory mapping:

RAX=0x00000000000007fa is an unknown value
RBX=0x00007f465c3279a0 is an unknown value
RCX=0x000000000000e3fc is an unknown value
RDX=0x0000000000000000 is an unknown value
RSP=0x00007f464ae3da78 is an unknown value
RBP=0x00007f464ae3dac0 is an unknown value
RSI=0x00007f464ae3dab0 is an unknown value
RDI=0x00007f465c440990 is an unknown value
R8 =0x0000000000067200 is an unknown value
R9 =0x00000000000000f2 is an unknown value
R10=0x86b39ce94c673bdb is an unknown value
R11=0xffffff329b99cd6e is an unknown value
R12=0x0000000000000000 is an unknown value
R13=0x00007f465c3279f8 is an unknown value
R14=0x0000000000000000 is an unknown value
R15=0x0000000000000001 is an unknown value


Stack: [0x00007f464a63e000,0x00007f464ae3f000],  sp=0x00007f464ae3da78,  free space=8190k
Native frames: (J=compiled Java code, j=interpreted, Vv=VM code, C=native code)
C  [libfreenect.so.0.1+0x8080]
C  [libfreenect.so.0.1+0x3599]
C  [libfreenect.so.0.1+0x74af]


---------------  P R O C E S S  ---------------

VM state:not at safepoint (normal execution)

VM Mutex/Monitor currently owned by a thread: None

Heap
 PSYoungGen      total 21504K, used 14711K [0x00000000ecc80000, 0x00000000eef00000, 0x0000000100000000)
  eden space 19968K, 66% used [0x00000000ecc80000,0x00000000ed961fd8,0x00000000ee000000)
  from space 1536K, 98% used [0x00000000eed80000,0x00000000eeefc010,0x00000000eef00000)
  to   space 2048K, 0% used [0x00000000eeb00000,0x00000000eeb00000,0x00000000eed00000)
 ParOldGen       total 72704K, used 39203K [0x00000000c6600000, 0x00000000cad00000, 0x00000000ecc80000)
  object space 72704K, 53% used [0x00000000c6600000,0x00000000c8c48d30,0x00000000cad00000)
 PSPermGen       total 33280K, used 16824K [0x00000000c1400000, 0x00000000c3480000, 0x00000000c6600000)
  object space 33280K, 50% used [0x00000000c1400000,0x00000000c246e030,0x00000000c3480000)

Card table byte_map: [0x00007f468f52f000,0x00007f468f726000] byte_map_base: 0x00007f468ef25000

Polling page: 0x00007f469a359000

Code Cache  [0x00007f468f726000, 0x00007f468f996000, 0x00007f4692726000)
 total_blobs=1086 nmethods=240 adapters=808 free_code_cache=47832Kb largest_free_block=48954624

Compilation events (10 events):
Event: 155.227 Thread 0x00007f46940a0800  238             java.lang.ref.Reference::get (5 bytes)
Event: 155.229 Thread 0x00007f46940a0800 nmethod 238 0x00007f468f86f810 code [0x00007f468f86f940, 0x00007f468f86f998]
Event: 161.876 Thread 0x00007f46940a0800  239             sun.awt.SunToolkit::awtLock (7 bytes)
Event: 161.879 Thread 0x00007f46940a3800  240             sun.awt.SunToolkit::awtUnlock (7 bytes)
Event: 161.896 Thread 0x00007f46940a0800 nmethod 239 0x00007f468f8744d0 code [0x00007f468f874640, 0x00007f468f8747e8]
Event: 161.902 Thread 0x00007f46940a3800 nmethod 240 0x00007f468f873f90 code [0x00007f468f8740e0, 0x00007f468f8742a8]
Event: 166.110 Thread 0x00007f46940a0800  241             java.nio.Buffer::limit (62 bytes)
Event: 166.113 Thread 0x00007f46940a0800 nmethod 241 0x00007f468f86f5d0 code [0x00007f468f86f700, 0x00007f468f86f798]
Event: 166.236 Thread 0x00007f46940a3800  242             java.util.ArrayList::size (5 bytes)
Event: 166.237 Thread 0x00007f46940a3800 nmethod 242 0x00007f468f86f350 code [0x00007f468f86f480, 0x00007f468f86f4d8]

GC Heap History (10 events):
Event: 5.913 GC heap before
{Heap before GC invocations=1 (full 0):
 PSYoungGen      total 17920K, used 15753K [0x00000000ecc80000, 0x00000000ee000000, 0x0000000100000000)
  eden space 15872K, 99% used [0x00000000ecc80000,0x00000000edbe24c0,0x00000000edc00000)
  from space 2048K, 0% used [0x00000000ede00000,0x00000000ede00000,0x00000000ee000000)
  to   space 2048K, 0% used [0x00000000edc00000,0x00000000edc00000,0x00000000ede00000)
 ParOldGen       total 38912K, used 255K [0x00000000c6600000, 0x00000000c8c00000, 0x00000000ecc80000)
  object space 38912K, 0% used [0x00000000c6600000,0x00000000c663fc10,0x00000000c8c00000)
 PSPermGen       total 21504K, used 11143K [0x00000000c1400000, 0x00000000c2900000, 0x00000000c6600000)
  object space 21504K, 51% used [0x00000000c1400000,0x00000000c1ee1e58,0x00000000c2900000)
Event: 5.945 GC heap after
Heap after GC invocations=1 (full 0):
 PSYoungGen      total 17920K, used 2019K [0x00000000ecc80000, 0x00000000ee000000, 0x0000000100000000)
  eden space 15872K, 0% used [0x00000000ecc80000,0x00000000ecc80000,0x00000000edc00000)
  from space 2048K, 98% used [0x00000000edc00000,0x00000000eddf8db0,0x00000000ede00000)
  to   space 2048K, 0% used [0x00000000ede00000,0x00000000ede00000,0x00000000ee000000)
 ParOldGen       total 38912K, used 4450K [0x00000000c6600000, 0x00000000c8c00000, 0x00000000ecc80000)
  object space 38912K, 11% used [0x00000000c6600000,0x00000000c6a58958,0x00000000c8c00000)
 PSPermGen       total 21504K, used 11143K [0x00000000c1400000, 0x00000000c2900000, 0x00000000c6600000)
  object space 21504K, 51% used [0x00000000c1400000,0x00000000c1ee1e58,0x00000000c2900000)
}
Event: 10.380 GC heap before
{Heap before GC invocations=2 (full 0):
 PSYoungGen      total 17920K, used 17891K [0x00000000ecc80000, 0x00000000ee000000, 0x0000000100000000)
  eden space 15872K, 100% used [0x00000000ecc80000,0x00000000edc00000,0x00000000edc00000)
  from space 2048K, 98% used [0x00000000edc00000,0x00000000eddf8db0,0x00000000ede00000)
  to   space 2048K, 0% used [0x00000000ede00000,0x00000000ede00000,0x00000000ee000000)
 ParOldGen       total 38912K, used 9252K [0x00000000c6600000, 0x00000000c8c00000, 0x00000000ecc80000)
  object space 38912K, 23% used [0x00000000c6600000,0x00000000c6f09118,0x00000000c8c00000)
 PSPermGen       total 21504K, used 16525K [0x00000000c1400000, 0x00000000c2900000, 0x00000000c6600000)
  object space 21504K, 76% used [0x00000000c1400000,0x00000000c2423708,0x00000000c2900000)
Event: 10.491 GC heap after
Heap after GC invocations=2 (full 0):
 PSYoungGen      total 17920K, used 2034K [0x00000000ecc80000, 0x00000000eef80000, 0x0000000100000000)
  eden space 15872K, 0% used [0x00000000ecc80000,0x00000000ecc80000,0x00000000edc00000)
  from space 2048K, 99% used [0x00000000ede00000,0x00000000edffc880,0x00000000ee000000)
  to   space 2048K, 0% used [0x00000000edc00000,0x00000000edc00000,0x00000000ede00000)
 ParOldGen       total 38912K, used 15410K [0x00000000c6600000, 0x00000000c8c00000, 0x00000000ecc80000)
  object space 38912K, 39% used [0x00000000c6600000,0x00000000c750cb40,0x00000000c8c00000)
 PSPermGen       total 21504K, used 16525K [0x00000000c1400000, 0x00000000c2900000, 0x00000000c6600000)
  object space 21504K, 76% used [0x00000000c1400000,0x00000000c2423708,0x00000000c2900000)
}
Event: 14.071 GC heap before
{Heap before GC invocations=3 (full 0):
 PSYoungGen      total 17920K, used 16529K [0x00000000ecc80000, 0x00000000eef80000, 0x0000000100000000)
  eden space 15872K, 91% used [0x00000000ecc80000,0x00000000edaa7d88,0x00000000edc00000)
  from space 2048K, 99% used [0x00000000ede00000,0x00000000edffc880,0x00000000ee000000)
  to   space 2048K, 0% used [0x00000000edc00000,0x00000000edc00000,0x00000000ede00000)
 ParOldGen       total 38912K, used 15410K [0x00000000c6600000, 0x00000000c8c00000, 0x00000000ecc80000)
  object space 38912K, 39% used [0x00000000c6600000,0x00000000c750cb40,0x00000000c8c00000)
 PSPermGen       total 21504K, used 16533K [0x00000000c1400000, 0x00000000c2900000, 0x00000000c6600000)
  object space 21504K, 76% used [0x00000000c1400000,0x00000000c2425590,0x00000000c2900000)
Event: 14.214 GC heap after
Heap after GC invocations=3 (full 0):
 PSYoungGen      total 17920K, used 2018K [0x00000000ecc80000, 0x00000000eef80000, 0x0000000100000000)
  eden space 15872K, 0% used [0x00000000ecc80000,0x00000000ecc80000,0x00000000edc00000)
  from space 2048K, 98% used [0x00000000edc00000,0x00000000eddf8870,0x00000000ede00000)
  to   space 2048K, 0% used [0x00000000eed80000,0x00000000eed80000,0x00000000eef80000)
 ParOldGen       total 38912K, used 29562K [0x00000000c6600000, 0x00000000c8c00000, 0x00000000ecc80000)
  object space 38912K, 75% used [0x00000000c6600000,0x00000000c82de980,0x00000000c8c00000)
 PSPermGen       total 21504K, used 16533K [0x00000000c1400000, 0x00000000c2900000, 0x00000000c6600000)
  object space 21504K, 76% used [0x00000000c1400000,0x00000000c2425590,0x00000000c2900000)
}
Event: 14.215 GC heap before
{Heap before GC invocations=4 (full 1):
 PSYoungGen      total 17920K, used 2018K [0x00000000ecc80000, 0x00000000eef80000, 0x0000000100000000)
  eden space 15872K, 0% used [0x00000000ecc80000,0x00000000ecc80000,0x00000000edc00000)
  from space 2048K, 98% used [0x00000000edc00000,0x00000000eddf8870,0x00000000ede00000)
  to   space 2048K, 0% used [0x00000000eed80000,0x00000000eed80000,0x00000000eef80000)
 ParOldGen       total 38912K, used 29562K [0x00000000c6600000, 0x00000000c8c00000, 0x00000000ecc80000)
  object space 38912K, 75% used [0x00000000c6600000,0x00000000c82de980,0x00000000c8c00000)
 PSPermGen       total 21504K, used 16533K [0x00000000c1400000, 0x00000000c2900000, 0x00000000c6600000)
  object space 21504K, 76% used [0x00000000c1400000,0x00000000c2425590,0x00000000c2900000)
Event: 14.998 GC heap after
Heap after GC invocations=4 (full 1):
 PSYoungGen      total 17920K, used 0K [0x00000000ecc80000, 0x00000000eef80000, 0x0000000100000000)
  eden space 15872K, 0% used [0x00000000ecc80000,0x00000000ecc80000,0x00000000edc00000)
  from space 2048K, 0% used [0x00000000edc00000,0x00000000edc00000,0x00000000ede00000)
  to   space 2048K, 0% used [0x00000000eed80000,0x00000000eed80000,0x00000000eef80000)
 ParOldGen       total 72704K, used 29987K [0x00000000c6600000, 0x00000000cad00000, 0x00000000ecc80000)
  object space 72704K, 41% used [0x00000000c6600000,0x00000000c8348d00,0x00000000cad00000)
 PSPermGen       total 33280K, used 16529K [0x00000000c1400000, 0x00000000c3480000, 0x00000000c6600000)
  object space 33280K, 49% used [0x00000000c1400000,0x00000000c24244a8,0x00000000c3480000)
}
Event: 36.792 GC heap before
{Heap before GC invocations=5 (full 1):
 PSYoungGen      total 17920K, used 15872K [0x00000000ecc80000, 0x00000000eef80000, 0x0000000100000000)
  eden space 15872K, 100% used [0x00000000ecc80000,0x00000000edc00000,0x00000000edc00000)
  from space 2048K, 0% used [0x00000000edc00000,0x00000000edc00000,0x00000000ede00000)
  to   space 2048K, 0% used [0x00000000eed80000,0x00000000eed80000,0x00000000eef80000)
 ParOldGen       total 72704K, used 29987K [0x00000000c6600000, 0x00000000cad00000, 0x00000000ecc80000)
  object space 72704K, 41% used [0x00000000c6600000,0x00000000c8348d00,0x00000000cad00000)
 PSPermGen       total 33280K, used 16708K [0x00000000c1400000, 0x00000000c3480000, 0x00000000c6600000)
  object space 33280K, 50% used [0x00000000c1400000,0x00000000c2451280,0x00000000c3480000)
Event: 36.829 GC heap after
Heap after GC invocations=5 (full 1):
 PSYoungGen      total 21504K, used 1520K [0x00000000ecc80000, 0x00000000eef00000, 0x0000000100000000)
  eden space 19968K, 0% used [0x00000000ecc80000,0x00000000ecc80000,0x00000000ee000000)
  from space 1536K, 98% used [0x00000000eed80000,0x00000000eeefc010,0x00000000eef00000)
  to   space 2048K, 0% used [0x00000000eeb00000,0x00000000eeb00000,0x00000000eed00000)
 ParOldGen       total 72704K, used 39203K [0x00000000c6600000, 0x00000000cad00000, 0x00000000ecc80000)
  object space 72704K, 53% used [0x00000000c6600000,0x00000000c8c48d30,0x00000000cad00000)
 PSPermGen       total 33280K, used 16708K [0x00000000c1400000, 0x00000000c3480000, 0x00000000c6600000)
  object space 33280K, 50% used [0x00000000c1400000,0x00000000c2451280,0x00000000c3480000)
}

Deoptimization events (7 events):
Event: 8.089 Thread 0x00007f469423c000 Uncommon trap: reason=unreached action=reinterpret pc=0x00007f468f7e7a94 method=java.lang.Class.searchFields([Ljava/lang/reflect/Field;Ljava/lang/String;)Ljava/lang/reflect/Field; @ 23
Event: 9.347 Thread 0x00007f469423c000 Uncommon trap: reason=unreached action=reinterpret pc=0x00007f468f7f4438 method=com.jogamp.common.util.IntIntHashMap.get(I)I @ 19
Event: 18.364 Thread 0x00007f469423c000 Uncommon trap: reason=class_check action=maybe_recompile pc=0x00007f468f7fa10c method=com.jogamp.common.nio.Buffers.getDirectBufferByteOffset(Ljava/lang/Object;)I @ 42
Event: 18.702 Thread 0x00007f469423c000 Uncommon trap: reason=class_check action=maybe_recompile pc=0x00007f468f7fa10c method=com.jogamp.common.nio.Buffers.getDirectBufferByteOffset(Ljava/lang/Object;)I @ 42
Event: 19.593 Thread 0x00007f469423c000 Uncommon trap: reason=class_check action=maybe_recompile pc=0x00007f468f7fa10c method=com.jogamp.common.nio.Buffers.getDirectBufferByteOffset(Ljava/lang/Object;)I @ 42
Event: 19.594 Thread 0x00007f469423c000 Uncommon trap: reason=class_check action=maybe_recompile pc=0x00007f468f7fa10c method=com.jogamp.common.nio.Buffers.getDirectBufferByteOffset(Ljava/lang/Object;)I @ 42
Event: 168.186 Thread 0x00007f4694248000 Uncommon trap: reason=class_check action=maybe_recompile pc=0x00007f468f872c74 method=jogamp.common.util.locks.RecursiveLockImpl01Unfairish.validateLocked()V @ 14

Internal exceptions (10 events):
Event: 167.339 Thread 0x00007f469423c000 Threw 0x00000000ed928770 at /HUDSON/workspace/jdk7u40-2-build-linux-amd64-product/jdk7u40/hotspot/src/share/vm/interpreter/linkResolver.cpp:883
Event: 167.454 Thread 0x00007f469423c000 Threw 0x00000000ed929610 at /HUDSON/workspace/jdk7u40-2-build-linux-amd64-product/jdk7u40/hotspot/src/share/vm/interpreter/linkResolver.cpp:883
Event: 167.571 Thread 0x00007f469423c000 Threw 0x00000000ed92a4b0 at /HUDSON/workspace/jdk7u40-2-build-linux-amd64-product/jdk7u40/hotspot/src/share/vm/interpreter/linkResolver.cpp:883
Event: 167.684 Thread 0x00007f469423c000 Threw 0x00000000ed92b350 at /HUDSON/workspace/jdk7u40-2-build-linux-amd64-product/jdk7u40/hotspot/src/share/vm/interpreter/linkResolver.cpp:883
Event: 167.804 Thread 0x00007f469423c000 Threw 0x00000000ed92c1f0 at /HUDSON/workspace/jdk7u40-2-build-linux-amd64-product/jdk7u40/hotspot/src/share/vm/interpreter/linkResolver.cpp:883
Event: 167.920 Thread 0x00007f469423c000 Threw 0x00000000ed92d090 at /HUDSON/workspace/jdk7u40-2-build-linux-amd64-product/jdk7u40/hotspot/src/share/vm/interpreter/linkResolver.cpp:883
Event: 168.044 Thread 0x00007f469423c000 Threw 0x00000000ed930878 at /HUDSON/workspace/jdk7u40-2-build-linux-amd64-product/jdk7u40/hotspot/src/share/vm/interpreter/linkResolver.cpp:883
Event: 168.174 Thread 0x00007f4694248000 Threw 0x00000000ed880f80 at /HUDSON/workspace/jdk7u40-2-build-linux-amd64-product/jdk7u40/hotspot/src/share/vm/prims/jvm.cpp:1244
Event: 168.178 Thread 0x00007f4694248000 Threw 0x00000000ed8885a8 at /HUDSON/workspace/jdk7u40-2-build-linux-amd64-product/jdk7u40/hotspot/src/share/vm/prims/jvm.cpp:1244
Event: 168.182 Thread 0x00007f4694248000 Threw 0x00000000ed94dec8 at /HUDSON/workspace/jdk7u40-2-build-linux-amd64-product/jdk7u40/hotspot/src/share/vm/prims/jvm.cpp:1244

Events (10 events):
Event: 168.174 loading class 0x00007f46582c22a0
Event: 168.174 loading class 0x00007f46582c22a0 done
Event: 168.175 Thread 0x00007f46582b9000 Thread exited: 0x00007f46582b9000
Event: 168.178 loading class 0x00007f46582bd000
Event: 168.178 loading class 0x00007f46582bd000 done
Event: 168.181 loading class 0x00007f4658101900
Event: 168.181 loading class 0x00007f4658101900 done
Event: 168.186 Thread 0x00007f4694248000 Uncommon trap: trap_request=0xffffffde fr.pc=0x00007f468f872c74
Event: 168.186 Thread 0x00007f4694248000 DEOPT PACKING pc=0x00007f468f872c74 sp=0x00007f46877ea300
Event: 168.186 Thread 0x00007f4694248000 DEOPT UNPACKING pc=0x00007f468f75f045 sp=0x00007f46877ea2c0 mode 2


Dynamic libraries:
00400000-00401000 r-xp 00000000 08:05 2773002                            /usr/local/processing-2.1.1/java/bin/java
00600000-00601000 rw-p 00000000 08:05 2773002                            /usr/local/processing-2.1.1/java/bin/java
014b9000-014da000 rw-p 00000000 00:00 0                                  [heap]
c1400000-c3480000 rw-p 00000000 00:00 0 
c3480000-c6600000 rw-p 00000000 00:00 0 
c6600000-cad00000 rw-p 00000000 00:00 0 
cad00000-ecc80000 rw-p 00000000 00:00 0 
ecc80000-eef00000 rw-p 00000000 00:00 0 
eef00000-eef80000 ---p 00000000 00:00 0 
eef80000-100000000 rw-p 00000000 00:00 0 
7f4630000000-7f4633668000 rw-p 00000000 00:00 0 
7f4633668000-7f4634000000 ---p 00000000 00:00 0 
7f4638000000-7f463c000000 rw-p 00000000 00:00 0 
7f463e820000-7f463eb21000 rw-p 00000000 00:00 0 
7f463eb23000-7f463eb24000 rw-s 115c48000 00:05 6960                      /dev/dri/card0
7f463ee24000-7f463f125000 rw-p 00000000 00:00 0 
7f463f125000-7f463f126000 ---p 00000000 00:00 0 
7f463f126000-7f463ffe0000 rw-p 00000000 00:00 0 
7f463ffe1000-7f464617d000 rw-p 00000000 00:00 0 
7f46470f7000-7f46471f7000 rw-s 118e5d000 00:05 6960                      /dev/dri/card0
7f46471f7000-7f46471f8000 ---p 00000000 00:00 0 
7f46471f8000-7f46479f8000 rw-p 00000000 00:00 0 
7f4647d7d000-7f4647d7e000 ---p 00000000 00:00 0 
7f4647d7e000-7f464857e000 rw-p 00000000 00:00 0 
7f46487d7000-7f4648821000 r-xp 00000000 08:03 23704                      /media/Data/processing/libraries/SimpleOpenNI/library/linux64/OpenNI2/Drivers/libOniFile.so
7f4648821000-7f4648a20000 ---p 0004a000 08:03 23704                      /media/Data/processing/libraries/SimpleOpenNI/library/linux64/OpenNI2/Drivers/libOniFile.so
7f4648a20000-7f4648a22000 r--p 00049000 08:03 23704                      /media/Data/processing/libraries/SimpleOpenNI/library/linux64/OpenNI2/Drivers/libOniFile.so
7f4648a22000-7f4648a23000 rw-p 0004b000 08:03 23704                      /media/Data/processing/libraries/SimpleOpenNI/library/linux64/OpenNI2/Drivers/libOniFile.so
7f4648a23000-7f4648a43000 rw-p 00000000 00:00 0 
7f4648a43000-7f4648a4e000 r-xp 00000000 08:03 23705                      /media/Data/processing/libraries/SimpleOpenNI/library/linux64/OpenNI2/Drivers/libfreenect.so
7f4648a4e000-7f4648c4d000 ---p 0000b000 08:03 23705                      /media/Data/processing/libraries/SimpleOpenNI/library/linux64/OpenNI2/Drivers/libfreenect.so
7f4648c4d000-7f4648c4e000 r--p 0000a000 08:03 23705                      /media/Data/processing/libraries/SimpleOpenNI/library/linux64/OpenNI2/Drivers/libfreenect.so
7f4648c4e000-7f4648c4f000 rw-p 0000b000 08:03 23705                      /media/Data/processing/libraries/SimpleOpenNI/library/linux64/OpenNI2/Drivers/libfreenect.so
7f4648c4f000-7f4648c5d000 r-xp 00000000 08:05 1052466                    /lib/x86_64-linux-gnu/libusb-1.0.so.0.1.0
7f4648c5d000-7f4648e5c000 ---p 0000e000 08:05 1052466                    /lib/x86_64-linux-gnu/libusb-1.0.so.0.1.0
7f4648e5c000-7f4648e5d000 r--p 0000d000 08:05 1052466                    /lib/x86_64-linux-gnu/libusb-1.0.so.0.1.0
7f4648e5d000-7f4648e5e000 rw-p 0000e000 08:05 1052466                    /lib/x86_64-linux-gnu/libusb-1.0.so.0.1.0
7f4648e5e000-7f4648e69000 r-xp 00000000 08:03 23702                      /media/Data/processing/libraries/SimpleOpenNI/library/linux64/OpenNI2/Drivers/libfreenect.so.0.1
7f4648e69000-7f4649068000 ---p 0000b000 08:03 23702                      /media/Data/processing/libraries/SimpleOpenNI/library/linux64/OpenNI2/Drivers/libfreenect.so.0.1
7f4649068000-7f4649069000 r--p 0000a000 08:03 23702                      /media/Data/processing/libraries/SimpleOpenNI/library/linux64/OpenNI2/Drivers/libfreenect.so.0.1
7f4649069000-7f464906a000 rw-p 0000b000 08:03 23702                      /media/Data/processing/libraries/SimpleOpenNI/library/linux64/OpenNI2/Drivers/libfreenect.so.0.1
7f464906a000-7f4649081000 r-xp 00000000 08:03 23703                      /media/Data/processing/libraries/SimpleOpenNI/library/linux64/OpenNI2/Drivers/libFreenectDriver.so
7f4649081000-7f4649281000 ---p 00017000 08:03 23703                      /media/Data/processing/libraries/SimpleOpenNI/library/linux64/OpenNI2/Drivers/libFreenectDriver.so
7f4649281000-7f4649282000 r--p 00017000 08:03 23703                      /media/Data/processing/libraries/SimpleOpenNI/library/linux64/OpenNI2/Drivers/libFreenectDriver.so
7f4649282000-7f4649283000 rw-p 00018000 08:03 23703                      /media/Data/processing/libraries/SimpleOpenNI/library/linux64/OpenNI2/Drivers/libFreenectDriver.so
7f4649283000-7f4649287000 rw-p 0001f000 08:03 23703                      /media/Data/processing/libraries/SimpleOpenNI/library/linux64/OpenNI2/Drivers/libFreenectDriver.so
7f4649287000-7f464929d000 r-xp 00000000 08:03 23708                      /media/Data/processing/libraries/SimpleOpenNI/library/linux64/OpenNI2/Drivers/libDummyDevice.so
7f464929d000-7f464949d000 ---p 00016000 08:03 23708                      /media/Data/processing/libraries/SimpleOpenNI/library/linux64/OpenNI2/Drivers/libDummyDevice.so
7f464949d000-7f464949e000 r--p 00016000 08:03 23708                      /media/Data/processing/libraries/SimpleOpenNI/library/linux64/OpenNI2/Drivers/libDummyDevice.so
7f464949e000-7f464949f000 rw-p 00017000 08:03 23708                      /media/Data/processing/libraries/SimpleOpenNI/library/linux64/OpenNI2/Drivers/libDummyDevice.so
7f464949f000-7f46494a2000 r-xp 00000000 08:05 977001                     /usr/local/lib/libboost_system.so.1.54.0
7f46494a2000-7f46496a1000 ---p 00003000 08:05 977001                     /usr/local/lib/libboost_system.so.1.54.0
7f46496a1000-7f46496a2000 r--p 00002000 08:05 977001                     /usr/local/lib/libboost_system.so.1.54.0
7f46496a2000-7f46496a3000 rw-p 00003000 08:05 977001                     /usr/local/lib/libboost_system.so.1.54.0
7f46496a3000-7f4649b4a000 r-xp 00000000 08:03 23711                      /media/Data/processing/libraries/SimpleOpenNI/library/linux64/libNiTE2.so
7f4649b4a000-7f4649d49000 ---p 004a7000 08:03 23711                      /media/Data/processing/libraries/SimpleOpenNI/library/linux64/libNiTE2.so
7f4649d49000-7f4649d55000 r--p 004a6000 08:03 23711                      /media/Data/processing/libraries/SimpleOpenNI/library/linux64/libNiTE2.so
7f4649d55000-7f4649d57000 rw-p 004b2000 08:03 23711                      /media/Data/processing/libraries/SimpleOpenNI/library/linux64/libNiTE2.so
7f4649d57000-7f4649d5f000 rw-p 00000000 00:00 0 
7f4649d5f000-7f4649db7000 r-xp 00000000 08:03 23717                      /media/Data/processing/libraries/SimpleOpenNI/library/linux64/libOpenNI2.so
7f4649db7000-7f4649fb7000 ---p 00058000 08:03 23717                      /media/Data/processing/libraries/SimpleOpenNI/library/linux64/libOpenNI2.so
7f4649fb7000-7f4649fb9000 r--p 00058000 08:03 23717                      /media/Data/processing/libraries/SimpleOpenNI/library/linux64/libOpenNI2.so
7f4649fb9000-7f4649fba000 rw-p 0005a000 08:03 23717                      /media/Data/processing/libraries/SimpleOpenNI/library/linux64/libOpenNI2.so
7f4649fba000-7f4649fdb000 rw-p 00000000 00:00 0 
7f4649fdb000-7f4649ff3000 r-xp 00000000 08:03 23713                      /media/Data/processing/libraries/SimpleOpenNI/library/linux64/libboost_thread.so.1.54.0
7f4649ff3000-7f464a1f2000 ---p 00018000 08:03 23713                      /media/Data/processing/libraries/SimpleOpenNI/library/linux64/libboost_thread.so.1.54.0
7f464a1f2000-7f464a1f4000 r--p 00017000 08:03 23713                      /media/Data/processing/libraries/SimpleOpenNI/library/linux64/libboost_thread.so.1.54.0
7f464a1f4000-7f464a1f5000 rw-p 00019000 08:03 23713                      /media/Data/processing/libraries/SimpleOpenNI/library/linux64/libboost_thread.so.1.54.0
7f464a1f5000-7f464a23b000 r-xp 00000000 08:03 18794                      /media/Data/processing/libraries/SimpleOpenNI/library/libSimpleOpenNI64.so
7f464a23b000-7f464a43a000 ---p 00046000 08:03 18794                      /media/Data/processing/libraries/SimpleOpenNI/library/libSimpleOpenNI64.so
7f464a43a000-7f464a43c000 r--p 00045000 08:03 18794                      /media/Data/processing/libraries/SimpleOpenNI/library/libSimpleOpenNI64.so
7f464a43c000-7f464a43e000 rw-p 00047000 08:03 18794                      /media/Data/processing/libraries/SimpleOpenNI/library/libSimpleOpenNI64.so
7f464a63a000-7f464a63b000 rw-s 11a0c9000 00:05 6960                      /dev/dri/card0
7f464a63b000-7f464a63c000 rw-s 11a0c8000 00:05 6960                      /dev/dri/card0
7f464a63c000-7f464a63d000 rw-s 11a0c7000 00:05 6960                      /dev/dri/card0
7f464a63e000-7f464a63f000 ---p 00000000 00:00 0 
7f464a63f000-7f464ae3f000 rw-p 00000000 00:00 0 
7f464ae3f000-7f464ae40000 ---p 00000000 00:00 0 
7f464ae40000-7f464b640000 rw-p 00000000 00:00 0 
7f464b640000-7f464b641000 ---p 00000000 00:00 0 
7f464b641000-7f464be41000 rw-p 00000000 00:00 0 
7f464be41000-7f464be48000 r-xp 00000000 08:05 663379                     /usr/lib/x86_64-linux-gnu/libffi.so.6.0.0
7f464be48000-7f464c047000 ---p 00007000 08:05 663379                     /usr/lib/x86_64-linux-gnu/libffi.so.6.0.0
7f464c047000-7f464c048000 r--p 00006000 08:05 663379                     /usr/lib/x86_64-linux-gnu/libffi.so.6.0.0
7f464c048000-7f464c049000 rw-p 00007000 08:05 663379                     /usr/lib/x86_64-linux-gnu/libffi.so.6.0.0
7f464c049000-7f464c12b000 r-xp 00000000 08:05 663721                     /usr/lib/x86_64-linux-gnu/libstdc++.so.6.0.16
7f464c12b000-7f464c32a000 ---p 000e2000 08:05 663721                     /usr/lib/x86_64-linux-gnu/libstdc++.so.6.0.16
7f464c32a000-7f464c332000 r--p 000e1000 08:05 663721                     /usr/lib/x86_64-linux-gnu/libstdc++.so.6.0.16
7f464c332000-7f464c334000 rw-p 000e9000 08:05 663721                     /usr/lib/x86_64-linux-gnu/libstdc++.so.6.0.16
7f464c334000-7f464c349000 rw-p 00000000 00:00 0 
7f464c349000-7f464c35e000 r-xp 00000000 08:05 1052384                    /lib/x86_64-linux-gnu/libgcc_s.so.1
7f464c35e000-7f464c55d000 ---p 00015000 08:05 1052384                    /lib/x86_64-linux-gnu/libgcc_s.so.1
7f464c55d000-7f464c55e000 r--p 00014000 08:05 1052384                    /lib/x86_64-linux-gnu/libgcc_s.so.1
7f464c55e000-7f464c55f000 rw-p 00015000 08:05 1052384                    /lib/x86_64-linux-gnu/libgcc_s.so.1
7f464c55f000-7f464d83a000 r-xp 00000000 08:05 663148                     /usr/lib/x86_64-linux-gnu/libLLVM-3.0.so.1
7f464d83a000-7f464da3a000 ---p 012db000 08:05 663148                     /usr/lib/x86_64-linux-gnu/libLLVM-3.0.so.1
7f464da3a000-7f464dbb3000 r--p 012db000 08:05 663148                     /usr/lib/x86_64-linux-gnu/libLLVM-3.0.so.1
7f464dbb3000-7f464dcc7000 rw-p 01454000 08:05 663148                     /usr/lib/x86_64-linux-gnu/libLLVM-3.0.so.1
7f464dcc7000-7f464dcdb000 rw-p 00000000 00:00 0 
7f464dcdb000-7f464deb6000 r-xp 00000000 08:05 919175                     /usr/lib/x86_64-linux-gnu/dri/libgallium.so
7f464deb6000-7f464e0b6000 ---p 001db000 08:05 919175                     /usr/lib/x86_64-linux-gnu/dri/libgallium.so
7f464e0b6000-7f464e0c5000 r--p 001db000 08:05 919175                     /usr/lib/x86_64-linux-gnu/dri/libgallium.so
7f464e0c5000-7f464e0c7000 rw-p 001ea000 08:05 919175                     /usr/lib/x86_64-linux-gnu/dri/libgallium.so
7f464e0c7000-7f464e28f000 rw-p 00000000 00:00 0 
7f464e28f000-7f464e2b6000 r-xp 00000000 08:05 1062541                    /lib/x86_64-linux-gnu/libexpat.so.1.5.2
7f464e2b6000-7f464e4b6000 ---p 00027000 08:05 1062541                    /lib/x86_64-linux-gnu/libexpat.so.1.5.2
7f464e4b6000-7f464e4b8000 r--p 00027000 08:05 1062541                    /lib/x86_64-linux-gnu/libexpat.so.1.5.2
7f464e4b8000-7f464e4b9000 rw-p 00029000 08:05 1062541                    /lib/x86_64-linux-gnu/libexpat.so.1.5.2
7f464e4b9000-7f464e5df000 r-xp 00000000 08:05 919168                     /usr/lib/x86_64-linux-gnu/dri/libglsl.so
7f464e5df000-7f464e7de000 ---p 00126000 08:05 919168                     /usr/lib/x86_64-linux-gnu/dri/libglsl.so
7f464e7de000-7f464e7e7000 r--p 00125000 08:05 919168                     /usr/lib/x86_64-linux-gnu/dri/libglsl.so
7f464e7e7000-7f464e7ea000 rw-p 0012e000 08:05 919168                     /usr/lib/x86_64-linux-gnu/dri/libglsl.so
7f464e7ea000-7f464e7eb000 rw-p 00000000 00:00 0 
7f464e7eb000-7f464ea2a000 r-xp 00000000 08:05 919169                     /usr/lib/x86_64-linux-gnu/dri/libdricore.so
7f464ea2a000-7f464ec2a000 ---p 0023f000 08:05 919169                     /usr/lib/x86_64-linux-gnu/dri/libdricore.so
7f464ec2a000-7f464ec34000 r--p 0023f000 08:05 919169                     /usr/lib/x86_64-linux-gnu/dri/libdricore.so
7f464ec34000-7f464ec37000 rw-p 00249000 08:05 919169                     /usr/lib/x86_64-linux-gnu/dri/libdricore.so
7f464ec37000-7f464ec4d000 rw-p 00000000 00:00 0 
7f464ec4d000-7f464ed70000 r-xp 00000000 08:05 919176                     /usr/lib/x86_64-linux-gnu/dri/r600_dri.so
7f464ed70000-7f464ef6f000 ---p 00123000 08:05 919176                     /usr/lib/x86_64-linux-gnu/dri/r600_dri.so
7f464ef6f000-7f464ef7e000 r--p 00122000 08:05 919176                     /usr/lib/x86_64-linux-gnu/dri/r600_dri.so
7f464ef7e000-7f464ef82000 rw-p 00131000 08:05 919176                     /usr/lib/x86_64-linux-gnu/dri/r600_dri.so
7f464ef82000-7f464f109000 rw-p 00000000 00:00 0 
7f464f109000-7f464f10b000 r-xp 00000000 08:05 664253                     /usr/lib/x86_64-linux-gnu/libXinerama.so.1.0.0
7f464f10b000-7f464f30a000 ---p 00002000 08:05 664253                     /usr/lib/x86_64-linux-gnu/libXinerama.so.1.0.0
7f464f30a000-7f464f30b000 r--p 00001000 08:05 664253                     /usr/lib/x86_64-linux-gnu/libXinerama.so.1.0.0
7f464f30b000-7f464f30c000 rw-p 00002000 08:05 664253                     /usr/lib/x86_64-linux-gnu/libXinerama.so.1.0.0
7f464f30c000-7f464f3b4000 r-xp 00000000 08:05 405272                     /tmp/jogamp_0000/file_cache/jln8158222619829262253/jln896808131904636891/libjogl_desktop.so
7f464f3b4000-7f464f5b3000 ---p 000a8000 08:05 405272                     /tmp/jogamp_0000/file_cache/jln8158222619829262253/jln896808131904636891/libjogl_desktop.so
7f464f5b3000-7f464f5b4000 rw-p 000a7000 08:05 405272                     /tmp/jogamp_0000/file_cache/jln8158222619829262253/jln896808131904636891/libjogl_desktop.so
7f464f5b4000-7f464f5be000 r-xp 00000000 08:05 735928                     /usr/lib/x86_64-linux-gnu/libdrm.so.2.4.0
7f464f5be000-7f464f7bd000 ---p 0000a000 08:05 735928                     /usr/lib/x86_64-linux-gnu/libdrm.so.2.4.0
7f464f7bd000-7f464f7be000 r--p 00009000 08:05 735928                     /usr/lib/x86_64-linux-gnu/libdrm.so.2.4.0
7f464f7be000-7f464f7bf000 rw-p 0000a000 08:05 735928                     /usr/lib/x86_64-linux-gnu/libdrm.so.2.4.0
7f464f7bf000-7f464f7d4000 r-xp 00000000 08:05 659657                     /usr/lib/x86_64-linux-gnu/libxcb-glx.so.0.0.0
7f464f7d4000-7f464f9d3000 ---p 00015000 08:05 659657                     /usr/lib/x86_64-linux-gnu/libxcb-glx.so.0.0.0
7f464f9d3000-7f464f9d5000 r--p 00014000 08:05 659657                     /usr/lib/x86_64-linux-gnu/libxcb-glx.so.0.0.0
7f464f9d5000-7f464f9d6000 rw-p 00016000 08:05 659657                     /usr/lib/x86_64-linux-gnu/libxcb-glx.so.0.0.0
7f464f9d6000-7f464f9d7000 r-xp 00000000 08:05 659489                     /usr/lib/x86_64-linux-gnu/libX11-xcb.so.1.0.0
7f464f9d7000-7f464fbd6000 ---p 00001000 08:05 659489                     /usr/lib/x86_64-linux-gnu/libX11-xcb.so.1.0.0
7f464fbd6000-7f464fbd7000 r--p 00000000 08:05 659489                     /usr/lib/x86_64-linux-gnu/libX11-xcb.so.1.0.0
7f464fbd7000-7f464fbd8000 rw-p 00001000 08:05 659489                     /usr/lib/x86_64-linux-gnu/libX11-xcb.so.1.0.0
7f464fbd8000-7f464fbda000 r-xp 00000000 08:05 663203                     /usr/lib/x86_64-linux-gnu/libXdamage.so.1.1.0
7f464fbda000-7f464fdd9000 ---p 00002000 08:05 663203                     /usr/lib/x86_64-linux-gnu/libXdamage.so.1.1.0
7f464fdd9000-7f464fdda000 r--p 00001000 08:05 663203                     /usr/lib/x86_64-linux-gnu/libXdamage.so.1.1.0
7f464fdda000-7f464fddb000 rw-p 00002000 08:05 663203                     /usr/lib/x86_64-linux-gnu/libXdamage.so.1.1.0
7f464fddb000-7f464fdfc000 r-xp 00000000 08:05 658976                     /usr/lib/x86_64-linux-gnu/libglapi.so.0.0.0
7f464fdfc000-7f464fffb000 ---p 00021000 08:05 658976                     /usr/lib/x86_64-linux-gnu/libglapi.so.0.0.0
7f464fffb000-7f464fffe000 r--p 00020000 08:05 658976                     /usr/lib/x86_64-linux-gnu/libglapi.so.0.0.0
7f464fffe000-7f464ffff000 rw-p 00023000 08:05 658976                     /usr/lib/x86_64-linux-gnu/libglapi.so.0.0.0
7f464ffff000-7f4650000000 rw-p 00000000 00:00 0 
7f4650000000-7f4650021000 rw-p 00000000 00:00 0 
7f4650021000-7f4654000000 ---p 00000000 00:00 0 
7f4654000000-7f46542a1000 rw-p 00000000 00:00 0 
7f46542a1000-7f4658000000 ---p 00000000 00:00 0 
7f4658000000-7f46585e5000 rw-p 00000000 00:00 0 
7f46585e5000-7f465c000000 ---p 00000000 00:00 0 
7f465c000000-7f465ffff000 rw-p 00000000 00:00 0 
7f465ffff000-7f4660000000 ---p 00000000 00:00 0 
7f4660000000-7f4660514000 rw-p 00000000 00:00 0 
7f4660514000-7f4664000000 ---p 00000000 00:00 0 
7f4664000000-7f4664a14000 rw-p 00000000 00:00 0 
7f4664a14000-7f4668000000 ---p 00000000 00:00 0 
7f4668000000-7f4668021000 rw-p 00000000 00:00 0 
7f4668021000-7f466c000000 ---p 00000000 00:00 0 
7f466c000000-7f466c4b2000 rw-p 00000000 00:00 0 
7f466c4b2000-7f4670000000 ---p 00000000 00:00 0 
7f4670000000-7f4670021000 rw-p 00000000 00:00 0 
7f4670021000-7f4674000000 ---p 00000000 00:00 0 
7f4674000000-7f4674021000 rw-p 00000000 00:00 0 
7f4674021000-7f4678000000 ---p 00000000 00:00 0 
7f4678000000-7f4678021000 rw-p 00000000 00:00 0 
7f4678021000-7f467c000000 ---p 00000000 00:00 0 
7f467c000000-7f467c021000 rw-p 00000000 00:00 0 
7f467c021000-7f4680000000 ---p 00000000 00:00 0 
7f4680000000-7f4680021000 rw-p 00000000 00:00 0 
7f4680021000-7f4684000000 ---p 00000000 00:00 0 
7f4684048000-7f468404b000 ---p 00000000 00:00 0 
7f468404b000-7f4684149000 rw-p 00000000 00:00 0 
7f4684149000-7f46841a6000 r-xp 00000000 08:05 918254                     /usr/lib/x86_64-linux-gnu/mesa/libGL.so.1.2
7f46841a6000-7f46843a5000 ---p 0005d000 08:05 918254                     /usr/lib/x86_64-linux-gnu/mesa/libGL.so.1.2
7f46843a5000-7f46843a7000 r--p 0005c000 08:05 918254                     /usr/lib/x86_64-linux-gnu/mesa/libGL.so.1.2
7f46843a7000-7f46843a8000 rw-p 0005e000 08:05 918254                     /usr/lib/x86_64-linux-gnu/mesa/libGL.so.1.2
7f46843a8000-7f46843a9000 rw-p 00000000 00:00 0 
7f46843a9000-7f46843b0000 r-xp 00000000 08:05 405275                     /tmp/jogamp_0000/file_cache/jln8158222619829262253/jln896808131904636891/libnativewindow_x11.so
7f46843b0000-7f46845af000 ---p 00007000 08:05 405275                     /tmp/jogamp_0000/file_cache/jln8158222619829262253/jln896808131904636891/libnativewindow_x11.so
7f46845af000-7f46845b0000 rw-p 00006000 08:05 405275                     /tmp/jogamp_0000/file_cache/jln8158222619829262253/jln896808131904636891/libnativewindow_x11.so
7f46845b0000-7f46845b4000 r-xp 00000000 08:05 659659                     /usr/lib/x86_64-linux-gnu/libXxf86vm.so.1.0.0
7f46845b4000-7f46847b3000 ---p 00004000 08:05 659659                     /usr/lib/x86_64-linux-gnu/libXxf86vm.so.1.0.0
7f46847b3000-7f46847b4000 r--p 00003000 08:05 659659                     /usr/lib/x86_64-linux-gnu/libXxf86vm.so.1.0.0
7f46847b4000-7f46847b5000 rw-p 00004000 08:05 659659                     /usr/lib/x86_64-linux-gnu/libXxf86vm.so.1.0.0
7f46847b5000-7f46847b7000 r-xp 00000000 08:05 405274                     /tmp/jogamp_0000/file_cache/jln8158222619829262253/jln896808131904636891/libnativewindow_awt.so
7f46847b7000-7f46849b6000 ---p 00002000 08:05 405274                     /tmp/jogamp_0000/file_cache/jln8158222619829262253/jln896808131904636891/libnativewindow_awt.so
7f46849b6000-7f46849b7000 rw-p 00001000 08:05 405274                     /tmp/jogamp_0000/file_cache/jln8158222619829262253/jln896808131904636891/libnativewindow_awt.so
7f46849b7000-7f46849b8000 r-xp 00000000 08:05 2772966                    /usr/local/processing-2.1.1/java/lib/amd64/libjawt.so
7f46849b8000-7f4684bb7000 ---p 00001000 08:05 2772966                    /usr/local/processing-2.1.1/java/lib/amd64/libjawt.so
7f4684bb7000-7f4684bb8000 rw-p 00000000 08:05 2772966                    /usr/local/processing-2.1.1/java/lib/amd64/libjawt.so
7f4684bb8000-7f4684bba000 r-xp 00000000 08:05 405271                     /tmp/jogamp_0000/file_cache/jln8158222619829262253/jln896808131904636891/libgluegen-rt.so
7f4684bba000-7f4684dba000 ---p 00002000 08:05 405271                     /tmp/jogamp_0000/file_cache/jln8158222619829262253/jln896808131904636891/libgluegen-rt.so
7f4684dba000-7f4684dbb000 rw-p 00002000 08:05 405271                     /tmp/jogamp_0000/file_cache/jln8158222619829262253/jln896808131904636891/libgluegen-rt.so
7f4684dbb000-7f4684dbe000 ---p 00000000 00:00 0 
7f4684dbe000-7f4684ebc000 rw-p 00000000 00:00 0 
7f4684ebc000-7f4684ecc000 r-xp 00000000 08:05 2772972                    /usr/local/processing-2.1.1/java/lib/amd64/libnio.so
7f4684ecc000-7f46850cc000 ---p 00010000 08:05 2772972                    /usr/local/processing-2.1.1/java/lib/amd64/libnio.so
7f46850cc000-7f46850cd000 rw-p 00010000 08:05 2772972                    /usr/local/processing-2.1.1/java/lib/amd64/libnio.so
7f46850cd000-7f46853cd000 rw-s 00000000 00:04 6193156                    /SYSV00000000 (deleted)
7f46853cd000-7f468732d000 rw-p 00000000 00:00 0 
7f468737a000-7f46873fa000 rwxp 00000000 00:00 0 
7f46873fa000-7f468740f000 r-xp 00000000 08:05 2772948                    /usr/local/processing-2.1.1/java/lib/amd64/libnet.so
7f468740f000-7f468760f000 ---p 00015000 08:05 2772948                    /usr/local/processing-2.1.1/java/lib/amd64/libnet.so
7f468760f000-7f4687610000 rw-p 00015000 08:05 2772948                    /usr/local/processing-2.1.1/java/lib/amd64/libnet.so
7f4687610000-7f4687619000 r--s 0009b000 08:05 2734253                    /usr/local/processing-2.1.1/lib/pde.jar
7f468762f000-7f4687630000 rw-s 115c42000 00:05 6960                      /dev/dri/card0
7f4687630000-7f4687631000 rw-s 1120bd000 00:05 6960                      /dev/dri/card0
7f4687631000-7f4687632000 rw-s 1121fe000 00:05 6960                      /dev/dri/card0
7f4687632000-7f4687633000 rw-s 1121fd000 00:05 6960                      /dev/dri/card0
7f4687634000-7f4687635000 rw-s 1121fb000 00:05 6960                      /dev/dri/card0
7f4687635000-7f4687636000 rw-s 1121fa000 00:05 6960                      /dev/dri/card0
7f4687641000-7f4687642000 rw-s 115941000 00:05 6960                      /dev/dri/card0
7f4687642000-7f4687643000 rw-s 115940000 00:05 6960                      /dev/dri/card0
7f4687643000-7f4687644000 rw-s 11a0c6000 00:05 6960                      /dev/dri/card0
7f4687644000-7f4687645000 rw-s 11593f000 00:05 6960                      /dev/dri/card0
7f4687645000-7f4687646000 rw-s 115c53000 00:05 6960                      /dev/dri/card0
7f4687646000-7f4687647000 rw-s 115c40000 00:05 6960                      /dev/dri/card0
7f4687647000-7f4687648000 rw-s 115c52000 00:05 6960                      /dev/dri/card0
7f4687648000-7f4687649000 rw-s 115c51000 00:05 6960                      /dev/dri/card0
7f4687649000-7f468764a000 rw-s 115c50000 00:05 6960                      /dev/dri/card0
7f468764a000-7f468764b000 rw-s 115c4f000 00:05 6960                      /dev/dri/card0
7f468764b000-7f468764c000 rw-s 115c4e000 00:05 6960                      /dev/dri/card0
7f468764c000-7f468764d000 rw-s 115c4d000 00:05 6960                      /dev/dri/card0
7f468764d000-7f468764e000 rw-s 115c4c000 00:05 6960                      /dev/dri/card0
7f468764e000-7f468764f000 rw-s 11593e000 00:05 6960                      /dev/dri/card0
7f468764f000-7f4687650000 rw-s 11593d000 00:05 6960                      /dev/dri/card0
7f4687650000-7f4687651000 rw-s 11593b000 00:05 6960                      /dev/dri/card0
7f4687651000-7f4687652000 rw-s 11593a000 00:05 6960                      /dev/dri/card0
7f4687652000-7f4687653000 rw-s 115939000 00:05 6960                      /dev/dri/card0
7f4687653000-7f4687654000 rw-s 119db0000 00:05 6960                      /dev/dri/card0
7f4687654000-7f4687655000 rw-s 11a0c5000 00:05 6960                      /dev/dri/card0
7f4687655000-7f4687656000 rw-s 115937000 00:05 6960                      /dev/dri/card0
7f4687656000-7f4687657000 rw-s 119daf000 00:05 6960                      /dev/dri/card0
7f4687657000-7f4687658000 rw-s 119dae000 00:05 6960                      /dev/dri/card0
7f4687658000-7f4687659000 rw-s 1196d9000 00:05 6960                      /dev/dri/card0
7f4687659000-7f468765a000 rw-s 1196d8000 00:05 6960                      /dev/dri/card0
7f468765b000-7f468765e000 ---p 00000000 00:00 0 
7f468765e000-7f4687694000 rw-p 00000000 00:00 0 
7f4687694000-7f4687698000 r--s 0007d000 08:05 2772344                    /usr/local/processing-2.1.1/java/lib/jsse.jar
7f4687698000-7f46876ac000 r--s 00141000 08:05 2734250                    /usr/local/processing-2.1.1/lib/org.eclipse.osgi_3.8.1.v20120830-144521.jar
7f46876ac000-7f46876af000 r--s 00041000 08:05 2734266                    /usr/local/processing-2.1.1/lib/org-netbeans-swing-outline.jar
7f46876af000-7f46876eb000 r--s 00629000 08:05 2734243                    /usr/local/processing-2.1.1/lib/com.ibm.icu_4.4.2.v20110823.jar
7f46876eb000-7f46876ee000 ---p 00000000 00:00 0 
7f46876ee000-7f46877ec000 rw-p 00000000 00:00 0 
7f46877ec000-7f46877ef000 ---p 00000000 00:00 0 
7f46877ef000-7f46878ed000 rw-p 00000000 00:00 0 
7f46878ed000-7f46878f0000 ---p 00000000 00:00 0 
7f46878f0000-7f46879ee000 rw-p 00000000 00:00 0 
7f46879ee000-7f46879f1000 ---p 00000000 00:00 0 
7f46879f1000-7f4687aef000 rw-p 00000000 00:00 0 
7f4687aef000-7f4687af2000 ---p 00000000 00:00 0 
7f4687af2000-7f4687bf0000 rw-p 00000000 00:00 0 
7f4687bf0000-7f4687bf5000 r-xp 00000000 08:05 656242                     /usr/lib/x86_64-linux-gnu/libXfixes.so.3.1.0
7f4687bf5000-7f4687df4000 ---p 00005000 08:05 656242                     /usr/lib/x86_64-linux-gnu/libXfixes.so.3.1.0
7f4687df4000-7f4687df5000 r--p 00004000 08:05 656242                     /usr/lib/x86_64-linux-gnu/libXfixes.so.3.1.0
7f4687df5000-7f4687df6000 rw-p 00005000 08:05 656242                     /usr/lib/x86_64-linux-gnu/libXfixes.so.3.1.0
7f4687df6000-7f4687dff000 r-xp 00000000 08:05 664243                     /usr/lib/x86_64-linux-gnu/libXcursor.so.1.0.2
7f4687dff000-7f4687ffe000 ---p 00009000 08:05 664243                     /usr/lib/x86_64-linux-gnu/libXcursor.so.1.0.2
7f4687ffe000-7f4687fff000 r--p 00008000 08:05 664243                     /usr/lib/x86_64-linux-gnu/libXcursor.so.1.0.2
7f4687fff000-7f4688000000 rw-p 00009000 08:05 664243                     /usr/lib/x86_64-linux-gnu/libXcursor.so.1.0.2
7f4688000000-7f4688162000 rw-p 00000000 00:00 0 
7f4688162000-7f468c000000 ---p 00000000 00:00 0 
7f468c001000-7f468c002000 rwxp 00000000 00:00 0 
7f468c002000-7f468c016000 r--s 00127000 08:05 2734244                    /usr/local/processing-2.1.1/lib/jna.jar
7f468c016000-7f468c023000 r--s 000c6000 08:05 2734239                    /usr/local/processing-2.1.1/lib/jdimodel.jar
7f468c023000-7f468c026000 ---p 00000000 00:00 0 
7f468c026000-7f468c124000 rw-p 00000000 00:00 0 
7f468c124000-7f468c129000 r-xp 00000000 08:05 663205                     /usr/lib/x86_64-linux-gnu/libXdmcp.so.6.0.0
7f468c129000-7f468c328000 ---p 00005000 08:05 663205                     /usr/lib/x86_64-linux-gnu/libXdmcp.so.6.0.0
7f468c328000-7f468c329000 r--p 00004000 08:05 663205                     /usr/lib/x86_64-linux-gnu/libXdmcp.so.6.0.0
7f468c329000-7f468c32a000 rw-p 00005000 08:05 663205                     /usr/lib/x86_64-linux-gnu/libXdmcp.so.6.0.0
7f468c32a000-7f468c32c000 r-xp 00000000 08:05 663194                     /usr/lib/x86_64-linux-gnu/libXau.so.6.0.0
7f468c32c000-7f468c52b000 ---p 00002000 08:05 663194                     /usr/lib/x86_64-linux-gnu/libXau.so.6.0.0
7f468c52b000-7f468c52c000 r--p 00001000 08:05 663194                     /usr/lib/x86_64-linux-gnu/libXau.so.6.0.0
7f468c52c000-7f468c52d000 rw-p 00002000 08:05 663194                     /usr/lib/x86_64-linux-gnu/libXau.so.6.0.0
7f468c52d000-7f468c54a000 r-xp 00000000 08:05 661381                     /usr/lib/x86_64-linux-gnu/libxcb.so.1.1.0
7f468c54a000-7f468c749000 ---p 0001d000 08:05 661381                     /usr/lib/x86_64-linux-gnu/libxcb.so.1.1.0
7f468c749000-7f468c74a000 r--p 0001c000 08:05 661381                     /usr/lib/x86_64-linux-gnu/libxcb.so.1.1.0
7f468c74a000-7f468c74b000 rw-p 0001d000 08:05 661381                     /usr/lib/x86_64-linux-gnu/libxcb.so.1.1.0
7f468c74b000-7f468c759000 r-xp 00000000 08:05 664249                     /usr/lib/x86_64-linux-gnu/libXi.so.6.1.0
7f468c759000-7f468c958000 ---p 0000e000 08:05 664249                     /usr/lib/x86_64-linux-gnu/libXi.so.6.1.0
7f468c958000-7f468c959000 r--p 0000d000 08:05 664249                     /usr/lib/x86_64-linux-gnu/libXi.so.6.1.0
7f468c959000-7f468c95a000 rw-p 0000e000 08:05 664249                     /usr/lib/x86_64-linux-gnu/libXi.so.6.1.0
7f468c95a000-7f468c95f000 r-xp 00000000 08:05 661451                     /usr/lib/x86_64-linux-gnu/libXtst.so.6.1.0
7f468c95f000-7f468cb5e000 ---p 00005000 08:05 661451                     /usr/lib/x86_64-linux-gnu/libXtst.so.6.1.0
7f468cb5e000-7f468cb5f000 r--p 00004000 08:05 661451                     /usr/lib/x86_64-linux-gnu/libXtst.so.6.1.0
7f468cb5f000-7f468cb60000 rw-p 00005000 08:05 661451                     /usr/lib/x86_64-linux-gnu/libXtst.so.6.1.0
7f468cb60000-7f468cb69000 r-xp 00000000 08:05 659122                     /usr/lib/x86_64-linux-gnu/libXrender.so.1.3.0
7f468cb69000-7f468cd68000 ---p 00009000 08:05 659122                     /usr/lib/x86_64-linux-gnu/libXrender.so.1.3.0
7f468cd68000-7f468cd69000 r--p 00008000 08:05 659122                     /usr/lib/x86_64-linux-gnu/libXrender.so.1.3.0
7f468cd69000-7f468cd6a000 rw-p 00009000 08:05 659122                     /usr/lib/x86_64-linux-gnu/libXrender.so.1.3.0
7f468cd6a000-7f468ce9a000 r-xp 00000000 08:05 661396                     /usr/lib/x86_64-linux-gnu/libX11.so.6.3.0
7f468ce9a000-7f468d09a000 ---p 00130000 08:05 661396                     /usr/lib/x86_64-linux-gnu/libX11.so.6.3.0
7f468d09a000-7f468d09b000 r--p 00130000 08:05 661396                     /usr/lib/x86_64-linux-gnu/libX11.so.6.3.0
7f468d09b000-7f468d09f000 rw-p 00131000 08:05 661396                     /usr/lib/x86_64-linux-gnu/libX11.so.6.3.0
7f468d09f000-7f468d0af000 r-xp 00000000 08:05 661400                     /usr/lib/x86_64-linux-gnu/libXext.so.6.4.0
7f468d0af000-7f468d2ae000 ---p 00010000 08:05 661400                     /usr/lib/x86_64-linux-gnu/libXext.so.6.4.0
7f468d2ae000-7f468d2af000 r--p 0000f000 08:05 661400                     /usr/lib/x86_64-linux-gnu/libXext.so.6.4.0
7f468d2af000-7f468d2b0000 rw-p 00010000 08:05 661400                     /usr/lib/x86_64-linux-gnu/libXext.so.6.4.0
7f468d2b2000-7f468d2b7000 r--s 00068000 08:05 2734263                    /usr/local/processing-2.1.1/lib/antlr.jar
7f468d2b7000-7f468d2d5000 r--s 001bb000 08:05 2734236                    /usr/local/processing-2.1.1/lib/ant.jar
7f468d2d5000-7f468d325000 r-xp 00000000 08:05 2772985                    /usr/local/processing-2.1.1/java/lib/amd64/xawt/libmawt.so
7f468d325000-7f468d525000 ---p 00050000 08:05 2772985                    /usr/local/processing-2.1.1/java/lib/amd64/xawt/libmawt.so
7f468d525000-7f468d529000 rw-p 00050000 08:05 2772985                    /usr/local/processing-2.1.1/java/lib/amd64/xawt/libmawt.so
7f468d529000-7f468d52a000 rw-p 00000000 00:00 0 
7f468d52a000-7f468d5cd000 r-xp 00000000 08:05 2772978                    /usr/local/processing-2.1.1/java/lib/amd64/libawt.so
7f468d5cd000-7f468d7cd000 ---p 000a3000 08:05 2772978                    /usr/local/processing-2.1.1/java/lib/amd64/libawt.so
7f468d7cd000-7f468d7d9000 rw-p 000a3000 08:05 2772978                    /usr/local/processing-2.1.1/java/lib/amd64/libawt.so
7f468d7d9000-7f468d7fd000 rw-p 00000000 00:00 0 
7f468d7fd000-7f468d7fe000 ---p 00000000 00:00 0 
7f468d7fe000-7f468d8fe000 rw-p 00000000 00:00 0 
7f468d8fe000-7f468d901000 ---p 00000000 00:00 0 
7f468d901000-7f468d9ff000 rw-p 00000000 00:00 0 
7f468d9ff000-7f468da02000 ---p 00000000 00:00 0 
7f468da02000-7f468db00000 rw-p 00000000 00:00 0 
7f468db00000-7f468db03000 ---p 00000000 00:00 0 
7f468db03000-7f468dc01000 rw-p 00000000 00:00 0 
7f468dc01000-7f468dc04000 ---p 00000000 00:00 0 
7f468dc04000-7f468dd02000 rw-p 00000000 00:00 0 
7f468dd02000-7f468dd05000 ---p 00000000 00:00 0 
7f468dd05000-7f468de03000 rw-p 00000000 00:00 0 
7f468de03000-7f468de06000 ---p 00000000 00:00 0 
7f468de06000-7f468df04000 rw-p 00000000 00:00 0 
7f468df04000-7f468df08000 r-xp 00000000 08:05 2772958                    /usr/local/processing-2.1.1/java/lib/amd64/libdt_socket.so
7f468df08000-7f468e107000 ---p 00004000 08:05 2772958                    /usr/local/processing-2.1.1/java/lib/amd64/libdt_socket.so
7f468e107000-7f468e108000 rw-p 00003000 08:05 2772958                    /usr/local/processing-2.1.1/java/lib/amd64/libdt_socket.so
7f468e108000-7f468e10f000 r--s 00000000 08:05 968167                     /usr/lib/x86_64-linux-gnu/gconv/gconv-modules.cache
7f468e10f000-7f468e112000 ---p 00000000 00:00 0 
7f468e112000-7f468e210000 rw-p 00000000 00:00 0 
7f468e210000-7f468e213000 ---p 00000000 00:00 0 
7f468e213000-7f468e311000 rw-p 00000000 00:00 0 
7f468e311000-7f468e314000 ---p 00000000 00:00 0 
7f468e314000-7f468e412000 rw-p 00000000 00:00 0 
7f468e412000-7f468e413000 ---p 00000000 00:00 0 
7f468e413000-7f468eea9000 rw-p 00000000 00:00 0 
7f468eea9000-7f468f066000 r--s 031b5000 08:05 2772993                    /usr/local/processing-2.1.1/java/lib/rt.jar
7f468f066000-7f468f32d000 rw-p 00000000 00:00 0 
7f468f32d000-7f468f32e000 ---p 00000000 00:00 0 
7f468f32e000-7f468f42e000 rw-p 00000000 00:00 0 
7f468f42e000-7f468f42f000 ---p 00000000 00:00 0 
7f468f42f000-7f468f540000 rw-p 00000000 00:00 0 
7f468f540000-7f468f558000 rw-p 00000000 00:00 0 
7f468f558000-7f468f57c000 rw-p 00000000 00:00 0 
7f468f57c000-7f468f68b000 rw-p 00000000 00:00 0 
7f468f68b000-7f468f69d000 rw-p 00000000 00:00 0 
7f468f69d000-7f468f725000 rw-p 00000000 00:00 0 
7f468f725000-7f468f726000 rw-p 00000000 00:00 0 
7f468f726000-7f468f996000 rwxp 00000000 00:00 0 
7f468f996000-7f4692726000 rw-p 00000000 00:00 0 
7f4692726000-7f4692740000 r-xp 00000000 08:05 2772945                    /usr/local/processing-2.1.1/java/lib/amd64/libzip.so
7f4692740000-7f4692940000 ---p 0001a000 08:05 2772945                    /usr/local/processing-2.1.1/java/lib/amd64/libzip.so
7f4692940000-7f4692941000 rw-p 0001a000 08:05 2772945                    /usr/local/processing-2.1.1/java/lib/amd64/libzip.so
7f4692941000-7f469294d000 r-xp 00000000 08:05 1052422                    /lib/x86_64-linux-gnu/libnss_files-2.15.so
7f469294d000-7f4692b4c000 ---p 0000c000 08:05 1052422                    /lib/x86_64-linux-gnu/libnss_files-2.15.so
7f4692b4c000-7f4692b4d000 r--p 0000b000 08:05 1052422                    /lib/x86_64-linux-gnu/libnss_files-2.15.so
7f4692b4d000-7f4692b4e000 rw-p 0000c000 08:05 1052422                    /lib/x86_64-linux-gnu/libnss_files-2.15.so
7f4692b4e000-7f4692b58000 r-xp 00000000 08:05 1053945                    /lib/x86_64-linux-gnu/libnss_nis-2.15.so
7f4692b58000-7f4692d58000 ---p 0000a000 08:05 1053945                    /lib/x86_64-linux-gnu/libnss_nis-2.15.so
7f4692d58000-7f4692d59000 r--p 0000a000 08:05 1053945                    /lib/x86_64-linux-gnu/libnss_nis-2.15.so
7f4692d59000-7f4692d5a000 rw-p 0000b000 08:05 1053945                    /lib/x86_64-linux-gnu/libnss_nis-2.15.so
7f4692d5a000-7f4692d71000 r-xp 00000000 08:05 1060961                    /lib/x86_64-linux-gnu/libnsl-2.15.so
7f4692d71000-7f4692f70000 ---p 00017000 08:05 1060961                    /lib/x86_64-linux-gnu/libnsl-2.15.so
7f4692f70000-7f4692f71000 r--p 00016000 08:05 1060961                    /lib/x86_64-linux-gnu/libnsl-2.15.so
7f4692f71000-7f4692f72000 rw-p 00017000 08:05 1060961                    /lib/x86_64-linux-gnu/libnsl-2.15.so
7f4692f72000-7f4692f74000 rw-p 00000000 00:00 0 
7f4692f74000-7f4692f7c000 r-xp 00000000 08:05 1052395                    /lib/x86_64-linux-gnu/libnss_compat-2.15.so
7f4692f7c000-7f469317b000 ---p 00008000 08:05 1052395                    /lib/x86_64-linux-gnu/libnss_compat-2.15.so
7f469317b000-7f469317c000 r--p 00007000 08:05 1052395                    /lib/x86_64-linux-gnu/libnss_compat-2.15.so
7f469317c000-7f469317d000 rw-p 00008000 08:05 1052395                    /lib/x86_64-linux-gnu/libnss_compat-2.15.so
7f469317d000-7f4693997000 r--p 00000000 08:05 662326                     /usr/lib/locale/locale-archive
7f4693997000-7f469399a000 r-xp 00000000 08:05 2772959                    /usr/local/processing-2.1.1/java/lib/amd64/libnpt.so
7f469399a000-7f4693b99000 ---p 00003000 08:05 2772959                    /usr/local/processing-2.1.1/java/lib/amd64/libnpt.so
7f4693b99000-7f4693b9a000 rw-p 00002000 08:05 2772959                    /usr/local/processing-2.1.1/java/lib/amd64/libnpt.so
7f4693b9a000-7f4693bd3000 r-xp 00000000 08:05 2772944                    /usr/local/processing-2.1.1/java/lib/amd64/libjdwp.so
7f4693bd3000-7f4693dd3000 ---p 00039000 08:05 2772944                    /usr/local/processing-2.1.1/java/lib/amd64/libjdwp.so
7f4693dd3000-7f4693dd4000 rw-p 00039000 08:05 2772944                    /usr/local/processing-2.1.1/java/lib/amd64/libjdwp.so
7f4693dd4000-7f4693dd5000 rw-p 00000000 00:00 0 
7f4693dd5000-7f4693dfe000 r-xp 00000000 08:05 2772968                    /usr/local/processing-2.1.1/java/lib/amd64/libjava.so
7f4693dfe000-7f4693ffe000 ---p 00029000 08:05 2772968                    /usr/local/processing-2.1.1/java/lib/amd64/libjava.so
7f4693ffe000-7f4694000000 rw-p 00029000 08:05 2772968                    /usr/local/processing-2.1.1/java/lib/amd64/libjava.so
7f4694000000-7f4694251000 rw-p 00000000 00:00 0 
7f4694251000-7f4698000000 ---p 00000000 00:00 0 
7f4698000000-7f4698004000 r--s 0000e000 08:05 2734171                    /usr/local/processing-2.1.1/lib/jdi.jar
7f4698004000-7f4698024000 r--s 002c6000 08:05 2734272                    /usr/local/processing-2.1.1/core/library/jogl-all.jar
7f4698024000-7f469807e000 rw-p 00000000 00:00 0 
7f469807e000-7f4698096000 rw-p 00000000 00:00 0 
7f4698096000-7f46980ba000 rw-p 00000000 00:00 0 
7f46980ba000-7f46981ca000 rw-p 00000000 00:00 0 
7f46981ca000-7f46981d7000 r-xp 00000000 08:05 2772961                    /usr/local/processing-2.1.1/java/lib/amd64/libverify.so
7f46981d7000-7f46983d6000 ---p 0000d000 08:05 2772961                    /usr/local/processing-2.1.1/java/lib/amd64/libverify.so
7f46983d6000-7f46983d8000 rw-p 0000c000 08:05 2772961                    /usr/local/processing-2.1.1/java/lib/amd64/libverify.so
7f46983d8000-7f46983df000 r-xp 00000000 08:05 1052467                    /lib/x86_64-linux-gnu/librt-2.15.so
7f46983df000-7f46985de000 ---p 00007000 08:05 1052467                    /lib/x86_64-linux-gnu/librt-2.15.so
7f46985de000-7f46985df000 r--p 00006000 08:05 1052467                    /lib/x86_64-linux-gnu/librt-2.15.so
7f46985df000-7f46985e0000 rw-p 00007000 08:05 1052467                    /lib/x86_64-linux-gnu/librt-2.15.so
7f46985e0000-7f46986db000 r-xp 00000000 08:05 1058822                    /lib/x86_64-linux-gnu/libm-2.15.so
7f46986db000-7f46988da000 ---p 000fb000 08:05 1058822                    /lib/x86_64-linux-gnu/libm-2.15.so
7f46988da000-7f46988db000 r--p 000fa000 08:05 1058822                    /lib/x86_64-linux-gnu/libm-2.15.so
7f46988db000-7f46988dc000 rw-p 000fb000 08:05 1058822                    /lib/x86_64-linux-gnu/libm-2.15.so
7f46988dc000-7f469943e000 r-xp 00000000 08:05 2772975                    /usr/local/processing-2.1.1/java/lib/amd64/server/libjvm.so
7f469943e000-7f469963e000 ---p 00b62000 08:05 2772975                    /usr/local/processing-2.1.1/java/lib/amd64/server/libjvm.so
7f469963e000-7f4699701000 rw-p 00b62000 08:05 2772975                    /usr/local/processing-2.1.1/java/lib/amd64/server/libjvm.so
7f4699701000-7f4699742000 rw-p 00000000 00:00 0 
7f4699742000-7f46998f7000 r-xp 00000000 08:05 1049488                    /lib/x86_64-linux-gnu/libc-2.15.so
7f46998f7000-7f4699af7000 ---p 001b5000 08:05 1049488                    /lib/x86_64-linux-gnu/libc-2.15.so
7f4699af7000-7f4699afb000 r--p 001b5000 08:05 1049488                    /lib/x86_64-linux-gnu/libc-2.15.so
7f4699afb000-7f4699afd000 rw-p 001b9000 08:05 1049488                    /lib/x86_64-linux-gnu/libc-2.15.so
7f4699afd000-7f4699b02000 rw-p 00000000 00:00 0 
7f4699b02000-7f4699b04000 r-xp 00000000 08:05 1059543                    /lib/x86_64-linux-gnu/libdl-2.15.so
7f4699b04000-7f4699d04000 ---p 00002000 08:05 1059543                    /lib/x86_64-linux-gnu/libdl-2.15.so
7f4699d04000-7f4699d05000 r--p 00002000 08:05 1059543                    /lib/x86_64-linux-gnu/libdl-2.15.so
7f4699d05000-7f4699d06000 rw-p 00003000 08:05 1059543                    /lib/x86_64-linux-gnu/libdl-2.15.so
7f4699d06000-7f4699d1c000 r-xp 00000000 08:05 2772981                    /usr/local/processing-2.1.1/java/lib/amd64/jli/libjli.so
7f4699d1c000-7f4699f1c000 ---p 00016000 08:05 2772981                    /usr/local/processing-2.1.1/java/lib/amd64/jli/libjli.so
7f4699f1c000-7f4699f1d000 rw-p 00016000 08:05 2772981                    /usr/local/processing-2.1.1/java/lib/amd64/jli/libjli.so
7f4699f1d000-7f4699f35000 r-xp 00000000 08:05 1054120                    /lib/x86_64-linux-gnu/libpthread-2.15.so
7f4699f35000-7f469a134000 ---p 00018000 08:05 1054120                    /lib/x86_64-linux-gnu/libpthread-2.15.so
7f469a134000-7f469a135000 r--p 00017000 08:05 1054120                    /lib/x86_64-linux-gnu/libpthread-2.15.so
7f469a135000-7f469a136000 rw-p 00018000 08:05 1054120                    /lib/x86_64-linux-gnu/libpthread-2.15.so
7f469a136000-7f469a13a000 rw-p 00000000 00:00 0 
7f469a13a000-7f469a15c000 r-xp 00000000 08:05 1059120                    /lib/x86_64-linux-gnu/ld-2.15.so
7f469a15c000-7f469a15d000 r--p 00000000 00:00 0 
7f469a15d000-7f469a15f000 r--s 00002000 08:05 2734255                    /usr/local/processing-2.1.1/lib/ant-launcher.jar
7f469a15f000-7f469a160000 r--s 00005000 08:03 23718                      /media/Data/processing/libraries/SimpleOpenNI/library/SimpleOpenNI.jar
7f469a160000-7f469a161000 r--s 00001000 08:05 2734278                    /usr/local/processing-2.1.1/core/library/gluegen-rt-natives-macosx-universal.jar
7f469a161000-7f469a167000 r--s 0003d000 08:05 2734274                    /usr/local/processing-2.1.1/core/library/gluegen-rt.jar
7f469a167000-7f469a168000 r--s 00031000 08:05 2734277                    /usr/local/processing-2.1.1/core/library/jogl-all-natives-linux-amd64.jar
7f469a168000-7f469a169000 r--s 00000000 08:05 2734275                    /usr/local/processing-2.1.1/core/library/gluegen-rt-natives-linux-armv6hf.jar
7f469a169000-7f469a16a000 r--s 00034000 08:05 2734281                    /usr/local/processing-2.1.1/core/library/jogl-all-natives-windows-amd64.jar
7f469a16a000-7f469a16b000 r--s 00001000 08:05 2734280                    /usr/local/processing-2.1.1/core/library/gluegen-rt-natives-windows-amd64.jar
7f469a16b000-7f469a16c000 r--s 00001000 08:05 2734271                    /usr/local/processing-2.1.1/core/library/gluegen-rt-natives-windows-i586.jar
7f469a16c000-7f469a170000 r--s 00097000 08:05 2734282                    /usr/local/processing-2.1.1/core/library/core.jar
7f469a170000-7f469a17a000 rw-p 00000000 00:00 0 
7f469a17a000-7f469a230000 rw-p 00000000 00:00 0 
7f469a230000-7f469a233000 ---p 00000000 00:00 0 
7f469a233000-7f469a335000 rw-p 00000000 00:00 0 
7f469a335000-7f469a336000 r--s 00062000 08:05 2734267                    /usr/local/processing-2.1.1/core/library/jogl-all-natives-macosx-universal.jar
7f469a336000-7f469a337000 r--s 0002d000 08:05 2734269                    /usr/local/processing-2.1.1/core/library/jogl-all-natives-windows-i586.jar
7f469a337000-7f469a338000 r--s 00000000 08:05 2734270                    /usr/local/processing-2.1.1/core/library/gluegen-rt-natives-linux-i586.jar
7f469a338000-7f469a339000 r--s 00000000 08:05 2734273                    /usr/local/processing-2.1.1/core/library/gluegen-rt-natives-linux-amd64.jar
7f469a339000-7f469a33a000 r--s 00030000 08:05 2734276                    /usr/local/processing-2.1.1/core/library/jogl-all-natives-linux-i586.jar
7f469a33a000-7f469a33b000 r--s 00022000 08:05 2734279                    /usr/local/processing-2.1.1/core/library/jogl-all-natives-linux-armv6hf.jar
7f469a33b000-7f469a350000 rw-p 00000000 00:00 0 
7f469a350000-7f469a358000 rw-s 00000000 08:05 405267                     /tmp/hsperfdata_ewe/5252
7f469a358000-7f469a359000 rw-p 00000000 00:00 0 
7f469a359000-7f469a35a000 r--p 00000000 00:00 0 
7f469a35a000-7f469a35c000 rw-p 00000000 00:00 0 
7f469a35c000-7f469a35d000 r--p 00022000 08:05 1059120                    /lib/x86_64-linux-gnu/ld-2.15.so
7f469a35d000-7f469a35f000 rw-p 00023000 08:05 1059120                    /lib/x86_64-linux-gnu/ld-2.15.so
7fff98cb9000-7fff98cdb000 rw-p 00000000 00:00 0                          [stack]
7fff98ce3000-7fff98ce4000 r-xp 00000000 00:00 0                          [vdso]
ffffffffff600000-ffffffffff601000 r-xp 00000000 00:00 0                  [vsyscall]

VM Arguments:
jvm_args: -agentlib:jdwp=transport=dt_socket,address=8034,server=y,suspend=y -Djava.library.path=:/media/Data/processing/libraries/SimpleOpenNI/library/linux64:/usr/java/packages/lib/amd64:/usr/lib64:/lib64:/lib:/usr/lib -ea 
java_command: processing.core.PApplet --display=1 sedakinect --sketch-path=/media/Data/processing/danza/senalDeAjuste/sedakinect
Launcher Type: SUN_STANDARD

Environment Variables:
CLASSPATH=/usr/local/processing-2.1.1/java/lib/rt.jar:/usr/local/processing-2.1.1/lib/ant-launcher.jar:/usr/local/processing-2.1.1/lib/ant.jar:/usr/local/processing-2.1.1/lib/antlr.jar:/usr/local/processing-2.1.1/lib/com.ibm.icu_4.4.2.v20110823.jar:/usr/local/processing-2.1.1/lib/jdi.jar:/usr/local/processing-2.1.1/lib/jdimodel.jar:/usr/local/processing-2.1.1/lib/jna.jar:/usr/local/processing-2.1.1/lib/org-netbeans-swing-outline.jar:/usr/local/processing-2.1.1/lib/org.eclipse.osgi_3.8.1.v20120830-144521.jar:/usr/local/processing-2.1.1/lib/pde.jar:/usr/local/processing-2.1.1/core/library/core.jar:/usr/local/processing-2.1.1/core/library/gluegen-rt-natives-linux-amd64.jar:/usr/local/processing-2.1.1/core/library/gluegen-rt-natives-linux-armv6hf.jar:/usr/local/processing-2.1.1/core/library/gluegen-rt-natives-linux-i586.jar:/usr/local/processing-2.1.1/core/library/gluegen-rt-natives-macosx-universal.jar:/usr/local/processing-2.1.1/core/library/gluegen-rt-natives-windows-amd64.jar:/usr/local/processing-2.1.1/core/library/gluegen-rt-natives-windows-i586.jar:/usr/local/processing-2.1.1/core/library/gluegen-rt.jar:/usr/local/processing-2.1.1/core/library/jogl-all-natives-linux-amd64.jar:/usr/local/processing-2.1.1/core/library/jogl-all-natives-linux-armv6hf.jar:/usr/local/processing-2.1.1/core/library/jogl-all-natives-linux-i586.jar:/usr/local/processing-2.1.1/core/library/jogl-all-natives-macosx-universal.jar:/usr/local/processing-2.1.1/core/library/jogl-all-natives-windows-amd64.jar:/usr/local/processing-2.1.1/core/library/jogl-all-natives-windows-i586.jar:/usr/local/processing-2.1.1/core/library/jogl-all.jar
PATH=/usr/local/processing-2.1.1/java/bin:/usr/lib/lightdm/lightdm:/usr/local/sbin:/usr/local/bin:/usr/sbin:/usr/bin:/sbin:/bin:/usr/games
SHELL=/bin/bash
DISPLAY=:0

Signal Handlers:
SIGSEGV: [libjvm.so+0x992d50], sa_mask[0]=0x7ffbfeff, sa_flags=0x10000004
SIGBUS: [libjvm.so+0x992d50], sa_mask[0]=0x7ffbfeff, sa_flags=0x10000004
SIGFPE: [libjvm.so+0x80fb00], sa_mask[0]=0x7ffbfeff, sa_flags=0x10000004
SIGPIPE: [libjvm.so+0x80fb00], sa_mask[0]=0x7ffbfeff, sa_flags=0x10000004
SIGXFSZ: [libjvm.so+0x80fb00], sa_mask[0]=0x7ffbfeff, sa_flags=0x10000004
SIGILL: [libjvm.so+0x80fb00], sa_mask[0]=0x7ffbfeff, sa_flags=0x10000004
SIGUSR1: SIG_DFL, sa_mask[0]=0x00000000, sa_flags=0x00000000
SIGUSR2: [libjvm.so+0x810ff0], sa_mask[0]=0x00000004, sa_flags=0x10000004
SIGHUP: [libjvm.so+0x811f60], sa_mask[0]=0x7ffbfeff, sa_flags=0x10000004
SIGINT: [libjvm.so+0x811f60], sa_mask[0]=0x7ffbfeff, sa_flags=0x10000004
SIGTERM: [libjvm.so+0x811f60], sa_mask[0]=0x7ffbfeff, sa_flags=0x10000004
SIGQUIT: [libjvm.so+0x811f60], sa_mask[0]=0x7ffbfeff, sa_flags=0x10000004


---------------  S Y S T E M  ---------------

OS:wheezy/sid

uname:Linux 3.2.0-52-generic #78-Ubuntu SMP Fri Jul 26 16:21:44 UTC 2013 x86_64
libc:glibc 2.15 NPTL 2.15 
rlimit: STACK 8192k, CORE 0k, NPROC 29318, NOFILE 4096, AS infinity
load average:2.35 1.19 0.65

/proc/meminfo:
MemTotal:        3770424 kB
MemFree:          412196 kB
Buffers:          495708 kB
Cached:          1010676 kB
SwapCached:            0 kB
Active:          2037696 kB
Inactive:         973024 kB
Active(anon):    1505172 kB
Inactive(anon):     8176 kB
Active(file):     532524 kB
Inactive(file):   964848 kB
Unevictable:          32 kB
Mlocked:              32 kB
SwapTotal:       1950716 kB
SwapFree:        1950716 kB
Dirty:               252 kB
Writeback:             0 kB
AnonPages:       1504392 kB
Mapped:           221504 kB
Shmem:              9000 kB
Slab:             214292 kB
SReclaimable:     182992 kB
SUnreclaim:        31300 kB
KernelStack:        4152 kB
PageTables:        40012 kB
NFS_Unstable:          0 kB
Bounce:                0 kB
WritebackTmp:          0 kB
CommitLimit:     3835928 kB
Committed_AS:    5134980 kB
VmallocTotal:   34359738367 kB
VmallocUsed:       94204 kB
VmallocChunk:   34359640444 kB
HardwareCorrupted:     0 kB
AnonHugePages:         0 kB
HugePages_Total:       0
HugePages_Free:        0
HugePages_Rsvd:        0
HugePages_Surp:        0
Hugepagesize:       2048 kB
DirectMap4k:       56320 kB
DirectMap2M:     2809856 kB
DirectMap1G:     1048576 kB


CPU:total 2 (2 cores per cpu, 1 threads per core) family 20 model 2 stepping 0, cmov, cx8, fxsr, mmx, sse, sse2, sse3, ssse3, popcnt, mmxext, lzcnt, sse4a, tsc, tscinvbit, tscinv

/proc/cpuinfo:
processor	: 0
vendor_id	: AuthenticAMD
cpu family	: 20
model		: 2
model name	: AMD C-60 APU with Radeon(tm) HD Graphics
stepping	: 0
microcode	: 0x5000101
cpu MHz		: 800.000
cache size	: 512 KB
physical id	: 0
siblings	: 2
core id		: 0
cpu cores	: 2
apicid		: 0
initial apicid	: 0
fpu		: yes
fpu_exception	: yes
cpuid level	: 6
wp		: yes
flags		: fpu vme de pse tsc msr pae mce cx8 apic sep mtrr pge mca cmov pat pse36 clflush mmx fxsr sse sse2 ht syscall nx mmxext fxsr_opt pdpe1gb rdtscp lm constant_tsc rep_good nopl nonstop_tsc extd_apicid aperfmperf pni monitor ssse3 cx16 popcnt lahf_lm cmp_legacy svm extapic cr8_legacy abm sse4a misalignsse 3dnowprefetch ibs skinit wdt arat cpb npt lbrv svm_lock nrip_save pausefilter
bogomips	: 1995.03
TLB size	: 1024 4K pages
clflush size	: 64
cache_alignment	: 64
address sizes	: 36 bits physical, 48 bits virtual
power management: ts ttp tm stc 100mhzsteps hwpstate cpb

processor	: 1
vendor_id	: AuthenticAMD
cpu family	: 20
model		: 2
model name	: AMD C-60 APU with Radeon(tm) HD Graphics
stepping	: 0
microcode	: 0x5000101
cpu MHz		: 800.000
cache size	: 512 KB
physical id	: 0
siblings	: 2
core id		: 1
cpu cores	: 2
apicid		: 1
initial apicid	: 1
fpu		: yes
fpu_exception	: yes
cpuid level	: 6
wp		: yes
flags		: fpu vme de pse tsc msr pae mce cx8 apic sep mtrr pge mca cmov pat pse36 clflush mmx fxsr sse sse2 ht syscall nx mmxext fxsr_opt pdpe1gb rdtscp lm constant_tsc rep_good nopl nonstop_tsc extd_apicid aperfmperf pni monitor ssse3 cx16 popcnt lahf_lm cmp_legacy svm extapic cr8_legacy abm sse4a misalignsse 3dnowprefetch ibs skinit wdt arat cpb npt lbrv svm_lock nrip_save pausefilter
bogomips	: 1995.01
TLB size	: 1024 4K pages
clflush size	: 64
cache_alignment	: 64
address sizes	: 36 bits physical, 48 bits virtual
power management: ts ttp tm stc 100mhzsteps hwpstate cpb



Memory: 4k page, physical 3770424k(412196k free), swap 1950716k(1950716k free)

vm_info: Java HotSpot(TM) 64-Bit Server VM (24.0-b56) for linux-amd64 JRE (1.7.0_40-b43), built on Aug 26 2013 23:53:33 by "java_re" with gcc 4.3.0 20080428 (Red Hat 4.3.0-8)

time: Fri Aug  1 20:53:30 2014
elapsed time: 168 seconds

